<?xml version="1.0" encoding="utf-8"?>
<CoverageSession xmlns:xsd="http://www.w3.org/2001/XMLSchema" xmlns:xsi="http://www.w3.org/2001/XMLSchema-instance" Version="0.0.0.0">
  <Summary numSequencePoints="675" visitedSequencePoints="0" numBranchPoints="0" visitedBranchPoints="0" sequenceCoverage="0.0" branchCoverage="0.0" maxCyclomaticComplexity="0" minCyclomaticComplexity="0" maxCrapScore="0" minCrapScore="0" visitedClasses="0" numClasses="10" visitedMethods="0" numMethods="96" />
  <Modules>
    <Module>
      <Summary numSequencePoints="38" visitedSequencePoints="0" numBranchPoints="0" visitedBranchPoints="0" sequenceCoverage="0.0" branchCoverage="0.0" maxCyclomaticComplexity="0" minCyclomaticComplexity="0" maxCrapScore="0" minCrapScore="0" visitedClasses="0" numClasses="1" visitedMethods="0" numMethods="5" />
      <ModuleTime>0001-01-01T00:00:00</ModuleTime>
      <ModuleName>Assembly-CSharp-Editor</ModuleName>
      <Files>
        <File uid="1" fullPath="/Users/artemakulov/Study/2 course/2 sem/Unity/Labs/Assets/_Source/Tests/Editor/GameTests.cs" />
      </Files>
      <Classes>
        <Class>
          <Summary numSequencePoints="38" visitedSequencePoints="0" numBranchPoints="0" visitedBranchPoints="0" sequenceCoverage="0.0" branchCoverage="0.0" maxCyclomaticComplexity="0" minCyclomaticComplexity="0" maxCrapScore="0" minCrapScore="0" visitedClasses="0" numClasses="1" visitedMethods="0" numMethods="5" />
          <FullName>GameTests</FullName>
          <Methods>
            <Method visited="false" cyclomaticComplexity="0" nPathComplexity="0" sequenceCoverage="0.0" branchCoverage="0" crapScore="0" isConstructor="false" isStatic="false" isGetter="false" isSetter="false">
              <Summary numSequencePoints="16" visitedSequencePoints="0" numBranchPoints="0" visitedBranchPoints="0" sequenceCoverage="0.0" branchCoverage="0" maxCyclomaticComplexity="0" minCyclomaticComplexity="0" maxCrapScore="0" minCrapScore="0" visitedClasses="0" numClasses="0" visitedMethods="0" numMethods="1" />
              <MetadataToken>100663297</MetadataToken>
              <Name>System.Void GameTests::Setup()</Name>
              <FileRef uid="1" />
              <SequencePoints>
                <SequencePoint vc="0" uspid="1351" ordinal="0" offset="0" sl="14" sc="5" el="14" ec="5" bec="0" bev="0" fileid="1" />
                <SequencePoint vc="0" uspid="1352" ordinal="0" offset="1" sl="16" sc="9" el="16" ec="9" bec="0" bev="0" fileid="1" />
                <SequencePoint vc="0" uspid="1353" ordinal="0" offset="9" sl="19" sc="9" el="19" ec="9" bec="0" bev="0" fileid="1" />
                <SequencePoint vc="0" uspid="1354" ordinal="0" offset="20" sl="20" sc="9" el="20" ec="9" bec="0" bev="0" fileid="1" />
                <SequencePoint vc="0" uspid="1355" ordinal="0" offset="32" sl="22" sc="9" el="22" ec="9" bec="0" bev="0" fileid="1" />
                <SequencePoint vc="0" uspid="1356" ordinal="0" offset="39" sl="23" sc="9" el="23" ec="9" bec="0" bev="0" fileid="1" />
                <SequencePoint vc="0" uspid="1357" ordinal="0" offset="55" sl="24" sc="9" el="24" ec="9" bec="0" bev="0" fileid="1" />
                <SequencePoint vc="0" uspid="1358" ordinal="0" offset="71" sl="26" sc="9" el="26" ec="9" bec="0" bev="0" fileid="1" />
                <SequencePoint vc="0" uspid="1359" ordinal="0" offset="83" sl="27" sc="9" el="27" ec="9" bec="0" bev="0" fileid="1" />
                <SequencePoint vc="0" uspid="1360" ordinal="0" offset="95" sl="28" sc="9" el="28" ec="9" bec="0" bev="0" fileid="1" />
                <SequencePoint vc="0" uspid="1361" ordinal="0" offset="107" sl="30" sc="9" el="30" ec="9" bec="0" bev="0" fileid="1" />
                <SequencePoint vc="0" uspid="1362" ordinal="0" offset="119" sl="31" sc="9" el="31" ec="9" bec="0" bev="0" fileid="1" />
                <SequencePoint vc="0" uspid="1363" ordinal="0" offset="135" sl="32" sc="9" el="32" ec="9" bec="0" bev="0" fileid="1" />
                <SequencePoint vc="0" uspid="1364" ordinal="0" offset="151" sl="33" sc="9" el="33" ec="9" bec="0" bev="0" fileid="1" />
                <SequencePoint vc="0" uspid="1365" ordinal="0" offset="163" sl="35" sc="9" el="35" ec="9" bec="0" bev="0" fileid="1" />
                <SequencePoint vc="0" uspid="1366" ordinal="0" offset="175" sl="36" sc="5" el="36" ec="5" bec="0" bev="0" fileid="1" />
              </SequencePoints>
              <BranchPoints />
            </Method>
            <Method visited="false" cyclomaticComplexity="0" nPathComplexity="0" sequenceCoverage="0.0" branchCoverage="0" crapScore="0" isConstructor="false" isStatic="false" isGetter="false" isSetter="false">
              <Summary numSequencePoints="5" visitedSequencePoints="0" numBranchPoints="0" visitedBranchPoints="0" sequenceCoverage="0.0" branchCoverage="0" maxCyclomaticComplexity="0" minCyclomaticComplexity="0" maxCrapScore="0" minCrapScore="0" visitedClasses="0" numClasses="0" visitedMethods="0" numMethods="1" />
              <MetadataToken>100663298</MetadataToken>
              <Name>System.Void GameTests::EmptyTest()</Name>
              <FileRef uid="1" />
              <SequencePoints>
                <SequencePoint vc="0" uspid="1367" ordinal="0" offset="0" sl="40" sc="0" el="40" ec="0" bec="0" bev="0" fileid="1" />
                <SequencePoint vc="0" uspid="1368" ordinal="0" offset="1" sl="41" sc="0" el="41" ec="0" bec="0" bev="0" fileid="1" />
                <SequencePoint vc="0" uspid="1369" ordinal="0" offset="3" sl="42" sc="0" el="42" ec="0" bec="0" bev="0" fileid="1" />
                <SequencePoint vc="0" uspid="1370" ordinal="0" offset="5" sl="43" sc="0" el="43" ec="0" bec="0" bev="0" fileid="1" />
                <SequencePoint vc="0" uspid="1371" ordinal="0" offset="25" sl="44" sc="0" el="44" ec="0" bec="0" bev="0" fileid="1" />
              </SequencePoints>
              <BranchPoints />
            </Method>
            <Method visited="false" cyclomaticComplexity="0" nPathComplexity="0" sequenceCoverage="0.0" branchCoverage="0" crapScore="0" isConstructor="false" isStatic="false" isGetter="false" isSetter="false">
              <Summary numSequencePoints="3" visitedSequencePoints="0" numBranchPoints="0" visitedBranchPoints="0" sequenceCoverage="0.0" branchCoverage="0" maxCyclomaticComplexity="0" minCyclomaticComplexity="0" maxCrapScore="0" minCrapScore="0" visitedClasses="0" numClasses="0" visitedMethods="0" numMethods="1" />
              <MetadataToken>100663299</MetadataToken>
              <Name>System.Void GameTests::TestFieldIsNotNull()</Name>
              <FileRef uid="1" />
              <SequencePoints>
                <SequencePoint vc="0" uspid="1372" ordinal="0" offset="0" sl="48" sc="0" el="48" ec="0" bec="0" bev="0" fileid="1" />
                <SequencePoint vc="0" uspid="1373" ordinal="0" offset="1" sl="49" sc="0" el="49" ec="0" bec="0" bev="0" fileid="1" />
                <SequencePoint vc="0" uspid="1374" ordinal="0" offset="13" sl="50" sc="0" el="50" ec="0" bec="0" bev="0" fileid="1" />
              </SequencePoints>
              <BranchPoints />
            </Method>
            <Method visited="false" cyclomaticComplexity="0" nPathComplexity="0" sequenceCoverage="0.0" branchCoverage="0" crapScore="0" isConstructor="false" isStatic="false" isGetter="false" isSetter="false">
              <Summary numSequencePoints="6" visitedSequencePoints="0" numBranchPoints="0" visitedBranchPoints="0" sequenceCoverage="0.0" branchCoverage="0" maxCyclomaticComplexity="0" minCyclomaticComplexity="0" maxCrapScore="0" minCrapScore="0" visitedClasses="0" numClasses="0" visitedMethods="0" numMethods="1" />
              <MetadataToken>100663300</MetadataToken>
              <Name>System.Void GameTests::SetTest()</Name>
              <FileRef uid="1" />
              <SequencePoints>
                <SequencePoint vc="0" uspid="1375" ordinal="0" offset="0" sl="54" sc="0" el="54" ec="0" bec="0" bev="0" fileid="1" />
                <SequencePoint vc="0" uspid="1376" ordinal="0" offset="1" sl="55" sc="0" el="55" ec="0" bec="0" bev="0" fileid="1" />
                <SequencePoint vc="0" uspid="1377" ordinal="0" offset="20" sl="63" sc="0" el="63" ec="0" bec="0" bev="0" fileid="1" />
                <SequencePoint vc="0" uspid="1378" ordinal="0" offset="33" sl="67" sc="0" el="67" ec="0" bec="0" bev="0" fileid="1" />
                <SequencePoint vc="0" uspid="1379" ordinal="0" offset="45" sl="69" sc="0" el="69" ec="0" bec="0" bev="0" fileid="1" />
                <SequencePoint vc="0" uspid="1380" ordinal="0" offset="53" sl="70" sc="0" el="70" ec="0" bec="0" bev="0" fileid="1" />
              </SequencePoints>
              <BranchPoints />
            </Method>
            <Method visited="false" cyclomaticComplexity="0" nPathComplexity="0" sequenceCoverage="0.0" branchCoverage="0" crapScore="0" isConstructor="false" isStatic="false" isGetter="false" isSetter="false">
              <Summary numSequencePoints="8" visitedSequencePoints="0" numBranchPoints="0" visitedBranchPoints="0" sequenceCoverage="0.0" branchCoverage="0" maxCyclomaticComplexity="0" minCyclomaticComplexity="0" maxCrapScore="0" minCrapScore="0" visitedClasses="0" numClasses="0" visitedMethods="0" numMethods="1" />
              <MetadataToken>100663301</MetadataToken>
              <Name>System.Void GameTests::MovementTest()</Name>
              <FileRef uid="1" />
              <SequencePoints>
                <SequencePoint vc="0" uspid="1381" ordinal="0" offset="0" sl="78" sc="5" el="78" ec="5" bec="0" bev="0" fileid="1" />
                <SequencePoint vc="0" uspid="1382" ordinal="0" offset="1" sl="79" sc="9" el="79" ec="9" bec="0" bev="0" fileid="1" />
                <SequencePoint vc="0" uspid="1383" ordinal="0" offset="20" sl="87" sc="9" el="87" ec="9" bec="0" bev="0" fileid="1" />
                <SequencePoint vc="0" uspid="1384" ordinal="0" offset="33" sl="91" sc="9" el="91" ec="9" bec="0" bev="0" fileid="1" />
                <SequencePoint vc="0" uspid="1385" ordinal="0" offset="50" sl="93" sc="9" el="93" ec="9" bec="0" bev="0" fileid="1" />
                <SequencePoint vc="0" uspid="1386" ordinal="0" offset="62" sl="95" sc="9" el="95" ec="9" bec="0" bev="0" fileid="1" />
                <SequencePoint vc="0" uspid="1387" ordinal="0" offset="81" sl="103" sc="9" el="103" ec="9" bec="0" bev="0" fileid="1" />
                <SequencePoint vc="0" uspid="1388" ordinal="0" offset="89" sl="104" sc="5" el="104" ec="5" bec="0" bev="0" fileid="1" />
              </SequencePoints>
              <BranchPoints />
            </Method>
          </Methods>
        </Class>
      </Classes>
    </Module>
    <Module>
      <Summary numSequencePoints="637" visitedSequencePoints="0" numBranchPoints="0" visitedBranchPoints="0" sequenceCoverage="0.0" branchCoverage="0.0" maxCyclomaticComplexity="0" minCyclomaticComplexity="0" maxCrapScore="0" minCrapScore="0" visitedClasses="0" numClasses="9" visitedMethods="0" numMethods="91" />
      <ModuleTime>0001-01-01T00:00:00</ModuleTime>
      <ModuleName>Assembly-CSharp</ModuleName>
      <Files>
        <File uid="2" fullPath="/Users/artemakulov/Study/2 course/2 sem/Unity/Labs/Assets/_Source/_Core/Actions/GameInput.cs" />
        <File uid="3" fullPath="/Users/artemakulov/Study/2 course/2 sem/Unity/Labs/Assets/_Source/_Core/Objects/Cell.cs" />
        <File uid="4" fullPath="/Users/artemakulov/Study/2 course/2 sem/Unity/Labs/Assets/_Source/_Core/Objects/CellView.cs" />
        <File uid="5" fullPath="/Users/artemakulov/Study/2 course/2 sem/Unity/Labs/Assets/_Source/_Core/Singletons/ColorManager.cs" />
        <File uid="6" fullPath="/Users/artemakulov/Study/2 course/2 sem/Unity/Labs/Assets/_Source/_Core/Singletons/Field.cs" />
        <File uid="7" fullPath="/Users/artemakulov/Study/2 course/2 sem/Unity/Labs/Assets/_Source/_Core/Singletons/GameControlller.cs" />
        <File uid="8" fullPath="/Users/artemakulov/Study/2 course/2 sem/Unity/Labs/Assets/_Source/_Core/Singletons/InputController.cs" />
        <File uid="9" fullPath="/Users/artemakulov/Study/2 course/2 sem/Unity/Labs/Assets/_Source/_Core/Singletons/SaveLoadManager.cs" />
      </Files>
      <Classes>
        <Class>
          <Summary numSequencePoints="46" visitedSequencePoints="0" numBranchPoints="0" visitedBranchPoints="0" sequenceCoverage="0.0" branchCoverage="0.0" maxCyclomaticComplexity="0" minCyclomaticComplexity="0" maxCrapScore="0" minCrapScore="0" visitedClasses="0" numClasses="1" visitedMethods="0" numMethods="18" />
          <FullName>GameInput</FullName>
          <Methods>
            <Method visited="false" cyclomaticComplexity="0" nPathComplexity="0" sequenceCoverage="0.0" branchCoverage="0" crapScore="0" isConstructor="false" isStatic="false" isGetter="true" isSetter="false">
              <Summary numSequencePoints="1" visitedSequencePoints="0" numBranchPoints="0" visitedBranchPoints="0" sequenceCoverage="0.0" branchCoverage="0" maxCyclomaticComplexity="0" minCyclomaticComplexity="0" maxCrapScore="0" minCrapScore="0" visitedClasses="0" numClasses="0" visitedMethods="0" numMethods="1" />
              <MetadataToken>100663297</MetadataToken>
              <Name>UnityEngine.InputSystem.InputActionAsset GameInput::get_asset()</Name>
              <FileRef uid="2" />
              <SequencePoints>
                <SequencePoint vc="0" uspid="1389" ordinal="0" offset="0" sl="20" sc="0" el="20" ec="0" bec="0" bev="0" fileid="2" />
              </SequencePoints>
              <BranchPoints />
            </Method>
            <Method visited="false" cyclomaticComplexity="0" nPathComplexity="0" sequenceCoverage="0.0" branchCoverage="0" crapScore="0" isConstructor="false" isStatic="false" isGetter="false" isSetter="false">
              <Summary numSequencePoints="5" visitedSequencePoints="0" numBranchPoints="0" visitedBranchPoints="0" sequenceCoverage="0.0" branchCoverage="0" maxCyclomaticComplexity="0" minCyclomaticComplexity="0" maxCrapScore="0" minCrapScore="0" visitedClasses="0" numClasses="0" visitedMethods="0" numMethods="1" />
              <MetadataToken>100663299</MetadataToken>
              <Name>System.Void GameInput::Finalize()</Name>
              <FileRef uid="2" />
              <SequencePoints>
                <SequencePoint vc="0" uspid="1390" ordinal="0" offset="0" sl="204" sc="0" el="204" ec="0" bec="0" bev="0" fileid="2" />
                <SequencePoint vc="0" uspid="1391" ordinal="0" offset="1" sl="204" sc="0" el="204" ec="0" bec="0" bev="0" fileid="2" />
                <SequencePoint vc="0" uspid="1392" ordinal="0" offset="2" sl="205" sc="0" el="205" ec="0" bec="0" bev="0" fileid="2" />
                <SequencePoint vc="0" uspid="1393" ordinal="0" offset="29" sl="206" sc="0" el="206" ec="0" bec="0" bev="0" fileid="2" />
                <SequencePoint vc="0" uspid="1394" ordinal="0" offset="37" sl="206" sc="0" el="206" ec="0" bec="0" bev="0" fileid="2" />
              </SequencePoints>
              <BranchPoints />
            </Method>
            <Method visited="false" cyclomaticComplexity="0" nPathComplexity="0" sequenceCoverage="0.0" branchCoverage="0" crapScore="0" isConstructor="false" isStatic="false" isGetter="false" isSetter="false">
              <Summary numSequencePoints="3" visitedSequencePoints="0" numBranchPoints="0" visitedBranchPoints="0" sequenceCoverage="0.0" branchCoverage="0" maxCyclomaticComplexity="0" minCyclomaticComplexity="0" maxCrapScore="0" minCrapScore="0" visitedClasses="0" numClasses="0" visitedMethods="0" numMethods="1" />
              <MetadataToken>100663300</MetadataToken>
              <Name>System.Void GameInput::Dispose()</Name>
              <FileRef uid="2" />
              <SequencePoints>
                <SequencePoint vc="0" uspid="1395" ordinal="0" offset="0" sl="209" sc="0" el="209" ec="0" bec="0" bev="0" fileid="2" />
                <SequencePoint vc="0" uspid="1396" ordinal="0" offset="1" sl="210" sc="0" el="210" ec="0" bec="0" bev="0" fileid="2" />
                <SequencePoint vc="0" uspid="1397" ordinal="0" offset="13" sl="211" sc="0" el="211" ec="0" bec="0" bev="0" fileid="2" />
              </SequencePoints>
              <BranchPoints />
            </Method>
            <Method visited="false" cyclomaticComplexity="0" nPathComplexity="0" sequenceCoverage="0.0" branchCoverage="0" crapScore="0" isConstructor="false" isStatic="false" isGetter="true" isSetter="false">
              <Summary numSequencePoints="1" visitedSequencePoints="0" numBranchPoints="0" visitedBranchPoints="0" sequenceCoverage="0.0" branchCoverage="0" maxCyclomaticComplexity="0" minCyclomaticComplexity="0" maxCrapScore="0" minCrapScore="0" visitedClasses="0" numClasses="0" visitedMethods="0" numMethods="1" />
              <MetadataToken>100663301</MetadataToken>
              <Name>System.Nullable[InputBinding] GameInput::get_bindingMask()</Name>
              <FileRef uid="2" />
              <SequencePoints>
                <SequencePoint vc="0" uspid="1398" ordinal="0" offset="0" sl="215" sc="0" el="215" ec="0" bec="0" bev="0" fileid="2" />
              </SequencePoints>
              <BranchPoints />
            </Method>
            <Method visited="false" cyclomaticComplexity="0" nPathComplexity="0" sequenceCoverage="0.0" branchCoverage="0" crapScore="0" isConstructor="false" isStatic="false" isGetter="false" isSetter="true">
              <Summary numSequencePoints="1" visitedSequencePoints="0" numBranchPoints="0" visitedBranchPoints="0" sequenceCoverage="0.0" branchCoverage="0" maxCyclomaticComplexity="0" minCyclomaticComplexity="0" maxCrapScore="0" minCrapScore="0" visitedClasses="0" numClasses="0" visitedMethods="0" numMethods="1" />
              <MetadataToken>100663302</MetadataToken>
              <Name>System.Void GameInput::set_bindingMask(System.Nullable[InputBinding])</Name>
              <FileRef uid="2" />
              <SequencePoints>
                <SequencePoint vc="0" uspid="1399" ordinal="0" offset="0" sl="216" sc="0" el="216" ec="0" bec="0" bev="0" fileid="2" />
              </SequencePoints>
              <BranchPoints />
            </Method>
            <Method visited="false" cyclomaticComplexity="0" nPathComplexity="0" sequenceCoverage="0.0" branchCoverage="0" crapScore="0" isConstructor="false" isStatic="false" isGetter="true" isSetter="false">
              <Summary numSequencePoints="1" visitedSequencePoints="0" numBranchPoints="0" visitedBranchPoints="0" sequenceCoverage="0.0" branchCoverage="0" maxCyclomaticComplexity="0" minCyclomaticComplexity="0" maxCrapScore="0" minCrapScore="0" visitedClasses="0" numClasses="0" visitedMethods="0" numMethods="1" />
              <MetadataToken>100663303</MetadataToken>
              <Name>System.Nullable[ReadOnlyArray`1] GameInput::get_devices()</Name>
              <FileRef uid="2" />
              <SequencePoints>
                <SequencePoint vc="0" uspid="1400" ordinal="0" offset="0" sl="221" sc="0" el="221" ec="0" bec="0" bev="0" fileid="2" />
              </SequencePoints>
              <BranchPoints />
            </Method>
            <Method visited="false" cyclomaticComplexity="0" nPathComplexity="0" sequenceCoverage="0.0" branchCoverage="0" crapScore="0" isConstructor="false" isStatic="false" isGetter="false" isSetter="true">
              <Summary numSequencePoints="1" visitedSequencePoints="0" numBranchPoints="0" visitedBranchPoints="0" sequenceCoverage="0.0" branchCoverage="0" maxCyclomaticComplexity="0" minCyclomaticComplexity="0" maxCrapScore="0" minCrapScore="0" visitedClasses="0" numClasses="0" visitedMethods="0" numMethods="1" />
              <MetadataToken>100663304</MetadataToken>
              <Name>System.Void GameInput::set_devices(System.Nullable[ReadOnlyArray`1])</Name>
              <FileRef uid="2" />
              <SequencePoints>
                <SequencePoint vc="0" uspid="1401" ordinal="0" offset="0" sl="222" sc="0" el="222" ec="0" bec="0" bev="0" fileid="2" />
              </SequencePoints>
              <BranchPoints />
            </Method>
            <Method visited="false" cyclomaticComplexity="0" nPathComplexity="0" sequenceCoverage="0.0" branchCoverage="0" crapScore="0" isConstructor="false" isStatic="false" isGetter="true" isSetter="false">
              <Summary numSequencePoints="1" visitedSequencePoints="0" numBranchPoints="0" visitedBranchPoints="0" sequenceCoverage="0.0" branchCoverage="0" maxCyclomaticComplexity="0" minCyclomaticComplexity="0" maxCrapScore="0" minCrapScore="0" visitedClasses="0" numClasses="0" visitedMethods="0" numMethods="1" />
              <MetadataToken>100663305</MetadataToken>
              <Name>UnityEngine.InputSystem.Utilities.ReadOnlyArray[InputControlScheme] GameInput::get_controlSchemes()</Name>
              <FileRef uid="2" />
              <SequencePoints>
                <SequencePoint vc="0" uspid="1402" ordinal="0" offset="0" sl="225" sc="0" el="225" ec="0" bec="0" bev="0" fileid="2" />
              </SequencePoints>
              <BranchPoints />
            </Method>
            <Method visited="false" cyclomaticComplexity="0" nPathComplexity="0" sequenceCoverage="0.0" branchCoverage="0" crapScore="0" isConstructor="false" isStatic="false" isGetter="false" isSetter="false">
              <Summary numSequencePoints="3" visitedSequencePoints="0" numBranchPoints="0" visitedBranchPoints="0" sequenceCoverage="0.0" branchCoverage="0" maxCyclomaticComplexity="0" minCyclomaticComplexity="0" maxCrapScore="0" minCrapScore="0" visitedClasses="0" numClasses="0" visitedMethods="0" numMethods="1" />
              <MetadataToken>100663306</MetadataToken>
              <Name>System.Boolean GameInput::Contains(UnityEngine.InputSystem.InputAction)</Name>
              <FileRef uid="2" />
              <SequencePoints>
                <SequencePoint vc="0" uspid="1403" ordinal="0" offset="0" sl="228" sc="0" el="228" ec="0" bec="0" bev="0" fileid="2" />
                <SequencePoint vc="0" uspid="1404" ordinal="0" offset="1" sl="229" sc="0" el="229" ec="0" bec="0" bev="0" fileid="2" />
                <SequencePoint vc="0" uspid="1405" ordinal="0" offset="16" sl="230" sc="0" el="230" ec="0" bec="0" bev="0" fileid="2" />
              </SequencePoints>
              <BranchPoints />
            </Method>
            <Method visited="false" cyclomaticComplexity="0" nPathComplexity="0" sequenceCoverage="0.0" branchCoverage="0" crapScore="0" isConstructor="false" isStatic="false" isGetter="false" isSetter="false">
              <Summary numSequencePoints="3" visitedSequencePoints="0" numBranchPoints="0" visitedBranchPoints="0" sequenceCoverage="0.0" branchCoverage="0" maxCyclomaticComplexity="0" minCyclomaticComplexity="0" maxCrapScore="0" minCrapScore="0" visitedClasses="0" numClasses="0" visitedMethods="0" numMethods="1" />
              <MetadataToken>100663307</MetadataToken>
              <Name>System.Collections.Generic.IEnumerator[InputAction] GameInput::GetEnumerator()</Name>
              <FileRef uid="2" />
              <SequencePoints>
                <SequencePoint vc="0" uspid="1406" ordinal="0" offset="0" sl="233" sc="0" el="233" ec="0" bec="0" bev="0" fileid="2" />
                <SequencePoint vc="0" uspid="1407" ordinal="0" offset="1" sl="234" sc="0" el="234" ec="0" bec="0" bev="0" fileid="2" />
                <SequencePoint vc="0" uspid="1408" ordinal="0" offset="15" sl="235" sc="0" el="235" ec="0" bec="0" bev="0" fileid="2" />
              </SequencePoints>
              <BranchPoints />
            </Method>
            <Method visited="false" cyclomaticComplexity="0" nPathComplexity="0" sequenceCoverage="0.0" branchCoverage="0" crapScore="0" isConstructor="false" isStatic="false" isGetter="false" isSetter="false">
              <Summary numSequencePoints="3" visitedSequencePoints="0" numBranchPoints="0" visitedBranchPoints="0" sequenceCoverage="0.0" branchCoverage="0" maxCyclomaticComplexity="0" minCyclomaticComplexity="0" maxCrapScore="0" minCrapScore="0" visitedClasses="0" numClasses="0" visitedMethods="0" numMethods="1" />
              <MetadataToken>100663308</MetadataToken>
              <Name>System.Collections.IEnumerator GameInput.System.Collections.IEnumerable::GetEnumerator()</Name>
              <FileRef uid="2" />
              <SequencePoints>
                <SequencePoint vc="0" uspid="1409" ordinal="0" offset="0" sl="238" sc="0" el="238" ec="0" bec="0" bev="0" fileid="2" />
                <SequencePoint vc="0" uspid="1410" ordinal="0" offset="1" sl="239" sc="0" el="239" ec="0" bec="0" bev="0" fileid="2" />
                <SequencePoint vc="0" uspid="1411" ordinal="0" offset="10" sl="240" sc="0" el="240" ec="0" bec="0" bev="0" fileid="2" />
              </SequencePoints>
              <BranchPoints />
            </Method>
            <Method visited="false" cyclomaticComplexity="0" nPathComplexity="0" sequenceCoverage="0.0" branchCoverage="0" crapScore="0" isConstructor="false" isStatic="false" isGetter="false" isSetter="false">
              <Summary numSequencePoints="3" visitedSequencePoints="0" numBranchPoints="0" visitedBranchPoints="0" sequenceCoverage="0.0" branchCoverage="0" maxCyclomaticComplexity="0" minCyclomaticComplexity="0" maxCrapScore="0" minCrapScore="0" visitedClasses="0" numClasses="0" visitedMethods="0" numMethods="1" />
              <MetadataToken>100663309</MetadataToken>
              <Name>System.Void GameInput::Enable()</Name>
              <FileRef uid="2" />
              <SequencePoints>
                <SequencePoint vc="0" uspid="1412" ordinal="0" offset="0" sl="243" sc="0" el="243" ec="0" bec="0" bev="0" fileid="2" />
                <SequencePoint vc="0" uspid="1413" ordinal="0" offset="1" sl="244" sc="0" el="244" ec="0" bec="0" bev="0" fileid="2" />
                <SequencePoint vc="0" uspid="1414" ordinal="0" offset="13" sl="245" sc="0" el="245" ec="0" bec="0" bev="0" fileid="2" />
              </SequencePoints>
              <BranchPoints />
            </Method>
            <Method visited="false" cyclomaticComplexity="0" nPathComplexity="0" sequenceCoverage="0.0" branchCoverage="0" crapScore="0" isConstructor="false" isStatic="false" isGetter="false" isSetter="false">
              <Summary numSequencePoints="3" visitedSequencePoints="0" numBranchPoints="0" visitedBranchPoints="0" sequenceCoverage="0.0" branchCoverage="0" maxCyclomaticComplexity="0" minCyclomaticComplexity="0" maxCrapScore="0" minCrapScore="0" visitedClasses="0" numClasses="0" visitedMethods="0" numMethods="1" />
              <MetadataToken>100663310</MetadataToken>
              <Name>System.Void GameInput::Disable()</Name>
              <FileRef uid="2" />
              <SequencePoints>
                <SequencePoint vc="0" uspid="1415" ordinal="0" offset="0" sl="248" sc="0" el="248" ec="0" bec="0" bev="0" fileid="2" />
                <SequencePoint vc="0" uspid="1416" ordinal="0" offset="1" sl="249" sc="0" el="249" ec="0" bec="0" bev="0" fileid="2" />
                <SequencePoint vc="0" uspid="1417" ordinal="0" offset="13" sl="250" sc="0" el="250" ec="0" bec="0" bev="0" fileid="2" />
              </SequencePoints>
              <BranchPoints />
            </Method>
            <Method visited="false" cyclomaticComplexity="0" nPathComplexity="0" sequenceCoverage="0.0" branchCoverage="0" crapScore="0" isConstructor="false" isStatic="false" isGetter="true" isSetter="false">
              <Summary numSequencePoints="1" visitedSequencePoints="0" numBranchPoints="0" visitedBranchPoints="0" sequenceCoverage="0.0" branchCoverage="0" maxCyclomaticComplexity="0" minCyclomaticComplexity="0" maxCrapScore="0" minCrapScore="0" visitedClasses="0" numClasses="0" visitedMethods="0" numMethods="1" />
              <MetadataToken>100663311</MetadataToken>
              <Name>System.Collections.Generic.IEnumerable[InputBinding] GameInput::get_bindings()</Name>
              <FileRef uid="2" />
              <SequencePoints>
                <SequencePoint vc="0" uspid="1418" ordinal="0" offset="0" sl="252" sc="0" el="252" ec="0" bec="0" bev="0" fileid="2" />
              </SequencePoints>
              <BranchPoints />
            </Method>
            <Method visited="false" cyclomaticComplexity="0" nPathComplexity="0" sequenceCoverage="0.0" branchCoverage="0" crapScore="0" isConstructor="false" isStatic="false" isGetter="false" isSetter="false">
              <Summary numSequencePoints="3" visitedSequencePoints="0" numBranchPoints="0" visitedBranchPoints="0" sequenceCoverage="0.0" branchCoverage="0" maxCyclomaticComplexity="0" minCyclomaticComplexity="0" maxCrapScore="0" minCrapScore="0" visitedClasses="0" numClasses="0" visitedMethods="0" numMethods="1" />
              <MetadataToken>100663312</MetadataToken>
              <Name>UnityEngine.InputSystem.InputAction GameInput::FindAction(System.String, System.Boolean)</Name>
              <FileRef uid="2" />
              <SequencePoints>
                <SequencePoint vc="0" uspid="1419" ordinal="0" offset="0" sl="255" sc="0" el="255" ec="0" bec="0" bev="0" fileid="2" />
                <SequencePoint vc="0" uspid="1420" ordinal="0" offset="1" sl="256" sc="0" el="256" ec="0" bec="0" bev="0" fileid="2" />
                <SequencePoint vc="0" uspid="1421" ordinal="0" offset="17" sl="257" sc="0" el="257" ec="0" bec="0" bev="0" fileid="2" />
              </SequencePoints>
              <BranchPoints />
            </Method>
            <Method visited="false" cyclomaticComplexity="0" nPathComplexity="0" sequenceCoverage="0.0" branchCoverage="0" crapScore="0" isConstructor="false" isStatic="false" isGetter="false" isSetter="false">
              <Summary numSequencePoints="3" visitedSequencePoints="0" numBranchPoints="0" visitedBranchPoints="0" sequenceCoverage="0.0" branchCoverage="0" maxCyclomaticComplexity="0" minCyclomaticComplexity="0" maxCrapScore="0" minCrapScore="0" visitedClasses="0" numClasses="0" visitedMethods="0" numMethods="1" />
              <MetadataToken>100663313</MetadataToken>
              <Name>System.Int32 GameInput::FindBinding(UnityEngine.InputSystem.InputBinding, UnityEngine.InputSystem.InputAction&amp;)</Name>
              <FileRef uid="2" />
              <SequencePoints>
                <SequencePoint vc="0" uspid="1422" ordinal="0" offset="0" sl="260" sc="0" el="260" ec="0" bec="0" bev="0" fileid="2" />
                <SequencePoint vc="0" uspid="1423" ordinal="0" offset="1" sl="261" sc="0" el="261" ec="0" bec="0" bev="0" fileid="2" />
                <SequencePoint vc="0" uspid="1424" ordinal="0" offset="17" sl="262" sc="0" el="262" ec="0" bec="0" bev="0" fileid="2" />
              </SequencePoints>
              <BranchPoints />
            </Method>
            <Method visited="false" cyclomaticComplexity="0" nPathComplexity="0" sequenceCoverage="0.0" branchCoverage="0" crapScore="0" isConstructor="false" isStatic="false" isGetter="true" isSetter="false">
              <Summary numSequencePoints="1" visitedSequencePoints="0" numBranchPoints="0" visitedBranchPoints="0" sequenceCoverage="0.0" branchCoverage="0" maxCyclomaticComplexity="0" minCyclomaticComplexity="0" maxCrapScore="0" minCrapScore="0" visitedClasses="0" numClasses="0" visitedMethods="0" numMethods="1" />
              <MetadataToken>100663314</MetadataToken>
              <Name>GameInput/GameplayActions GameInput::get_Gameplay()</Name>
              <FileRef uid="2" />
              <SequencePoints>
                <SequencePoint vc="0" uspid="1425" ordinal="0" offset="0" sl="324" sc="0" el="324" ec="0" bec="0" bev="0" fileid="2" />
              </SequencePoints>
              <BranchPoints />
            </Method>
            <Method visited="false" cyclomaticComplexity="0" nPathComplexity="0" sequenceCoverage="0.0" branchCoverage="0" crapScore="0" isConstructor="true" isStatic="false" isGetter="false" isSetter="false">
              <Summary numSequencePoints="9" visitedSequencePoints="0" numBranchPoints="0" visitedBranchPoints="0" sequenceCoverage="0.0" branchCoverage="0" maxCyclomaticComplexity="0" minCyclomaticComplexity="0" maxCrapScore="0" minCrapScore="0" visitedClasses="0" numClasses="0" visitedMethods="0" numMethods="1" />
              <MetadataToken>100663298</MetadataToken>
              <Name>GameInput::GameInput()</Name>
              <FileRef uid="2" />
              <SequencePoints>
                <SequencePoint vc="0" uspid="1426" ordinal="0" offset="0" sl="266" sc="0" el="266" ec="0" bec="0" bev="0" fileid="2" />
                <SequencePoint vc="0" uspid="1427" ordinal="0" offset="11" sl="21" sc="0" el="21" ec="0" bec="0" bev="0" fileid="2" />
                <SequencePoint vc="0" uspid="1428" ordinal="0" offset="18" sl="22" sc="0" el="22" ec="0" bec="0" bev="0" fileid="2" />
                <SequencePoint vc="0" uspid="1429" ordinal="0" offset="19" sl="23" sc="0" el="23" ec="0" bec="0" bev="0" fileid="2" />
                <SequencePoint vc="0" uspid="1430" ordinal="0" offset="35" sl="197" sc="0" el="197" ec="0" bec="0" bev="0" fileid="2" />
                <SequencePoint vc="0" uspid="1431" ordinal="0" offset="58" sl="198" sc="0" el="198" ec="0" bec="0" bev="0" fileid="2" />
                <SequencePoint vc="0" uspid="1432" ordinal="0" offset="81" sl="199" sc="0" el="199" ec="0" bec="0" bev="0" fileid="2" />
                <SequencePoint vc="0" uspid="1433" ordinal="0" offset="104" sl="200" sc="0" el="200" ec="0" bec="0" bev="0" fileid="2" />
                <SequencePoint vc="0" uspid="1434" ordinal="0" offset="127" sl="201" sc="0" el="201" ec="0" bec="0" bev="0" fileid="2" />
              </SequencePoints>
              <BranchPoints />
            </Method>
          </Methods>
        </Class>
        <Class>
          <Summary numSequencePoints="43" visitedSequencePoints="0" numBranchPoints="0" visitedBranchPoints="0" sequenceCoverage="0.0" branchCoverage="0.0" maxCyclomaticComplexity="0" minCyclomaticComplexity="0" maxCrapScore="0" minCrapScore="0" visitedClasses="0" numClasses="1" visitedMethods="0" numMethods="16" />
          <FullName>Cell</FullName>
          <Methods>
            <Method visited="false" cyclomaticComplexity="0" nPathComplexity="0" sequenceCoverage="0.0" branchCoverage="0" crapScore="0" isConstructor="false" isStatic="false" isGetter="true" isSetter="false">
              <Summary numSequencePoints="1" visitedSequencePoints="0" numBranchPoints="0" visitedBranchPoints="0" sequenceCoverage="0.0" branchCoverage="0" maxCyclomaticComplexity="0" minCyclomaticComplexity="0" maxCrapScore="0" minCrapScore="0" visitedClasses="0" numClasses="0" visitedMethods="0" numMethods="1" />
              <MetadataToken>100663315</MetadataToken>
              <Name>System.Int32 Cell::get_X()</Name>
              <FileRef uid="3" />
              <SequencePoints>
                <SequencePoint vc="0" uspid="1435" ordinal="0" offset="0" sl="8" sc="20" el="8" ec="20" bec="0" bev="0" fileid="3" />
              </SequencePoints>
              <BranchPoints />
            </Method>
            <Method visited="false" cyclomaticComplexity="0" nPathComplexity="0" sequenceCoverage="0.0" branchCoverage="0" crapScore="0" isConstructor="false" isStatic="false" isGetter="false" isSetter="true">
              <Summary numSequencePoints="1" visitedSequencePoints="0" numBranchPoints="0" visitedBranchPoints="0" sequenceCoverage="0.0" branchCoverage="0" maxCyclomaticComplexity="0" minCyclomaticComplexity="0" maxCrapScore="0" minCrapScore="0" visitedClasses="0" numClasses="0" visitedMethods="0" numMethods="1" />
              <MetadataToken>100663316</MetadataToken>
              <Name>System.Void Cell::set_X(System.Int32)</Name>
              <FileRef uid="3" />
              <SequencePoints>
                <SequencePoint vc="0" uspid="1436" ordinal="0" offset="0" sl="8" sc="25" el="8" ec="25" bec="0" bev="0" fileid="3" />
              </SequencePoints>
              <BranchPoints />
            </Method>
            <Method visited="false" cyclomaticComplexity="0" nPathComplexity="0" sequenceCoverage="0.0" branchCoverage="0" crapScore="0" isConstructor="false" isStatic="false" isGetter="true" isSetter="false">
              <Summary numSequencePoints="1" visitedSequencePoints="0" numBranchPoints="0" visitedBranchPoints="0" sequenceCoverage="0.0" branchCoverage="0" maxCyclomaticComplexity="0" minCyclomaticComplexity="0" maxCrapScore="0" minCrapScore="0" visitedClasses="0" numClasses="0" visitedMethods="0" numMethods="1" />
              <MetadataToken>100663317</MetadataToken>
              <Name>System.Int32 Cell::get_Y()</Name>
              <FileRef uid="3" />
              <SequencePoints>
                <SequencePoint vc="0" uspid="1437" ordinal="0" offset="0" sl="9" sc="19" el="9" ec="19" bec="0" bev="0" fileid="3" />
              </SequencePoints>
              <BranchPoints />
            </Method>
            <Method visited="false" cyclomaticComplexity="0" nPathComplexity="0" sequenceCoverage="0.0" branchCoverage="0" crapScore="0" isConstructor="false" isStatic="false" isGetter="false" isSetter="true">
              <Summary numSequencePoints="1" visitedSequencePoints="0" numBranchPoints="0" visitedBranchPoints="0" sequenceCoverage="0.0" branchCoverage="0" maxCyclomaticComplexity="0" minCyclomaticComplexity="0" maxCrapScore="0" minCrapScore="0" visitedClasses="0" numClasses="0" visitedMethods="0" numMethods="1" />
              <MetadataToken>100663318</MetadataToken>
              <Name>System.Void Cell::set_Y(System.Int32)</Name>
              <FileRef uid="3" />
              <SequencePoints>
                <SequencePoint vc="0" uspid="1438" ordinal="0" offset="0" sl="9" sc="24" el="9" ec="24" bec="0" bev="0" fileid="3" />
              </SequencePoints>
              <BranchPoints />
            </Method>
            <Method visited="false" cyclomaticComplexity="0" nPathComplexity="0" sequenceCoverage="0.0" branchCoverage="0" crapScore="0" isConstructor="false" isStatic="false" isGetter="true" isSetter="false">
              <Summary numSequencePoints="1" visitedSequencePoints="0" numBranchPoints="0" visitedBranchPoints="0" sequenceCoverage="0.0" branchCoverage="0" maxCyclomaticComplexity="0" minCyclomaticComplexity="0" maxCrapScore="0" minCrapScore="0" visitedClasses="0" numClasses="0" visitedMethods="0" numMethods="1" />
              <MetadataToken>100663319</MetadataToken>
              <Name>System.Int32 Cell::get_Value()</Name>
              <FileRef uid="3" />
              <SequencePoints>
                <SequencePoint vc="0" uspid="1439" ordinal="0" offset="0" sl="11" sc="23" el="11" ec="23" bec="0" bev="0" fileid="3" />
              </SequencePoints>
              <BranchPoints />
            </Method>
            <Method visited="false" cyclomaticComplexity="0" nPathComplexity="0" sequenceCoverage="0.0" branchCoverage="0" crapScore="0" isConstructor="false" isStatic="false" isGetter="false" isSetter="true">
              <Summary numSequencePoints="1" visitedSequencePoints="0" numBranchPoints="0" visitedBranchPoints="0" sequenceCoverage="0.0" branchCoverage="0" maxCyclomaticComplexity="0" minCyclomaticComplexity="0" maxCrapScore="0" minCrapScore="0" visitedClasses="0" numClasses="0" visitedMethods="0" numMethods="1" />
              <MetadataToken>100663320</MetadataToken>
              <Name>System.Void Cell::set_Value(System.Int32)</Name>
              <FileRef uid="3" />
              <SequencePoints>
                <SequencePoint vc="0" uspid="1440" ordinal="0" offset="0" sl="11" sc="28" el="11" ec="28" bec="0" bev="0" fileid="3" />
              </SequencePoints>
              <BranchPoints />
            </Method>
            <Method visited="false" cyclomaticComplexity="0" nPathComplexity="0" sequenceCoverage="0.0" branchCoverage="0" crapScore="0" isConstructor="false" isStatic="false" isGetter="true" isSetter="false">
              <Summary numSequencePoints="1" visitedSequencePoints="0" numBranchPoints="0" visitedBranchPoints="0" sequenceCoverage="0.0" branchCoverage="0" maxCyclomaticComplexity="0" minCyclomaticComplexity="0" maxCrapScore="0" minCrapScore="0" visitedClasses="0" numClasses="0" visitedMethods="0" numMethods="1" />
              <MetadataToken>100663321</MetadataToken>
              <Name>System.Int32 Cell::get_Points()</Name>
              <FileRef uid="3" />
              <SequencePoints>
                <SequencePoint vc="0" uspid="1441" ordinal="0" offset="0" sl="13" sc="26" el="13" ec="26" bec="0" bev="0" fileid="3" />
              </SequencePoints>
              <BranchPoints />
            </Method>
            <Method visited="false" cyclomaticComplexity="0" nPathComplexity="0" sequenceCoverage="0.0" branchCoverage="0" crapScore="0" isConstructor="false" isStatic="false" isGetter="true" isSetter="false">
              <Summary numSequencePoints="1" visitedSequencePoints="0" numBranchPoints="0" visitedBranchPoints="0" sequenceCoverage="0.0" branchCoverage="0" maxCyclomaticComplexity="0" minCyclomaticComplexity="0" maxCrapScore="0" minCrapScore="0" visitedClasses="0" numClasses="0" visitedMethods="0" numMethods="1" />
              <MetadataToken>100663322</MetadataToken>
              <Name>System.Boolean Cell::get_IsEmpty()</Name>
              <FileRef uid="3" />
              <SequencePoints>
                <SequencePoint vc="0" uspid="1442" ordinal="0" offset="0" sl="15" sc="28" el="15" ec="28" bec="0" bev="0" fileid="3" />
              </SequencePoints>
              <BranchPoints />
            </Method>
            <Method visited="false" cyclomaticComplexity="0" nPathComplexity="0" sequenceCoverage="0.0" branchCoverage="0" crapScore="0" isConstructor="false" isStatic="false" isGetter="true" isSetter="false">
              <Summary numSequencePoints="1" visitedSequencePoints="0" numBranchPoints="0" visitedBranchPoints="0" sequenceCoverage="0.0" branchCoverage="0" maxCyclomaticComplexity="0" minCyclomaticComplexity="0" maxCrapScore="0" minCrapScore="0" visitedClasses="0" numClasses="0" visitedMethods="0" numMethods="1" />
              <MetadataToken>100663327</MetadataToken>
              <Name>System.Boolean Cell::get_HasMerged()</Name>
              <FileRef uid="3" />
              <SequencePoints>
                <SequencePoint vc="0" uspid="1443" ordinal="0" offset="0" sl="24" sc="29" el="24" ec="29" bec="0" bev="0" fileid="3" />
              </SequencePoints>
              <BranchPoints />
            </Method>
            <Method visited="false" cyclomaticComplexity="0" nPathComplexity="0" sequenceCoverage="0.0" branchCoverage="0" crapScore="0" isConstructor="false" isStatic="false" isGetter="false" isSetter="true">
              <Summary numSequencePoints="1" visitedSequencePoints="0" numBranchPoints="0" visitedBranchPoints="0" sequenceCoverage="0.0" branchCoverage="0" maxCyclomaticComplexity="0" minCyclomaticComplexity="0" maxCrapScore="0" minCrapScore="0" visitedClasses="0" numClasses="0" visitedMethods="0" numMethods="1" />
              <MetadataToken>100663328</MetadataToken>
              <Name>System.Void Cell::set_HasMerged(System.Boolean)</Name>
              <FileRef uid="3" />
              <SequencePoints>
                <SequencePoint vc="0" uspid="1444" ordinal="0" offset="0" sl="24" sc="34" el="24" ec="34" bec="0" bev="0" fileid="3" />
              </SequencePoints>
              <BranchPoints />
            </Method>
            <Method visited="false" cyclomaticComplexity="0" nPathComplexity="0" sequenceCoverage="0.0" branchCoverage="0" crapScore="0" isConstructor="false" isStatic="false" isGetter="false" isSetter="false">
              <Summary numSequencePoints="6" visitedSequencePoints="0" numBranchPoints="0" visitedBranchPoints="0" sequenceCoverage="0.0" branchCoverage="0" maxCyclomaticComplexity="0" minCyclomaticComplexity="0" maxCrapScore="0" minCrapScore="0" visitedClasses="0" numClasses="0" visitedMethods="0" numMethods="1" />
              <MetadataToken>100663329</MetadataToken>
              <Name>System.Void Cell::SetValue(System.Int32, System.Int32, System.Int32)</Name>
              <FileRef uid="3" />
              <SequencePoints>
                <SequencePoint vc="0" uspid="1445" ordinal="0" offset="0" sl="32" sc="5" el="32" ec="5" bec="0" bev="0" fileid="3" />
                <SequencePoint vc="0" uspid="1446" ordinal="0" offset="1" sl="33" sc="9" el="33" ec="9" bec="0" bev="0" fileid="3" />
                <SequencePoint vc="0" uspid="1447" ordinal="0" offset="9" sl="34" sc="9" el="34" ec="9" bec="0" bev="0" fileid="3" />
                <SequencePoint vc="0" uspid="1448" ordinal="0" offset="17" sl="35" sc="9" el="35" ec="9" bec="0" bev="0" fileid="3" />
                <SequencePoint vc="0" uspid="1449" ordinal="0" offset="25" sl="37" sc="9" el="37" ec="9" bec="0" bev="0" fileid="3" />
                <SequencePoint vc="0" uspid="1450" ordinal="0" offset="49" sl="39" sc="5" el="39" ec="5" bec="0" bev="0" fileid="3" />
              </SequencePoints>
              <BranchPoints />
            </Method>
            <Method visited="false" cyclomaticComplexity="0" nPathComplexity="0" sequenceCoverage="0.0" branchCoverage="0" crapScore="0" isConstructor="false" isStatic="false" isGetter="false" isSetter="false">
              <Summary numSequencePoints="9" visitedSequencePoints="0" numBranchPoints="0" visitedBranchPoints="0" sequenceCoverage="0.0" branchCoverage="0" maxCyclomaticComplexity="0" minCyclomaticComplexity="0" maxCrapScore="0" minCrapScore="0" visitedClasses="0" numClasses="0" visitedMethods="0" numMethods="1" />
              <MetadataToken>100663330</MetadataToken>
              <Name>System.Void Cell::IncreaseValue()</Name>
              <FileRef uid="3" />
              <SequencePoints>
                <SequencePoint vc="0" uspid="1451" ordinal="0" offset="0" sl="43" sc="5" el="43" ec="5" bec="0" bev="0" fileid="3" />
                <SequencePoint vc="0" uspid="1452" ordinal="0" offset="1" sl="44" sc="9" el="44" ec="9" bec="0" bev="0" fileid="3" />
                <SequencePoint vc="0" uspid="1453" ordinal="0" offset="18" sl="45" sc="9" el="45" ec="9" bec="0" bev="0" fileid="3" />
                <SequencePoint vc="0" uspid="1454" ordinal="0" offset="26" sl="47" sc="9" el="47" ec="9" bec="0" bev="0" fileid="3" />
                <SequencePoint vc="0" uspid="1455" ordinal="0" offset="41" sl="48" sc="9" el="48" ec="9" bec="0" bev="0" fileid="3" />
                <SequencePoint vc="0" uspid="1456" ordinal="0" offset="42" sl="49" sc="13" el="49" ec="13" bec="0" bev="0" fileid="3" />
                <SequencePoint vc="0" uspid="1457" ordinal="0" offset="59" sl="50" sc="9" el="50" ec="9" bec="0" bev="0" fileid="3" />
                <SequencePoint vc="0" uspid="1458" ordinal="0" offset="60" sl="52" sc="9" el="52" ec="9" bec="0" bev="0" fileid="3" />
                <SequencePoint vc="0" uspid="1459" ordinal="0" offset="84" sl="53" sc="5" el="53" ec="5" bec="0" bev="0" fileid="3" />
              </SequencePoints>
              <BranchPoints />
            </Method>
            <Method visited="false" cyclomaticComplexity="0" nPathComplexity="0" sequenceCoverage="0.0" branchCoverage="0" crapScore="0" isConstructor="false" isStatic="false" isGetter="false" isSetter="false">
              <Summary numSequencePoints="3" visitedSequencePoints="0" numBranchPoints="0" visitedBranchPoints="0" sequenceCoverage="0.0" branchCoverage="0" maxCyclomaticComplexity="0" minCyclomaticComplexity="0" maxCrapScore="0" minCrapScore="0" visitedClasses="0" numClasses="0" visitedMethods="0" numMethods="1" />
              <MetadataToken>100663331</MetadataToken>
              <Name>System.Void Cell::ResetFlags()</Name>
              <FileRef uid="3" />
              <SequencePoints>
                <SequencePoint vc="0" uspid="1460" ordinal="0" offset="0" sl="56" sc="0" el="56" ec="0" bec="0" bev="0" fileid="3" />
                <SequencePoint vc="0" uspid="1461" ordinal="0" offset="1" sl="57" sc="0" el="57" ec="0" bec="0" bev="0" fileid="3" />
                <SequencePoint vc="0" uspid="1462" ordinal="0" offset="9" sl="58" sc="0" el="58" ec="0" bec="0" bev="0" fileid="3" />
              </SequencePoints>
              <BranchPoints />
            </Method>
            <Method visited="false" cyclomaticComplexity="0" nPathComplexity="0" sequenceCoverage="0.0" branchCoverage="0" crapScore="0" isConstructor="false" isStatic="false" isGetter="false" isSetter="false">
              <Summary numSequencePoints="5" visitedSequencePoints="0" numBranchPoints="0" visitedBranchPoints="0" sequenceCoverage="0.0" branchCoverage="0" maxCyclomaticComplexity="0" minCyclomaticComplexity="0" maxCrapScore="0" minCrapScore="0" visitedClasses="0" numClasses="0" visitedMethods="0" numMethods="1" />
              <MetadataToken>100663332</MetadataToken>
              <Name>System.Void Cell::MergeWithCell(Cell)</Name>
              <FileRef uid="3" />
              <SequencePoints>
                <SequencePoint vc="0" uspid="1463" ordinal="0" offset="0" sl="61" sc="5" el="61" ec="5" bec="0" bev="0" fileid="3" />
                <SequencePoint vc="0" uspid="1464" ordinal="0" offset="1" sl="62" sc="9" el="62" ec="9" bec="0" bev="0" fileid="3" />
                <SequencePoint vc="0" uspid="1465" ordinal="0" offset="8" sl="63" sc="9" el="63" ec="9" bec="0" bev="0" fileid="3" />
                <SequencePoint vc="0" uspid="1466" ordinal="0" offset="28" sl="65" sc="9" el="65" ec="9" bec="0" bev="0" fileid="3" />
                <SequencePoint vc="0" uspid="1467" ordinal="0" offset="52" sl="66" sc="5" el="66" ec="5" bec="0" bev="0" fileid="3" />
              </SequencePoints>
              <BranchPoints />
            </Method>
            <Method visited="false" cyclomaticComplexity="0" nPathComplexity="0" sequenceCoverage="0.0" branchCoverage="0" crapScore="0" isConstructor="false" isStatic="false" isGetter="false" isSetter="false">
              <Summary numSequencePoints="4" visitedSequencePoints="0" numBranchPoints="0" visitedBranchPoints="0" sequenceCoverage="0.0" branchCoverage="0" maxCyclomaticComplexity="0" minCyclomaticComplexity="0" maxCrapScore="0" minCrapScore="0" visitedClasses="0" numClasses="0" visitedMethods="0" numMethods="1" />
              <MetadataToken>100663333</MetadataToken>
              <Name>System.Void Cell::MoveToCell(Cell)</Name>
              <FileRef uid="3" />
              <SequencePoints>
                <SequencePoint vc="0" uspid="1468" ordinal="0" offset="0" sl="69" sc="5" el="69" ec="5" bec="0" bev="0" fileid="3" />
                <SequencePoint vc="0" uspid="1469" ordinal="0" offset="1" sl="70" sc="9" el="70" ec="9" bec="0" bev="0" fileid="3" />
                <SequencePoint vc="0" uspid="1470" ordinal="0" offset="26" sl="71" sc="9" el="71" ec="9" bec="0" bev="0" fileid="3" />
                <SequencePoint vc="0" uspid="1471" ordinal="0" offset="46" sl="72" sc="5" el="72" ec="5" bec="0" bev="0" fileid="3" />
              </SequencePoints>
              <BranchPoints />
            </Method>
            <Method visited="false" cyclomaticComplexity="0" nPathComplexity="0" sequenceCoverage="0.0" branchCoverage="0" crapScore="0" isConstructor="true" isStatic="false" isGetter="false" isSetter="false">
              <Summary numSequencePoints="6" visitedSequencePoints="0" numBranchPoints="0" visitedBranchPoints="0" sequenceCoverage="0.0" branchCoverage="0" maxCyclomaticComplexity="0" minCyclomaticComplexity="0" maxCrapScore="0" minCrapScore="0" visitedClasses="0" numClasses="0" visitedMethods="0" numMethods="1" />
              <MetadataToken>100663334</MetadataToken>
              <Name>Cell::Cell(System.Int32, System.Int32, System.Int32)</Name>
              <FileRef uid="3" />
              <SequencePoints>
                <SequencePoint vc="0" uspid="1472" ordinal="0" offset="0" sl="74" sc="5" el="74" ec="5" bec="0" bev="0" fileid="3" />
                <SequencePoint vc="0" uspid="1473" ordinal="0" offset="7" sl="75" sc="5" el="75" ec="5" bec="0" bev="0" fileid="3" />
                <SequencePoint vc="0" uspid="1474" ordinal="0" offset="8" sl="76" sc="9" el="76" ec="9" bec="0" bev="0" fileid="3" />
                <SequencePoint vc="0" uspid="1475" ordinal="0" offset="16" sl="77" sc="9" el="77" ec="9" bec="0" bev="0" fileid="3" />
                <SequencePoint vc="0" uspid="1476" ordinal="0" offset="24" sl="78" sc="9" el="78" ec="9" bec="0" bev="0" fileid="3" />
                <SequencePoint vc="0" uspid="1477" ordinal="0" offset="32" sl="79" sc="5" el="79" ec="5" bec="0" bev="0" fileid="3" />
              </SequencePoints>
              <BranchPoints />
            </Method>
          </Methods>
        </Class>
        <Class>
          <Summary numSequencePoints="21" visitedSequencePoints="0" numBranchPoints="0" visitedBranchPoints="0" sequenceCoverage="0.0" branchCoverage="0.0" maxCyclomaticComplexity="0" minCyclomaticComplexity="0" maxCrapScore="0" minCrapScore="0" visitedClasses="0" numClasses="1" visitedMethods="0" numMethods="3" />
          <FullName>CellView</FullName>
          <Methods>
            <Method visited="false" cyclomaticComplexity="0" nPathComplexity="0" sequenceCoverage="0.0" branchCoverage="0" crapScore="0" isConstructor="false" isStatic="false" isGetter="false" isSetter="false">
              <Summary numSequencePoints="12" visitedSequencePoints="0" numBranchPoints="0" visitedBranchPoints="0" sequenceCoverage="0.0" branchCoverage="0" maxCyclomaticComplexity="0" minCyclomaticComplexity="0" maxCrapScore="0" minCrapScore="0" visitedClasses="0" numClasses="0" visitedMethods="0" numMethods="1" />
              <MetadataToken>100663335</MetadataToken>
              <Name>System.Void CellView::Init(Cell)</Name>
              <FileRef uid="4" />
              <SequencePoints>
                <SequencePoint vc="0" uspid="1478" ordinal="0" offset="0" sl="17" sc="5" el="17" ec="5" bec="0" bev="0" fileid="4" />
                <SequencePoint vc="0" uspid="1479" ordinal="0" offset="1" sl="18" sc="9" el="18" ec="9" bec="0" bev="0" fileid="4" />
                <SequencePoint vc="0" uspid="1480" ordinal="0" offset="14" sl="19" sc="9" el="19" ec="9" bec="0" bev="0" fileid="4" />
                <SequencePoint vc="0" uspid="1481" ordinal="0" offset="15" sl="20" sc="13" el="20" ec="13" bec="0" bev="0" fileid="4" />
                <SequencePoint vc="0" uspid="1482" ordinal="0" offset="39" sl="21" sc="13" el="21" ec="13" bec="0" bev="0" fileid="4" />
                <SequencePoint vc="0" uspid="1483" ordinal="0" offset="63" sl="22" sc="9" el="22" ec="9" bec="0" bev="0" fileid="4" />
                <SequencePoint vc="0" uspid="1484" ordinal="0" offset="64" sl="24" sc="9" el="24" ec="9" bec="0" bev="0" fileid="4" />
                <SequencePoint vc="0" uspid="1485" ordinal="0" offset="71" sl="25" sc="9" el="25" ec="9" bec="0" bev="0" fileid="4" />
                <SequencePoint vc="0" uspid="1486" ordinal="0" offset="95" sl="26" sc="9" el="26" ec="9" bec="0" bev="0" fileid="4" />
                <SequencePoint vc="0" uspid="1487" ordinal="0" offset="119" sl="28" sc="9" el="28" ec="9" bec="0" bev="0" fileid="4" />
                <SequencePoint vc="0" uspid="1488" ordinal="0" offset="132" sl="29" sc="9" el="29" ec="9" bec="0" bev="0" fileid="4" />
                <SequencePoint vc="0" uspid="1489" ordinal="0" offset="153" sl="31" sc="5" el="31" ec="5" bec="0" bev="0" fileid="4" />
              </SequencePoints>
              <BranchPoints />
            </Method>
            <Method visited="false" cyclomaticComplexity="0" nPathComplexity="0" sequenceCoverage="0.0" branchCoverage="0" crapScore="0" isConstructor="false" isStatic="false" isGetter="false" isSetter="false">
              <Summary numSequencePoints="7" visitedSequencePoints="0" numBranchPoints="0" visitedBranchPoints="0" sequenceCoverage="0.0" branchCoverage="0" maxCyclomaticComplexity="0" minCyclomaticComplexity="0" maxCrapScore="0" minCrapScore="0" visitedClasses="0" numClasses="0" visitedMethods="0" numMethods="1" />
              <MetadataToken>100663336</MetadataToken>
              <Name>System.Void CellView::UpdateValue(System.Int32)</Name>
              <FileRef uid="4" />
              <SequencePoints>
                <SequencePoint vc="0" uspid="1490" ordinal="0" offset="0" sl="34" sc="5" el="34" ec="5" bec="0" bev="0" fileid="4" />
                <SequencePoint vc="0" uspid="1491" ordinal="0" offset="1" sl="35" sc="9" el="35" ec="9" bec="0" bev="0" fileid="4" />
                <SequencePoint vc="0" uspid="1492" ordinal="0" offset="42" sl="36" sc="9" el="36" ec="9" bec="0" bev="0" fileid="4" />
                <SequencePoint vc="0" uspid="1493" ordinal="0" offset="43" sl="37" sc="13" el="37" ec="13" bec="0" bev="0" fileid="4" />
                <SequencePoint vc="0" uspid="1494" ordinal="0" offset="94" sl="38" sc="13" el="38" ec="13" bec="0" bev="0" fileid="4" />
                <SequencePoint vc="0" uspid="1495" ordinal="0" offset="132" sl="39" sc="9" el="39" ec="9" bec="0" bev="0" fileid="4" />
                <SequencePoint vc="0" uspid="1496" ordinal="0" offset="133" sl="40" sc="5" el="40" ec="5" bec="0" bev="0" fileid="4" />
              </SequencePoints>
              <BranchPoints />
            </Method>
            <Method visited="false" cyclomaticComplexity="0" nPathComplexity="0" sequenceCoverage="0.0" branchCoverage="0" crapScore="0" isConstructor="false" isStatic="false" isGetter="false" isSetter="false">
              <Summary numSequencePoints="2" visitedSequencePoints="0" numBranchPoints="0" visitedBranchPoints="0" sequenceCoverage="0.0" branchCoverage="0" maxCyclomaticComplexity="0" minCyclomaticComplexity="0" maxCrapScore="0" minCrapScore="0" visitedClasses="0" numClasses="0" visitedMethods="0" numMethods="1" />
              <MetadataToken>100663337</MetadataToken>
              <Name>System.Void CellView::UpdatePosition(System.Single, System.Single)</Name>
              <FileRef uid="4" />
              <SequencePoints>
                <SequencePoint vc="0" uspid="1497" ordinal="0" offset="0" sl="43" sc="5" el="43" ec="5" bec="0" bev="0" fileid="4" />
                <SequencePoint vc="0" uspid="1498" ordinal="0" offset="1" sl="44" sc="5" el="44" ec="5" bec="0" bev="0" fileid="4" />
              </SequencePoints>
              <BranchPoints />
            </Method>
          </Methods>
        </Class>
        <Class>
          <Summary numSequencePoints="6" visitedSequencePoints="0" numBranchPoints="0" visitedBranchPoints="0" sequenceCoverage="0.0" branchCoverage="0.0" maxCyclomaticComplexity="0" minCyclomaticComplexity="0" maxCrapScore="0" minCrapScore="0" visitedClasses="0" numClasses="1" visitedMethods="0" numMethods="1" />
          <FullName>ColorManager</FullName>
          <Methods>
            <Method visited="false" cyclomaticComplexity="0" nPathComplexity="0" sequenceCoverage="0.0" branchCoverage="0" crapScore="0" isConstructor="false" isStatic="false" isGetter="false" isSetter="false">
              <Summary numSequencePoints="6" visitedSequencePoints="0" numBranchPoints="0" visitedBranchPoints="0" sequenceCoverage="0.0" branchCoverage="0" maxCyclomaticComplexity="0" minCyclomaticComplexity="0" maxCrapScore="0" minCrapScore="0" visitedClasses="0" numClasses="0" visitedMethods="0" numMethods="1" />
              <MetadataToken>100663339</MetadataToken>
              <Name>System.Void ColorManager::Awake()</Name>
              <FileRef uid="5" />
              <SequencePoints>
                <SequencePoint vc="0" uspid="1499" ordinal="0" offset="0" sl="10" sc="0" el="10" ec="0" bec="0" bev="0" fileid="5" />
                <SequencePoint vc="0" uspid="1500" ordinal="0" offset="1" sl="11" sc="0" el="11" ec="0" bec="0" bev="0" fileid="5" />
                <SequencePoint vc="0" uspid="1501" ordinal="0" offset="16" sl="12" sc="0" el="12" ec="0" bec="0" bev="0" fileid="5" />
                <SequencePoint vc="0" uspid="1502" ordinal="0" offset="17" sl="13" sc="0" el="13" ec="0" bec="0" bev="0" fileid="5" />
                <SequencePoint vc="0" uspid="1503" ordinal="0" offset="23" sl="14" sc="0" el="14" ec="0" bec="0" bev="0" fileid="5" />
                <SequencePoint vc="0" uspid="1504" ordinal="0" offset="24" sl="15" sc="0" el="15" ec="0" bec="0" bev="0" fileid="5" />
              </SequencePoints>
              <BranchPoints />
            </Method>
          </Methods>
        </Class>
        <Class>
          <Summary numSequencePoints="287" visitedSequencePoints="0" numBranchPoints="0" visitedBranchPoints="0" sequenceCoverage="0.0" branchCoverage="0.0" maxCyclomaticComplexity="0" minCyclomaticComplexity="0" maxCrapScore="0" minCrapScore="0" visitedClasses="0" numClasses="1" visitedMethods="0" numMethods="15" />
          <FullName>Field</FullName>
          <Methods>
            <Method visited="false" cyclomaticComplexity="0" nPathComplexity="0" sequenceCoverage="0.0" branchCoverage="0" crapScore="0" isConstructor="false" isStatic="false" isGetter="false" isSetter="false">
              <Summary numSequencePoints="6" visitedSequencePoints="0" numBranchPoints="0" visitedBranchPoints="0" sequenceCoverage="0.0" branchCoverage="0" maxCyclomaticComplexity="0" minCyclomaticComplexity="0" maxCrapScore="0" minCrapScore="0" visitedClasses="0" numClasses="0" visitedMethods="0" numMethods="1" />
              <MetadataToken>100663341</MetadataToken>
              <Name>System.Void Field::Awake()</Name>
              <FileRef uid="6" />
              <SequencePoints>
                <SequencePoint vc="0" uspid="1505" ordinal="0" offset="0" sl="31" sc="0" el="31" ec="0" bec="0" bev="0" fileid="6" />
                <SequencePoint vc="0" uspid="1506" ordinal="0" offset="1" sl="32" sc="0" el="32" ec="0" bec="0" bev="0" fileid="6" />
                <SequencePoint vc="0" uspid="1507" ordinal="0" offset="16" sl="33" sc="0" el="33" ec="0" bec="0" bev="0" fileid="6" />
                <SequencePoint vc="0" uspid="1508" ordinal="0" offset="17" sl="34" sc="0" el="34" ec="0" bec="0" bev="0" fileid="6" />
                <SequencePoint vc="0" uspid="1509" ordinal="0" offset="23" sl="35" sc="0" el="35" ec="0" bec="0" bev="0" fileid="6" />
                <SequencePoint vc="0" uspid="1510" ordinal="0" offset="24" sl="36" sc="0" el="36" ec="0" bec="0" bev="0" fileid="6" />
              </SequencePoints>
              <BranchPoints />
            </Method>
            <Method visited="false" cyclomaticComplexity="0" nPathComplexity="0" sequenceCoverage="0.0" branchCoverage="0" crapScore="0" isConstructor="false" isStatic="false" isGetter="false" isSetter="false">
              <Summary numSequencePoints="26" visitedSequencePoints="0" numBranchPoints="0" visitedBranchPoints="0" sequenceCoverage="0.0" branchCoverage="0" maxCyclomaticComplexity="0" minCyclomaticComplexity="0" maxCrapScore="0" minCrapScore="0" visitedClasses="0" numClasses="0" visitedMethods="0" numMethods="1" />
              <MetadataToken>100663342</MetadataToken>
              <Name>System.Void Field::CreateField()</Name>
              <FileRef uid="6" />
              <SequencePoints>
                <SequencePoint vc="0" uspid="1511" ordinal="0" offset="0" sl="40" sc="4" el="40" ec="4" bec="0" bev="0" fileid="6" />
                <SequencePoint vc="0" uspid="1512" ordinal="0" offset="1" sl="41" sc="7" el="41" ec="7" bec="0" bev="0" fileid="6" />
                <SequencePoint vc="0" uspid="1513" ordinal="0" offset="24" sl="42" sc="7" el="42" ec="7" bec="0" bev="0" fileid="6" />
                <SequencePoint vc="0" uspid="1514" ordinal="0" offset="47" sl="44" sc="7" el="44" ec="7" bec="0" bev="0" fileid="6" />
                <SequencePoint vc="0" uspid="1515" ordinal="0" offset="76" sl="45" sc="7" el="45" ec="7" bec="0" bev="0" fileid="6" />
                <SequencePoint vc="0" uspid="1516" ordinal="0" offset="95" sl="47" sc="7" el="47" ec="7" bec="0" bev="0" fileid="6" />
                <SequencePoint vc="0" uspid="1517" ordinal="0" offset="124" sl="48" sc="7" el="48" ec="7" bec="0" bev="0" fileid="6" />
                <SequencePoint vc="0" uspid="1518" ordinal="0" offset="152" sl="50" sc="12" el="50" ec="12" bec="0" bev="0" fileid="6" />
                <SequencePoint vc="0" uspid="1519" ordinal="0" offset="159" sl="51" sc="7" el="51" ec="7" bec="0" bev="0" fileid="6" />
                <SequencePoint vc="0" uspid="1520" ordinal="0" offset="160" sl="52" sc="15" el="52" ec="15" bec="0" bev="0" fileid="6" />
                <SequencePoint vc="0" uspid="1521" ordinal="0" offset="168" sl="53" sc="10" el="53" ec="10" bec="0" bev="0" fileid="6" />
                <SequencePoint vc="0" uspid="1522" ordinal="0" offset="169" sl="54" sc="13" el="54" ec="13" bec="0" bev="0" fileid="6" />
                <SequencePoint vc="0" uspid="1523" ordinal="0" offset="189" sl="55" sc="13" el="55" ec="13" bec="0" bev="0" fileid="6" />
                <SequencePoint vc="0" uspid="1524" ordinal="0" offset="234" sl="56" sc="13" el="56" ec="13" bec="0" bev="0" fileid="6" />
                <SequencePoint vc="0" uspid="1525" ordinal="0" offset="254" sl="58" sc="13" el="58" ec="13" bec="0" bev="0" fileid="6" />
                <SequencePoint vc="0" uspid="1526" ordinal="0" offset="265" sl="59" sc="13" el="59" ec="13" bec="0" bev="0" fileid="6" />
                <SequencePoint vc="0" uspid="1527" ordinal="0" offset="275" sl="61" sc="13" el="61" ec="13" bec="0" bev="0" fileid="6" />
                <SequencePoint vc="0" uspid="1528" ordinal="0" offset="291" sl="62" sc="13" el="62" ec="13" bec="0" bev="0" fileid="6" />
                <SequencePoint vc="0" uspid="1529" ordinal="0" offset="307" sl="64" sc="13" el="64" ec="13" bec="0" bev="0" fileid="6" />
                <SequencePoint vc="0" uspid="1530" ordinal="0" offset="319" sl="65" sc="10" el="65" ec="10" bec="0" bev="0" fileid="6" />
                <SequencePoint vc="0" uspid="1531" ordinal="0" offset="320" sl="52" sc="41" el="52" ec="41" bec="0" bev="0" fileid="6" />
                <SequencePoint vc="0" uspid="1532" ordinal="0" offset="326" sl="52" sc="26" el="52" ec="26" bec="0" bev="0" fileid="6" />
                <SequencePoint vc="0" uspid="1533" ordinal="0" offset="345" sl="66" sc="7" el="66" ec="7" bec="0" bev="0" fileid="6" />
                <SequencePoint vc="0" uspid="1534" ordinal="0" offset="346" sl="50" sc="38" el="50" ec="38" bec="0" bev="0" fileid="6" />
                <SequencePoint vc="0" uspid="1535" ordinal="0" offset="350" sl="50" sc="23" el="50" ec="23" bec="0" bev="0" fileid="6" />
                <SequencePoint vc="0" uspid="1536" ordinal="0" offset="368" sl="67" sc="4" el="67" ec="4" bec="0" bev="0" fileid="6" />
              </SequencePoints>
              <BranchPoints />
            </Method>
            <Method visited="false" cyclomaticComplexity="0" nPathComplexity="0" sequenceCoverage="0.0" branchCoverage="0" crapScore="0" isConstructor="false" isStatic="false" isGetter="false" isSetter="false">
              <Summary numSequencePoints="27" visitedSequencePoints="0" numBranchPoints="0" visitedBranchPoints="0" sequenceCoverage="0.0" branchCoverage="0" maxCyclomaticComplexity="0" minCyclomaticComplexity="0" maxCrapScore="0" minCrapScore="0" visitedClasses="0" numClasses="0" visitedMethods="0" numMethods="1" />
              <MetadataToken>100663343</MetadataToken>
              <Name>System.Void Field::GenerateField()</Name>
              <FileRef uid="6" />
              <SequencePoints>
                <SequencePoint vc="0" uspid="1537" ordinal="0" offset="0" sl="70" sc="0" el="70" ec="0" bec="0" bev="0" fileid="6" />
                <SequencePoint vc="0" uspid="1538" ordinal="0" offset="1" sl="71" sc="0" el="71" ec="0" bec="0" bev="0" fileid="6" />
                <SequencePoint vc="0" uspid="1539" ordinal="0" offset="14" sl="72" sc="0" el="72" ec="0" bec="0" bev="0" fileid="6" />
                <SequencePoint vc="0" uspid="1540" ordinal="0" offset="15" sl="73" sc="0" el="73" ec="0" bec="0" bev="0" fileid="6" />
                <SequencePoint vc="0" uspid="1541" ordinal="0" offset="22" sl="74" sc="0" el="74" ec="0" bec="0" bev="0" fileid="6" />
                <SequencePoint vc="0" uspid="1542" ordinal="0" offset="23" sl="76" sc="0" el="76" ec="0" bec="0" bev="0" fileid="6" />
                <SequencePoint vc="0" uspid="1543" ordinal="0" offset="30" sl="77" sc="0" el="77" ec="0" bec="0" bev="0" fileid="6" />
                <SequencePoint vc="0" uspid="1544" ordinal="0" offset="35" sl="78" sc="0" el="78" ec="0" bec="0" bev="0" fileid="6" />
                <SequencePoint vc="0" uspid="1545" ordinal="0" offset="36" sl="79" sc="0" el="79" ec="0" bec="0" bev="0" fileid="6" />
                <SequencePoint vc="0" uspid="1546" ordinal="0" offset="38" sl="82" sc="0" el="82" ec="0" bec="0" bev="0" fileid="6" />
                <SequencePoint vc="0" uspid="1547" ordinal="0" offset="42" sl="83" sc="0" el="83" ec="0" bec="0" bev="0" fileid="6" />
                <SequencePoint vc="0" uspid="1548" ordinal="0" offset="43" sl="84" sc="0" el="84" ec="0" bec="0" bev="0" fileid="6" />
                <SequencePoint vc="0" uspid="1549" ordinal="0" offset="48" sl="85" sc="0" el="85" ec="0" bec="0" bev="0" fileid="6" />
                <SequencePoint vc="0" uspid="1550" ordinal="0" offset="49" sl="86" sc="0" el="86" ec="0" bec="0" bev="0" fileid="6" />
                <SequencePoint vc="0" uspid="1551" ordinal="0" offset="73" sl="87" sc="0" el="87" ec="0" bec="0" bev="0" fileid="6" />
                <SequencePoint vc="0" uspid="1552" ordinal="0" offset="74" sl="84" sc="0" el="84" ec="0" bec="0" bev="0" fileid="6" />
                <SequencePoint vc="0" uspid="1553" ordinal="0" offset="80" sl="84" sc="0" el="84" ec="0" bec="0" bev="0" fileid="6" />
                <SequencePoint vc="0" uspid="1554" ordinal="0" offset="96" sl="88" sc="0" el="88" ec="0" bec="0" bev="0" fileid="6" />
                <SequencePoint vc="0" uspid="1555" ordinal="0" offset="97" sl="82" sc="0" el="82" ec="0" bec="0" bev="0" fileid="6" />
                <SequencePoint vc="0" uspid="1556" ordinal="0" offset="101" sl="82" sc="0" el="82" ec="0" bec="0" bev="0" fileid="6" />
                <SequencePoint vc="0" uspid="1557" ordinal="0" offset="116" sl="90" sc="0" el="90" ec="0" bec="0" bev="0" fileid="6" />
                <SequencePoint vc="0" uspid="1558" ordinal="0" offset="121" sl="91" sc="0" el="91" ec="0" bec="0" bev="0" fileid="6" />
                <SequencePoint vc="0" uspid="1559" ordinal="0" offset="122" sl="92" sc="0" el="92" ec="0" bec="0" bev="0" fileid="6" />
                <SequencePoint vc="0" uspid="1560" ordinal="0" offset="129" sl="93" sc="0" el="93" ec="0" bec="0" bev="0" fileid="6" />
                <SequencePoint vc="0" uspid="1561" ordinal="0" offset="130" sl="90" sc="0" el="90" ec="0" bec="0" bev="0" fileid="6" />
                <SequencePoint vc="0" uspid="1562" ordinal="0" offset="136" sl="90" sc="0" el="90" ec="0" bec="0" bev="0" fileid="6" />
                <SequencePoint vc="0" uspid="1563" ordinal="0" offset="152" sl="94" sc="0" el="94" ec="0" bec="0" bev="0" fileid="6" />
              </SequencePoints>
              <BranchPoints />
            </Method>
            <Method visited="false" cyclomaticComplexity="0" nPathComplexity="0" sequenceCoverage="0.0" branchCoverage="0" crapScore="0" isConstructor="false" isStatic="false" isGetter="false" isSetter="false">
              <Summary numSequencePoints="23" visitedSequencePoints="0" numBranchPoints="0" visitedBranchPoints="0" sequenceCoverage="0.0" branchCoverage="0" maxCyclomaticComplexity="0" minCyclomaticComplexity="0" maxCrapScore="0" minCrapScore="0" visitedClasses="0" numClasses="0" visitedMethods="0" numMethods="1" />
              <MetadataToken>100663344</MetadataToken>
              <Name>System.Void Field::GenerateNewField()</Name>
              <FileRef uid="6" />
              <SequencePoints>
                <SequencePoint vc="0" uspid="1564" ordinal="0" offset="0" sl="97" sc="0" el="97" ec="0" bec="0" bev="0" fileid="6" />
                <SequencePoint vc="0" uspid="1565" ordinal="0" offset="1" sl="98" sc="0" el="98" ec="0" bec="0" bev="0" fileid="6" />
                <SequencePoint vc="0" uspid="1566" ordinal="0" offset="14" sl="99" sc="0" el="99" ec="0" bec="0" bev="0" fileid="6" />
                <SequencePoint vc="0" uspid="1567" ordinal="0" offset="15" sl="100" sc="0" el="100" ec="0" bec="0" bev="0" fileid="6" />
                <SequencePoint vc="0" uspid="1568" ordinal="0" offset="22" sl="101" sc="0" el="101" ec="0" bec="0" bev="0" fileid="6" />
                <SequencePoint vc="0" uspid="1569" ordinal="0" offset="23" sl="103" sc="0" el="103" ec="0" bec="0" bev="0" fileid="6" />
                <SequencePoint vc="0" uspid="1570" ordinal="0" offset="27" sl="104" sc="0" el="104" ec="0" bec="0" bev="0" fileid="6" />
                <SequencePoint vc="0" uspid="1571" ordinal="0" offset="28" sl="105" sc="0" el="105" ec="0" bec="0" bev="0" fileid="6" />
                <SequencePoint vc="0" uspid="1572" ordinal="0" offset="32" sl="106" sc="0" el="106" ec="0" bec="0" bev="0" fileid="6" />
                <SequencePoint vc="0" uspid="1573" ordinal="0" offset="33" sl="107" sc="0" el="107" ec="0" bec="0" bev="0" fileid="6" />
                <SequencePoint vc="0" uspid="1574" ordinal="0" offset="55" sl="108" sc="0" el="108" ec="0" bec="0" bev="0" fileid="6" />
                <SequencePoint vc="0" uspid="1575" ordinal="0" offset="56" sl="105" sc="0" el="105" ec="0" bec="0" bev="0" fileid="6" />
                <SequencePoint vc="0" uspid="1576" ordinal="0" offset="60" sl="105" sc="0" el="105" ec="0" bec="0" bev="0" fileid="6" />
                <SequencePoint vc="0" uspid="1577" ordinal="0" offset="73" sl="109" sc="0" el="109" ec="0" bec="0" bev="0" fileid="6" />
                <SequencePoint vc="0" uspid="1578" ordinal="0" offset="74" sl="103" sc="0" el="103" ec="0" bec="0" bev="0" fileid="6" />
                <SequencePoint vc="0" uspid="1579" ordinal="0" offset="78" sl="103" sc="0" el="103" ec="0" bec="0" bev="0" fileid="6" />
                <SequencePoint vc="0" uspid="1580" ordinal="0" offset="93" sl="111" sc="0" el="111" ec="0" bec="0" bev="0" fileid="6" />
                <SequencePoint vc="0" uspid="1581" ordinal="0" offset="98" sl="112" sc="0" el="112" ec="0" bec="0" bev="0" fileid="6" />
                <SequencePoint vc="0" uspid="1582" ordinal="0" offset="99" sl="113" sc="0" el="113" ec="0" bec="0" bev="0" fileid="6" />
                <SequencePoint vc="0" uspid="1583" ordinal="0" offset="106" sl="114" sc="0" el="114" ec="0" bec="0" bev="0" fileid="6" />
                <SequencePoint vc="0" uspid="1584" ordinal="0" offset="107" sl="111" sc="0" el="111" ec="0" bec="0" bev="0" fileid="6" />
                <SequencePoint vc="0" uspid="1585" ordinal="0" offset="113" sl="111" sc="0" el="111" ec="0" bec="0" bev="0" fileid="6" />
                <SequencePoint vc="0" uspid="1586" ordinal="0" offset="129" sl="115" sc="0" el="115" ec="0" bec="0" bev="0" fileid="6" />
              </SequencePoints>
              <BranchPoints />
            </Method>
            <Method visited="false" cyclomaticComplexity="0" nPathComplexity="0" sequenceCoverage="0.0" branchCoverage="0" crapScore="0" isConstructor="false" isStatic="false" isGetter="false" isSetter="false">
              <Summary numSequencePoints="22" visitedSequencePoints="0" numBranchPoints="0" visitedBranchPoints="0" sequenceCoverage="0.0" branchCoverage="0" maxCyclomaticComplexity="0" minCyclomaticComplexity="0" maxCrapScore="0" minCrapScore="0" visitedClasses="0" numClasses="0" visitedMethods="0" numMethods="1" />
              <MetadataToken>100663345</MetadataToken>
              <Name>UnityEngine.Vector2Int Field::GetEmptyPosition()</Name>
              <FileRef uid="6" />
              <SequencePoints>
                <SequencePoint vc="0" uspid="1587" ordinal="0" offset="0" sl="118" sc="0" el="118" ec="0" bec="0" bev="0" fileid="6" />
                <SequencePoint vc="0" uspid="1588" ordinal="0" offset="1" sl="119" sc="0" el="119" ec="0" bec="0" bev="0" fileid="6" />
                <SequencePoint vc="0" uspid="1589" ordinal="0" offset="7" sl="121" sc="0" el="121" ec="0" bec="0" bev="0" fileid="6" />
                <SequencePoint vc="0" uspid="1590" ordinal="0" offset="11" sl="122" sc="0" el="122" ec="0" bec="0" bev="0" fileid="6" />
                <SequencePoint vc="0" uspid="1591" ordinal="0" offset="12" sl="123" sc="0" el="123" ec="0" bec="0" bev="0" fileid="6" />
                <SequencePoint vc="0" uspid="1592" ordinal="0" offset="16" sl="124" sc="0" el="124" ec="0" bec="0" bev="0" fileid="6" />
                <SequencePoint vc="0" uspid="1593" ordinal="0" offset="17" sl="125" sc="0" el="125" ec="0" bec="0" bev="0" fileid="6" />
                <SequencePoint vc="0" uspid="1594" ordinal="0" offset="41" sl="126" sc="0" el="126" ec="0" bec="0" bev="0" fileid="6" />
                <SequencePoint vc="0" uspid="1595" ordinal="0" offset="42" sl="127" sc="0" el="127" ec="0" bec="0" bev="0" fileid="6" />
                <SequencePoint vc="0" uspid="1596" ordinal="0" offset="62" sl="128" sc="0" el="128" ec="0" bec="0" bev="0" fileid="6" />
                <SequencePoint vc="0" uspid="1597" ordinal="0" offset="63" sl="129" sc="0" el="129" ec="0" bec="0" bev="0" fileid="6" />
                <SequencePoint vc="0" uspid="1598" ordinal="0" offset="64" sl="123" sc="0" el="123" ec="0" bec="0" bev="0" fileid="6" />
                <SequencePoint vc="0" uspid="1599" ordinal="0" offset="68" sl="123" sc="0" el="123" ec="0" bec="0" bev="0" fileid="6" />
                <SequencePoint vc="0" uspid="1600" ordinal="0" offset="83" sl="130" sc="0" el="130" ec="0" bec="0" bev="0" fileid="6" />
                <SequencePoint vc="0" uspid="1601" ordinal="0" offset="84" sl="121" sc="0" el="121" ec="0" bec="0" bev="0" fileid="6" />
                <SequencePoint vc="0" uspid="1602" ordinal="0" offset="88" sl="121" sc="0" el="121" ec="0" bec="0" bev="0" fileid="6" />
                <SequencePoint vc="0" uspid="1603" ordinal="0" offset="103" sl="132" sc="0" el="132" ec="0" bec="0" bev="0" fileid="6" />
                <SequencePoint vc="0" uspid="1604" ordinal="0" offset="118" sl="133" sc="0" el="133" ec="0" bec="0" bev="0" fileid="6" />
                <SequencePoint vc="0" uspid="1605" ordinal="0" offset="119" sl="134" sc="0" el="134" ec="0" bec="0" bev="0" fileid="6" />
                <SequencePoint vc="0" uspid="1606" ordinal="0" offset="130" sl="137" sc="0" el="137" ec="0" bec="0" bev="0" fileid="6" />
                <SequencePoint vc="0" uspid="1607" ordinal="0" offset="149" sl="139" sc="0" el="139" ec="0" bec="0" bev="0" fileid="6" />
                <SequencePoint vc="0" uspid="1608" ordinal="0" offset="170" sl="140" sc="0" el="140" ec="0" bec="0" bev="0" fileid="6" />
              </SequencePoints>
              <BranchPoints />
            </Method>
            <Method visited="false" cyclomaticComplexity="0" nPathComplexity="0" sequenceCoverage="0.0" branchCoverage="0" crapScore="0" isConstructor="false" isStatic="false" isGetter="false" isSetter="false">
              <Summary numSequencePoints="6" visitedSequencePoints="0" numBranchPoints="0" visitedBranchPoints="0" sequenceCoverage="0.0" branchCoverage="0" maxCyclomaticComplexity="0" minCyclomaticComplexity="0" maxCrapScore="0" minCrapScore="0" visitedClasses="0" numClasses="0" visitedMethods="0" numMethods="1" />
              <MetadataToken>100663346</MetadataToken>
              <Name>System.Void Field::CreateCell()</Name>
              <FileRef uid="6" />
              <SequencePoints>
                <SequencePoint vc="0" uspid="1609" ordinal="0" offset="0" sl="143" sc="0" el="143" ec="0" bec="0" bev="0" fileid="6" />
[...]
                <SequencePoint vc="0" uspid="1964" ordinal="0" offset="50" sl="56" sc="0" el="56" ec="0" bec="0" bev="0" fileid="9" />
                <SequencePoint vc="0" uspid="1965" ordinal="0" offset="72" sl="57" sc="0" el="57" ec="0" bec="0" bev="0" fileid="9" />
                <SequencePoint vc="0" uspid="1966" ordinal="0" offset="88" sl="61" sc="0" el="61" ec="0" bec="0" bev="0" fileid="9" />
                <SequencePoint vc="0" uspid="1967" ordinal="0" offset="89" sl="62" sc="0" el="62" ec="0" bec="0" bev="0" fileid="9" />
                <SequencePoint vc="0" uspid="1968" ordinal="0" offset="94" sl="64" sc="0" el="64" ec="0" bec="0" bev="0" fileid="9" />
              </SequencePoints>
              <BranchPoints />
            </Method>
          </Methods>
        </Class>
        <Class>
          <Summary numSequencePoints="57" visitedSequencePoints="0" numBranchPoints="0" visitedBranchPoints="0" sequenceCoverage="0.0" branchCoverage="0.0" maxCyclomaticComplexity="0" minCyclomaticComplexity="0" maxCrapScore="0" minCrapScore="0" visitedClasses="0" numClasses="1" visitedMethods="0" numMethods="13" />
          <FullName>GameInput/GameplayActions</FullName>
          <Methods>
            <Method visited="false" cyclomaticComplexity="0" nPathComplexity="0" sequenceCoverage="0.0" branchCoverage="0" crapScore="0" isConstructor="false" isStatic="false" isGetter="true" isSetter="false">
              <Summary numSequencePoints="1" visitedSequencePoints="0" numBranchPoints="0" visitedBranchPoints="0" sequenceCoverage="0.0" branchCoverage="0" maxCyclomaticComplexity="0" minCyclomaticComplexity="0" maxCrapScore="0" minCrapScore="0" visitedClasses="0" numClasses="0" visitedMethods="0" numMethods="1" />
              <MetadataToken>100663387</MetadataToken>
              <Name>UnityEngine.InputSystem.InputAction GameInput/GameplayActions::get_Move()</Name>
              <FileRef uid="2" />
              <SequencePoints>
                <SequencePoint vc="0" uspid="1969" ordinal="0" offset="0" sl="274" sc="0" el="274" ec="0" bec="0" bev="0" fileid="2" />
              </SequencePoints>
              <BranchPoints />
            </Method>
            <Method visited="false" cyclomaticComplexity="0" nPathComplexity="0" sequenceCoverage="0.0" branchCoverage="0" crapScore="0" isConstructor="false" isStatic="false" isGetter="true" isSetter="false">
              <Summary numSequencePoints="1" visitedSequencePoints="0" numBranchPoints="0" visitedBranchPoints="0" sequenceCoverage="0.0" branchCoverage="0" maxCyclomaticComplexity="0" minCyclomaticComplexity="0" maxCrapScore="0" minCrapScore="0" visitedClasses="0" numClasses="0" visitedMethods="0" numMethods="1" />
              <MetadataToken>100663388</MetadataToken>
              <Name>UnityEngine.InputSystem.InputAction GameInput/GameplayActions::get_MouseSwipe()</Name>
              <FileRef uid="2" />
              <SequencePoints>
                <SequencePoint vc="0" uspid="1970" ordinal="0" offset="0" sl="275" sc="0" el="275" ec="0" bec="0" bev="0" fileid="2" />
              </SequencePoints>
              <BranchPoints />
            </Method>
            <Method visited="false" cyclomaticComplexity="0" nPathComplexity="0" sequenceCoverage="0.0" branchCoverage="0" crapScore="0" isConstructor="false" isStatic="false" isGetter="true" isSetter="false">
              <Summary numSequencePoints="1" visitedSequencePoints="0" numBranchPoints="0" visitedBranchPoints="0" sequenceCoverage="0.0" branchCoverage="0" maxCyclomaticComplexity="0" minCyclomaticComplexity="0" maxCrapScore="0" minCrapScore="0" visitedClasses="0" numClasses="0" visitedMethods="0" numMethods="1" />
              <MetadataToken>100663389</MetadataToken>
              <Name>UnityEngine.InputSystem.InputAction GameInput/GameplayActions::get_ScreenSwipe()</Name>
              <FileRef uid="2" />
              <SequencePoints>
                <SequencePoint vc="0" uspid="1971" ordinal="0" offset="0" sl="276" sc="0" el="276" ec="0" bec="0" bev="0" fileid="2" />
              </SequencePoints>
              <BranchPoints />
            </Method>
            <Method visited="false" cyclomaticComplexity="0" nPathComplexity="0" sequenceCoverage="0.0" branchCoverage="0" crapScore="0" isConstructor="false" isStatic="false" isGetter="false" isSetter="false">
              <Summary numSequencePoints="3" visitedSequencePoints="0" numBranchPoints="0" visitedBranchPoints="0" sequenceCoverage="0.0" branchCoverage="0" maxCyclomaticComplexity="0" minCyclomaticComplexity="0" maxCrapScore="0" minCrapScore="0" visitedClasses="0" numClasses="0" visitedMethods="0" numMethods="1" />
              <MetadataToken>100663390</MetadataToken>
              <Name>UnityEngine.InputSystem.InputActionMap GameInput/GameplayActions::Get()</Name>
              <FileRef uid="2" />
              <SequencePoints>
                <SequencePoint vc="0" uspid="1972" ordinal="0" offset="0" sl="277" sc="0" el="277" ec="0" bec="0" bev="0" fileid="2" />
                <SequencePoint vc="0" uspid="1973" ordinal="0" offset="1" sl="277" sc="0" el="277" ec="0" bec="0" bev="0" fileid="2" />
                <SequencePoint vc="0" uspid="1974" ordinal="0" offset="15" sl="277" sc="0" el="277" ec="0" bec="0" bev="0" fileid="2" />
              </SequencePoints>
              <BranchPoints />
            </Method>
            <Method visited="false" cyclomaticComplexity="0" nPathComplexity="0" sequenceCoverage="0.0" branchCoverage="0" crapScore="0" isConstructor="false" isStatic="false" isGetter="false" isSetter="false">
              <Summary numSequencePoints="3" visitedSequencePoints="0" numBranchPoints="0" visitedBranchPoints="0" sequenceCoverage="0.0" branchCoverage="0" maxCyclomaticComplexity="0" minCyclomaticComplexity="0" maxCrapScore="0" minCrapScore="0" visitedClasses="0" numClasses="0" visitedMethods="0" numMethods="1" />
              <MetadataToken>100663391</MetadataToken>
              <Name>System.Void GameInput/GameplayActions::Enable()</Name>
              <FileRef uid="2" />
              <SequencePoints>
                <SequencePoint vc="0" uspid="1975" ordinal="0" offset="0" sl="278" sc="0" el="278" ec="0" bec="0" bev="0" fileid="2" />
                <SequencePoint vc="0" uspid="1976" ordinal="0" offset="1" sl="278" sc="0" el="278" ec="0" bec="0" bev="0" fileid="2" />
                <SequencePoint vc="0" uspid="1977" ordinal="0" offset="13" sl="278" sc="0" el="278" ec="0" bec="0" bev="0" fileid="2" />
              </SequencePoints>
              <BranchPoints />
            </Method>
            <Method visited="false" cyclomaticComplexity="0" nPathComplexity="0" sequenceCoverage="0.0" branchCoverage="0" crapScore="0" isConstructor="false" isStatic="false" isGetter="false" isSetter="false">
              <Summary numSequencePoints="3" visitedSequencePoints="0" numBranchPoints="0" visitedBranchPoints="0" sequenceCoverage="0.0" branchCoverage="0" maxCyclomaticComplexity="0" minCyclomaticComplexity="0" maxCrapScore="0" minCrapScore="0" visitedClasses="0" numClasses="0" visitedMethods="0" numMethods="1" />
              <MetadataToken>100663392</MetadataToken>
              <Name>System.Void GameInput/GameplayActions::Disable()</Name>
              <FileRef uid="2" />
              <SequencePoints>
                <SequencePoint vc="0" uspid="1978" ordinal="0" offset="0" sl="279" sc="0" el="279" ec="0" bec="0" bev="0" fileid="2" />
                <SequencePoint vc="0" uspid="1979" ordinal="0" offset="1" sl="279" sc="0" el="279" ec="0" bec="0" bev="0" fileid="2" />
                <SequencePoint vc="0" uspid="1980" ordinal="0" offset="13" sl="279" sc="0" el="279" ec="0" bec="0" bev="0" fileid="2" />
              </SequencePoints>
              <BranchPoints />
            </Method>
            <Method visited="false" cyclomaticComplexity="0" nPathComplexity="0" sequenceCoverage="0.0" branchCoverage="0" crapScore="0" isConstructor="false" isStatic="false" isGetter="true" isSetter="false">
              <Summary numSequencePoints="1" visitedSequencePoints="0" numBranchPoints="0" visitedBranchPoints="0" sequenceCoverage="0.0" branchCoverage="0" maxCyclomaticComplexity="0" minCyclomaticComplexity="0" maxCrapScore="0" minCrapScore="0" visitedClasses="0" numClasses="0" visitedMethods="0" numMethods="1" />
              <MetadataToken>100663393</MetadataToken>
              <Name>System.Boolean GameInput/GameplayActions::get_enabled()</Name>
              <FileRef uid="2" />
              <SequencePoints>
                <SequencePoint vc="0" uspid="1981" ordinal="0" offset="0" sl="280" sc="0" el="280" ec="0" bec="0" bev="0" fileid="2" />
              </SequencePoints>
              <BranchPoints />
            </Method>
            <Method visited="false" cyclomaticComplexity="0" nPathComplexity="0" sequenceCoverage="0.0" branchCoverage="0" crapScore="0" isConstructor="false" isStatic="true" isGetter="false" isSetter="false">
              <Summary numSequencePoints="3" visitedSequencePoints="0" numBranchPoints="0" visitedBranchPoints="0" sequenceCoverage="0.0" branchCoverage="0" maxCyclomaticComplexity="0" minCyclomaticComplexity="0" maxCrapScore="0" minCrapScore="0" visitedClasses="0" numClasses="0" visitedMethods="0" numMethods="1" />
              <MetadataToken>100663394</MetadataToken>
              <Name>static UnityEngine.InputSystem.InputActionMap GameInput/GameplayActions::implicit operator UnityEngine.InputSystem.InputActionMap(GameInput/GameplayActions)</Name>
              <FileRef uid="2" />
              <SequencePoints>
                <SequencePoint vc="0" uspid="1982" ordinal="0" offset="0" sl="281" sc="0" el="281" ec="0" bec="0" bev="0" fileid="2" />
                <SequencePoint vc="0" uspid="1983" ordinal="0" offset="1" sl="281" sc="0" el="281" ec="0" bec="0" bev="0" fileid="2" />
                <SequencePoint vc="0" uspid="1984" ordinal="0" offset="11" sl="281" sc="0" el="281" ec="0" bec="0" bev="0" fileid="2" />
              </SequencePoints>
              <BranchPoints />
            </Method>
            <Method visited="false" cyclomaticComplexity="0" nPathComplexity="0" sequenceCoverage="0.0" branchCoverage="0" crapScore="0" isConstructor="false" isStatic="false" isGetter="false" isSetter="false">
              <Summary numSequencePoints="14" visitedSequencePoints="0" numBranchPoints="0" visitedBranchPoints="0" sequenceCoverage="0.0" branchCoverage="0" maxCyclomaticComplexity="0" minCyclomaticComplexity="0" maxCrapScore="0" minCrapScore="0" visitedClasses="0" numClasses="0" visitedMethods="0" numMethods="1" />
              <MetadataToken>100663395</MetadataToken>
              <Name>System.Void GameInput/GameplayActions::AddCallbacks(GameInput/IGameplayActions)</Name>
              <FileRef uid="2" />
              <SequencePoints>
                <SequencePoint vc="0" uspid="1985" ordinal="0" offset="0" sl="283" sc="0" el="283" ec="0" bec="0" bev="0" fileid="2" />
                <SequencePoint vc="0" uspid="1986" ordinal="0" offset="1" sl="284" sc="0" el="284" ec="0" bec="0" bev="0" fileid="2" />
                <SequencePoint vc="0" uspid="1987" ordinal="0" offset="28" sl="284" sc="0" el="284" ec="0" bec="0" bev="0" fileid="2" />
                <SequencePoint vc="0" uspid="1988" ordinal="0" offset="33" sl="285" sc="0" el="285" ec="0" bec="0" bev="0" fileid="2" />
                <SequencePoint vc="0" uspid="1989" ordinal="0" offset="51" sl="286" sc="0" el="286" ec="0" bec="0" bev="0" fileid="2" />
                <SequencePoint vc="0" uspid="1990" ordinal="0" offset="76" sl="287" sc="0" el="287" ec="0" bec="0" bev="0" fileid="2" />
                <SequencePoint vc="0" uspid="1991" ordinal="0" offset="101" sl="288" sc="0" el="288" ec="0" bec="0" bev="0" fileid="2" />
                <SequencePoint vc="0" uspid="1992" ordinal="0" offset="126" sl="289" sc="0" el="289" ec="0" bec="0" bev="0" fileid="2" />
                <SequencePoint vc="0" uspid="1993" ordinal="0" offset="151" sl="290" sc="0" el="290" ec="0" bec="0" bev="0" fileid="2" />
                <SequencePoint vc="0" uspid="1994" ordinal="0" offset="176" sl="291" sc="0" el="291" ec="0" bec="0" bev="0" fileid="2" />
                <SequencePoint vc="0" uspid="1995" ordinal="0" offset="201" sl="292" sc="0" el="292" ec="0" bec="0" bev="0" fileid="2" />
                <SequencePoint vc="0" uspid="1996" ordinal="0" offset="226" sl="293" sc="0" el="293" ec="0" bec="0" bev="0" fileid="2" />
                <SequencePoint vc="0" uspid="1997" ordinal="0" offset="251" sl="294" sc="0" el="294" ec="0" bec="0" bev="0" fileid="2" />
                <SequencePoint vc="0" uspid="1998" ordinal="0" offset="276" sl="295" sc="0" el="295" ec="0" bec="0" bev="0" fileid="2" />
              </SequencePoints>
              <BranchPoints />
            </Method>
            <Method visited="false" cyclomaticComplexity="0" nPathComplexity="0" sequenceCoverage="0.0" branchCoverage="0" crapScore="0" isConstructor="false" isStatic="false" isGetter="false" isSetter="false">
              <Summary numSequencePoints="11" visitedSequencePoints="0" numBranchPoints="0" visitedBranchPoints="0" sequenceCoverage="0.0" branchCoverage="0" maxCyclomaticComplexity="0" minCyclomaticComplexity="0" maxCrapScore="0" minCrapScore="0" visitedClasses="0" numClasses="0" visitedMethods="0" numMethods="1" />
              <MetadataToken>100663396</MetadataToken>
              <Name>System.Void GameInput/GameplayActions::UnregisterCallbacks(GameInput/IGameplayActions)</Name>
              <FileRef uid="2" />
              <SequencePoints>
                <SequencePoint vc="0" uspid="1999" ordinal="0" offset="0" sl="298" sc="0" el="298" ec="0" bec="0" bev="0" fileid="2" />
                <SequencePoint vc="0" uspid="2000" ordinal="0" offset="1" sl="299" sc="0" el="299" ec="0" bec="0" bev="0" fileid="2" />
                <SequencePoint vc="0" uspid="2001" ordinal="0" offset="26" sl="300" sc="0" el="300" ec="0" bec="0" bev="0" fileid="2" />
                <SequencePoint vc="0" uspid="2002" ordinal="0" offset="51" sl="301" sc="0" el="301" ec="0" bec="0" bev="0" fileid="2" />
                <SequencePoint vc="0" uspid="2003" ordinal="0" offset="76" sl="302" sc="0" el="302" ec="0" bec="0" bev="0" fileid="2" />
                <SequencePoint vc="0" uspid="2004" ordinal="0" offset="101" sl="303" sc="0" el="303" ec="0" bec="0" bev="0" fileid="2" />
                <SequencePoint vc="0" uspid="2005" ordinal="0" offset="126" sl="304" sc="0" el="304" ec="0" bec="0" bev="0" fileid="2" />
                <SequencePoint vc="0" uspid="2006" ordinal="0" offset="151" sl="305" sc="0" el="305" ec="0" bec="0" bev="0" fileid="2" />
                <SequencePoint vc="0" uspid="2007" ordinal="0" offset="176" sl="306" sc="0" el="306" ec="0" bec="0" bev="0" fileid="2" />
                <SequencePoint vc="0" uspid="2008" ordinal="0" offset="201" sl="307" sc="0" el="307" ec="0" bec="0" bev="0" fileid="2" />
                <SequencePoint vc="0" uspid="2009" ordinal="0" offset="226" sl="308" sc="0" el="308" ec="0" bec="0" bev="0" fileid="2" />
              </SequencePoints>
              <BranchPoints />
            </Method>
            <Method visited="false" cyclomaticComplexity="0" nPathComplexity="0" sequenceCoverage="0.0" branchCoverage="0" crapScore="0" isConstructor="false" isStatic="false" isGetter="false" isSetter="false">
              <Summary numSequencePoints="4" visitedSequencePoints="0" numBranchPoints="0" visitedBranchPoints="0" sequenceCoverage="0.0" branchCoverage="0" maxCyclomaticComplexity="0" minCyclomaticComplexity="0" maxCrapScore="0" minCrapScore="0" visitedClasses="0" numClasses="0" visitedMethods="0" numMethods="1" />
              <MetadataToken>100663397</MetadataToken>
              <Name>System.Void GameInput/GameplayActions::RemoveCallbacks(GameInput/IGameplayActions)</Name>
              <FileRef uid="2" />
              <SequencePoints>
                <SequencePoint vc="0" uspid="2010" ordinal="0" offset="0" sl="311" sc="0" el="311" ec="0" bec="0" bev="0" fileid="2" />
                <SequencePoint vc="0" uspid="2011" ordinal="0" offset="1" sl="312" sc="0" el="312" ec="0" bec="0" bev="0" fileid="2" />
                <SequencePoint vc="0" uspid="2012" ordinal="0" offset="22" sl="313" sc="0" el="313" ec="0" bec="0" bev="0" fileid="2" />
                <SequencePoint vc="0" uspid="2013" ordinal="0" offset="30" sl="314" sc="0" el="314" ec="0" bec="0" bev="0" fileid="2" />
              </SequencePoints>
              <BranchPoints />
            </Method>
            <Method visited="false" cyclomaticComplexity="0" nPathComplexity="0" sequenceCoverage="0.0" branchCoverage="0" crapScore="0" isConstructor="false" isStatic="false" isGetter="false" isSetter="false">
              <Summary numSequencePoints="9" visitedSequencePoints="0" numBranchPoints="0" visitedBranchPoints="0" sequenceCoverage="0.0" branchCoverage="0" maxCyclomaticComplexity="0" minCyclomaticComplexity="0" maxCrapScore="0" minCrapScore="0" visitedClasses="0" numClasses="0" visitedMethods="0" numMethods="1" />
              <MetadataToken>100663398</MetadataToken>
              <Name>System.Void GameInput/GameplayActions::SetCallbacks(GameInput/IGameplayActions)</Name>
              <FileRef uid="2" />
              <SequencePoints>
                <SequencePoint vc="0" uspid="2014" ordinal="0" offset="0" sl="317" sc="0" el="317" ec="0" bec="0" bev="0" fileid="2" />
                <SequencePoint vc="0" uspid="2015" ordinal="0" offset="1" sl="318" sc="0" el="318" ec="0" bec="0" bev="0" fileid="2" />
                <SequencePoint vc="0" uspid="2016" ordinal="0" offset="2" sl="318" sc="0" el="318" ec="0" bec="0" bev="0" fileid="2" />
                <SequencePoint vc="0" uspid="2017" ordinal="0" offset="21" sl="318" sc="0" el="318" ec="0" bec="0" bev="0" fileid="2" />
                <SequencePoint vc="0" uspid="2018" ordinal="0" offset="29" sl="319" sc="0" el="319" ec="0" bec="0" bev="0" fileid="2" />
                <SequencePoint vc="0" uspid="2019" ordinal="0" offset="37" sl="318" sc="0" el="318" ec="0" bec="0" bev="0" fileid="2" />
                <SequencePoint vc="0" uspid="2020" ordinal="0" offset="63" sl="320" sc="0" el="320" ec="0" bec="0" bev="0" fileid="2" />
                <SequencePoint vc="0" uspid="2021" ordinal="0" offset="80" sl="321" sc="0" el="321" ec="0" bec="0" bev="0" fileid="2" />
                <SequencePoint vc="0" uspid="2022" ordinal="0" offset="88" sl="322" sc="0" el="322" ec="0" bec="0" bev="0" fileid="2" />
              </SequencePoints>
              <BranchPoints />
            </Method>
            <Method visited="false" cyclomaticComplexity="0" nPathComplexity="0" sequenceCoverage="0.0" branchCoverage="0" crapScore="0" isConstructor="true" isStatic="false" isGetter="false" isSetter="false">
              <Summary numSequencePoints="3" visitedSequencePoints="0" numBranchPoints="0" visitedBranchPoints="0" sequenceCoverage="0.0" branchCoverage="0" maxCyclomaticComplexity="0" minCyclomaticComplexity="0" maxCrapScore="0" minCrapScore="0" visitedClasses="0" numClasses="0" visitedMethods="0" numMethods="1" />
              <MetadataToken>100663386</MetadataToken>
              <Name>GameInput/GameplayActions::GameplayActions(GameInput)</Name>
              <FileRef uid="2" />
              <SequencePoints>
                <SequencePoint vc="0" uspid="2023" ordinal="0" offset="0" sl="273" sc="0" el="273" ec="0" bec="0" bev="0" fileid="2" />
                <SequencePoint vc="0" uspid="2024" ordinal="0" offset="1" sl="273" sc="0" el="273" ec="0" bec="0" bev="0" fileid="2" />
                <SequencePoint vc="0" uspid="2025" ordinal="0" offset="8" sl="273" sc="0" el="273" ec="0" bec="0" bev="0" fileid="2" />
              </SequencePoints>
              <BranchPoints />
            </Method>
          </Methods>
        </Class>
      </Classes>
    </Module>
  </Modules>
</CoverageSession>