<?xml version="1.0" encoding="utf-8"?>
<CoverageSession xmlns:xsd="http://www.w3.org/2001/XMLSchema" xmlns:xsi="http://www.w3.org/2001/XMLSchema-instance" Version="0.0.0.0">
  <Summary numSequencePoints="368" visitedSequencePoints="320" numBranchPoints="0" visitedBranchPoints="0" sequenceCoverage="86.96" branchCoverage="0.0" maxCyclomaticComplexity="0" minCyclomaticComplexity="0" maxCrapScore="0" minCrapScore="0" visitedClasses="5" numClasses="5" visitedMethods="47" numMethods="47" />
  <Modules>
    <Module>
      <Summary numSequencePoints="368" visitedSequencePoints="320" numBranchPoints="0" visitedBranchPoints="0" sequenceCoverage="86.96" branchCoverage="0.0" maxCyclomaticComplexity="0" minCyclomaticComplexity="0" maxCrapScore="0" minCrapScore="0" visitedClasses="5" numClasses="5" visitedMethods="47" numMethods="47" />
      <ModuleTime>0001-01-01T00:00:00</ModuleTime>
      <ModuleName>Core</ModuleName>
      <Files>
        <File uid="1" fullPath="/Users/artemakulov/Study/2 course/2 sem/Unity/2courseUnityLabs/Assets/_Source/_Core/Actions/GameInput.cs" />
        <File uid="2" fullPath="/Users/artemakulov/Study/2 course/2 sem/Unity/2courseUnityLabs/Assets/_Source/_Core/Singletons/ColorManager.cs" />
        <File uid="3" fullPath="/Users/artemakulov/Study/2 course/2 sem/Unity/2courseUnityLabs/Assets/_Source/_Core/Singletons/Field.cs" />
        <File uid="4" fullPath="/Users/artemakulov/Study/2 course/2 sem/Unity/2courseUnityLabs/Assets/_Source/_Core/Singletons/GameControlller.cs" />
        <File uid="5" fullPath="/Users/artemakulov/Study/2 course/2 sem/Unity/2courseUnityLabs/Assets/_Source/_Core/Singletons/InputController.cs" />
        <File uid="6" fullPath="/Users/artemakulov/Study/2 course/2 sem/Unity/2courseUnityLabs/Assets/_Source/_Core/Singletons/SaveLoadManager.cs" />
        <File uid="7" fullPath="/Users/artemakulov/Study/2 course/2 sem/Unity/2courseUnityLabs/Assets/_Source/_Core/Objects/Cell.cs" />
        <File uid="8" fullPath="/Users/artemakulov/Study/2 course/2 sem/Unity/2courseUnityLabs/Assets/_Source/_Core/Objects/CellView.cs" />
      </Files>
      <Classes>
        <Class>
          <Summary numSequencePoints="277" visitedSequencePoints="237" numBranchPoints="0" visitedBranchPoints="0" sequenceCoverage="85.56" branchCoverage="0.0" maxCyclomaticComplexity="0" minCyclomaticComplexity="0" maxCrapScore="0" minCrapScore="0" visitedClasses="1" numClasses="1" visitedMethods="17" numMethods="17" />
          <FullName>Singletons.Field</FullName>
          <Methods>
            <Method visited="true" cyclomaticComplexity="0" nPathComplexity="0" sequenceCoverage="100.0" branchCoverage="0" crapScore="0" isConstructor="false" isStatic="false" isGetter="false" isSetter="false">
              <Summary numSequencePoints="26" visitedSequencePoints="26" numBranchPoints="0" visitedBranchPoints="0" sequenceCoverage="100.0" branchCoverage="0" maxCyclomaticComplexity="0" minCyclomaticComplexity="0" maxCrapScore="0" minCrapScore="0" visitedClasses="0" numClasses="0" visitedMethods="1" numMethods="1" />
              <MetadataToken>100663320</MetadataToken>
              <Name>System.Void Singletons.Field::CreateField()</Name>
              <FileRef uid="3" />
              <SequencePoints>
                <SequencePoint vc="10" uspid="721" ordinal="0" offset="0" sl="43" sc="7" el="43" ec="7" bec="0" bev="0" fileid="3" />
                <SequencePoint vc="10" uspid="722" ordinal="0" offset="1" sl="44" sc="10" el="44" ec="10" bec="0" bev="0" fileid="3" />
                <SequencePoint vc="10" uspid="723" ordinal="0" offset="24" sl="45" sc="10" el="45" ec="10" bec="0" bev="0" fileid="3" />
                <SequencePoint vc="10" uspid="724" ordinal="0" offset="47" sl="47" sc="10" el="47" ec="10" bec="0" bev="0" fileid="3" />
                <SequencePoint vc="10" uspid="725" ordinal="0" offset="76" sl="48" sc="10" el="48" ec="10" bec="0" bev="0" fileid="3" />
                <SequencePoint vc="10" uspid="726" ordinal="0" offset="95" sl="50" sc="10" el="50" ec="10" bec="0" bev="0" fileid="3" />
                <SequencePoint vc="10" uspid="727" ordinal="0" offset="124" sl="51" sc="10" el="51" ec="10" bec="0" bev="0" fileid="3" />
                <SequencePoint vc="10" uspid="728" ordinal="0" offset="152" sl="53" sc="15" el="53" ec="15" bec="0" bev="0" fileid="3" />
                <SequencePoint vc="40" uspid="729" ordinal="0" offset="159" sl="54" sc="10" el="54" ec="10" bec="0" bev="0" fileid="3" />
                <SequencePoint vc="40" uspid="730" ordinal="0" offset="160" sl="55" sc="18" el="55" ec="18" bec="0" bev="0" fileid="3" />
                <SequencePoint vc="160" uspid="731" ordinal="0" offset="168" sl="56" sc="13" el="56" ec="13" bec="0" bev="0" fileid="3" />
                <SequencePoint vc="160" uspid="732" ordinal="0" offset="169" sl="57" sc="16" el="57" ec="16" bec="0" bev="0" fileid="3" />
                <SequencePoint vc="160" uspid="733" ordinal="0" offset="189" sl="58" sc="16" el="58" ec="16" bec="0" bev="0" fileid="3" />
                <SequencePoint vc="160" uspid="734" ordinal="0" offset="234" sl="59" sc="16" el="59" ec="16" bec="0" bev="0" fileid="3" />
                <SequencePoint vc="160" uspid="735" ordinal="0" offset="254" sl="61" sc="16" el="61" ec="16" bec="0" bev="0" fileid="3" />
                <SequencePoint vc="160" uspid="736" ordinal="0" offset="265" sl="62" sc="16" el="62" ec="16" bec="0" bev="0" fileid="3" />
                <SequencePoint vc="160" uspid="737" ordinal="0" offset="275" sl="64" sc="16" el="64" ec="16" bec="0" bev="0" fileid="3" />
                <SequencePoint vc="160" uspid="738" ordinal="0" offset="291" sl="65" sc="16" el="65" ec="16" bec="0" bev="0" fileid="3" />
                <SequencePoint vc="160" uspid="739" ordinal="0" offset="307" sl="67" sc="16" el="67" ec="16" bec="0" bev="0" fileid="3" />
                <SequencePoint vc="160" uspid="740" ordinal="0" offset="319" sl="68" sc="13" el="68" ec="13" bec="0" bev="0" fileid="3" />
                <SequencePoint vc="160" uspid="741" ordinal="0" offset="320" sl="55" sc="44" el="55" ec="44" bec="0" bev="0" fileid="3" />
                <SequencePoint vc="200" uspid="742" ordinal="0" offset="326" sl="55" sc="29" el="55" ec="29" bec="0" bev="0" fileid="3" />
                <SequencePoint vc="40" uspid="743" ordinal="0" offset="345" sl="69" sc="10" el="69" ec="10" bec="0" bev="0" fileid="3" />
                <SequencePoint vc="40" uspid="744" ordinal="0" offset="346" sl="53" sc="41" el="53" ec="41" bec="0" bev="0" fileid="3" />
                <SequencePoint vc="50" uspid="745" ordinal="0" offset="350" sl="53" sc="26" el="53" ec="26" bec="0" bev="0" fileid="3" />
                <SequencePoint vc="10" uspid="746" ordinal="0" offset="368" sl="70" sc="7" el="70" ec="7" bec="0" bev="0" fileid="3" />
              </SequencePoints>
              <BranchPoints />
            </Method>
            <Method visited="true" cyclomaticComplexity="0" nPathComplexity="0" sequenceCoverage="92.59" branchCoverage="0" crapScore="0" isConstructor="false" isStatic="false" isGetter="false" isSetter="false">
              <Summary numSequencePoints="27" visitedSequencePoints="25" numBranchPoints="0" visitedBranchPoints="0" sequenceCoverage="92.59" branchCoverage="0" maxCyclomaticComplexity="0" minCyclomaticComplexity="0" maxCrapScore="0" minCrapScore="0" visitedClasses="0" numClasses="0" visitedMethods="1" numMethods="1" />
              <MetadataToken>100663321</MetadataToken>
              <Name>System.Void Singletons.Field::GenerateField()</Name>
              <FileRef uid="3" />
              <SequencePoints>
                <SequencePoint vc="5" uspid="747" ordinal="0" offset="0" sl="73" sc="7" el="73" ec="7" bec="0" bev="0" fileid="3" />
                <SequencePoint vc="5" uspid="748" ordinal="0" offset="1" sl="74" sc="10" el="74" ec="10" bec="0" bev="0" fileid="3" />
                <SequencePoint vc="5" uspid="749" ordinal="0" offset="14" sl="75" sc="10" el="75" ec="10" bec="0" bev="0" fileid="3" />
                <SequencePoint vc="5" uspid="750" ordinal="0" offset="15" sl="76" sc="13" el="76" ec="13" bec="0" bev="0" fileid="3" />
                <SequencePoint vc="5" uspid="751" ordinal="0" offset="22" sl="77" sc="10" el="77" ec="10" bec="0" bev="0" fileid="3" />
                <SequencePoint vc="5" uspid="752" ordinal="0" offset="23" sl="79" sc="10" el="79" ec="10" bec="0" bev="0" fileid="3" />
                <SequencePoint vc="5" uspid="753" ordinal="0" offset="30" sl="80" sc="10" el="80" ec="10" bec="0" bev="0" fileid="3" />
                <SequencePoint vc="0" uspid="754" ordinal="0" offset="35" sl="81" sc="10" el="81" ec="10" bec="0" bev="0" fileid="3" />
                <SequencePoint vc="0" uspid="755" ordinal="0" offset="36" sl="82" sc="13" el="82" ec="13" bec="0" bev="0" fileid="3" />
                <SequencePoint vc="5" uspid="756" ordinal="0" offset="38" sl="85" sc="15" el="85" ec="15" bec="0" bev="0" fileid="3" />
                <SequencePoint vc="20" uspid="757" ordinal="0" offset="42" sl="86" sc="10" el="86" ec="10" bec="0" bev="0" fileid="3" />
                <SequencePoint vc="20" uspid="758" ordinal="0" offset="43" sl="87" sc="18" el="87" ec="18" bec="0" bev="0" fileid="3" />
                <SequencePoint vc="80" uspid="759" ordinal="0" offset="48" sl="88" sc="13" el="88" ec="13" bec="0" bev="0" fileid="3" />
                <SequencePoint vc="80" uspid="760" ordinal="0" offset="49" sl="89" sc="16" el="89" ec="16" bec="0" bev="0" fileid="3" />
                <SequencePoint vc="80" uspid="761" ordinal="0" offset="73" sl="90" sc="13" el="90" ec="13" bec="0" bev="0" fileid="3" />
                <SequencePoint vc="80" uspid="762" ordinal="0" offset="74" sl="87" sc="44" el="87" ec="44" bec="0" bev="0" fileid="3" />
                <SequencePoint vc="100" uspid="763" ordinal="0" offset="80" sl="87" sc="29" el="87" ec="29" bec="0" bev="0" fileid="3" />
                <SequencePoint vc="20" uspid="764" ordinal="0" offset="96" sl="91" sc="10" el="91" ec="10" bec="0" bev="0" fileid="3" />
                <SequencePoint vc="20" uspid="765" ordinal="0" offset="97" sl="85" sc="41" el="85" ec="41" bec="0" bev="0" fileid="3" />
                <SequencePoint vc="25" uspid="766" ordinal="0" offset="101" sl="85" sc="26" el="85" ec="26" bec="0" bev="0" fileid="3" />
                <SequencePoint vc="5" uspid="767" ordinal="0" offset="116" sl="93" sc="15" el="93" ec="15" bec="0" bev="0" fileid="3" />
                <SequencePoint vc="10" uspid="768" ordinal="0" offset="121" sl="94" sc="10" el="94" ec="10" bec="0" bev="0" fileid="3" />
                <SequencePoint vc="10" uspid="769" ordinal="0" offset="122" sl="95" sc="13" el="95" ec="13" bec="0" bev="0" fileid="3" />
                <SequencePoint vc="10" uspid="770" ordinal="0" offset="129" sl="96" sc="10" el="96" ec="10" bec="0" bev="0" fileid="3" />
                <SequencePoint vc="10" uspid="771" ordinal="0" offset="130" sl="93" sc="47" el="93" ec="47" bec="0" bev="0" fileid="3" />
                <SequencePoint vc="15" uspid="772" ordinal="0" offset="136" sl="93" sc="26" el="93" ec="26" bec="0" bev="0" fileid="3" />
                <SequencePoint vc="5" uspid="773" ordinal="0" offset="152" sl="97" sc="7" el="97" ec="7" bec="0" bev="0" fileid="3" />
              </SequencePoints>
              <BranchPoints />
            </Method>
            <Method visited="true" cyclomaticComplexity="0" nPathComplexity="0" sequenceCoverage="90.91" branchCoverage="0" crapScore="0" isConstructor="false" isStatic="false" isGetter="false" isSetter="false">
              <Summary numSequencePoints="22" visitedSequencePoints="20" numBranchPoints="0" visitedBranchPoints="0" sequenceCoverage="90.91" branchCoverage="0" maxCyclomaticComplexity="0" minCyclomaticComplexity="0" maxCrapScore="0" minCrapScore="0" visitedClasses="0" numClasses="0" visitedMethods="1" numMethods="1" />
              <MetadataToken>100663323</MetadataToken>
              <Name>UnityEngine.Vector2Int Singletons.Field::GetEmptyPosition()</Name>
              <FileRef uid="3" />
              <SequencePoints>
                <SequencePoint vc="10" uspid="797" ordinal="0" offset="0" sl="121" sc="7" el="121" ec="7" bec="0" bev="0" fileid="3" />
                <SequencePoint vc="10" uspid="798" ordinal="0" offset="1" sl="122" sc="10" el="122" ec="10" bec="0" bev="0" fileid="3" />
                <SequencePoint vc="10" uspid="799" ordinal="0" offset="7" sl="124" sc="15" el="124" ec="15" bec="0" bev="0" fileid="3" />
                <SequencePoint vc="40" uspid="800" ordinal="0" offset="11" sl="125" sc="10" el="125" ec="10" bec="0" bev="0" fileid="3" />
                <SequencePoint vc="40" uspid="801" ordinal="0" offset="12" sl="126" sc="18" el="126" ec="18" bec="0" bev="0" fileid="3" />
                <SequencePoint vc="160" uspid="802" ordinal="0" offset="16" sl="127" sc="13" el="127" ec="13" bec="0" bev="0" fileid="3" />
                <SequencePoint vc="160" uspid="803" ordinal="0" offset="17" sl="128" sc="16" el="128" ec="16" bec="0" bev="0" fileid="3" />
                <SequencePoint vc="155" uspid="804" ordinal="0" offset="41" sl="129" sc="16" el="129" ec="16" bec="0" bev="0" fileid="3" />
                <SequencePoint vc="155" uspid="805" ordinal="0" offset="42" sl="130" sc="19" el="130" ec="19" bec="0" bev="0" fileid="3" />
                <SequencePoint vc="155" uspid="806" ordinal="0" offset="62" sl="131" sc="16" el="131" ec="16" bec="0" bev="0" fileid="3" />
                <SequencePoint vc="160" uspid="807" ordinal="0" offset="63" sl="132" sc="13" el="132" ec="13" bec="0" bev="0" fileid="3" />
                <SequencePoint vc="160" uspid="808" ordinal="0" offset="64" sl="126" sc="44" el="126" ec="44" bec="0" bev="0" fileid="3" />
                <SequencePoint vc="200" uspid="809" ordinal="0" offset="68" sl="126" sc="29" el="126" ec="29" bec="0" bev="0" fileid="3" />
                <SequencePoint vc="40" uspid="810" ordinal="0" offset="83" sl="133" sc="10" el="133" ec="10" bec="0" bev="0" fileid="3" />
                <SequencePoint vc="40" uspid="811" ordinal="0" offset="84" sl="124" sc="41" el="124" ec="41" bec="0" bev="0" fileid="3" />
                <SequencePoint vc="50" uspid="812" ordinal="0" offset="88" sl="124" sc="26" el="124" ec="26" bec="0" bev="0" fileid="3" />
                <SequencePoint vc="10" uspid="813" ordinal="0" offset="103" sl="135" sc="10" el="135" ec="10" bec="0" bev="0" fileid="3" />
                <SequencePoint vc="0" uspid="814" ordinal="0" offset="118" sl="136" sc="10" el="136" ec="10" bec="0" bev="0" fileid="3" />
                <SequencePoint vc="0" uspid="815" ordinal="0" offset="119" sl="137" sc="13" el="137" ec="13" bec="0" bev="0" fileid="3" />
                <SequencePoint vc="10" uspid="816" ordinal="0" offset="130" sl="140" sc="10" el="140" ec="10" bec="0" bev="0" fileid="3" />
                <SequencePoint vc="10" uspid="817" ordinal="0" offset="149" sl="142" sc="10" el="142" ec="10" bec="0" bev="0" fileid="3" />
                <SequencePoint vc="10" uspid="818" ordinal="0" offset="170" sl="143" sc="7" el="143" ec="7" bec="0" bev="0" fileid="3" />
              </SequencePoints>
              <BranchPoints />
            </Method>
            <Method visited="true" cyclomaticComplexity="0" nPathComplexity="0" sequenceCoverage="100.0" branchCoverage="0" crapScore="0" isConstructor="false" isStatic="false" isGetter="false" isSetter="false">
              <Summary numSequencePoints="6" visitedSequencePoints="6" numBranchPoints="0" visitedBranchPoints="0" sequenceCoverage="100.0" branchCoverage="0" maxCyclomaticComplexity="0" minCyclomaticComplexity="0" maxCrapScore="0" minCrapScore="0" visitedClasses="0" numClasses="0" visitedMethods="1" numMethods="1" />
              <MetadataToken>100663324</MetadataToken>
              <Name>System.Void Singletons.Field::CreateCell()</Name>
              <FileRef uid="3" />
              <SequencePoints>
                <SequencePoint vc="10" uspid="819" ordinal="0" offset="0" sl="146" sc="7" el="146" ec="7" bec="0" bev="0" fileid="3" />
                <SequencePoint vc="10" uspid="820" ordinal="0" offset="1" sl="147" sc="10" el="147" ec="10" bec="0" bev="0" fileid="3" />
                <SequencePoint vc="10" uspid="821" ordinal="0" offset="8" sl="148" sc="10" el="148" ec="10" bec="0" bev="0" fileid="3" />
                <SequencePoint vc="10" uspid="822" ordinal="0" offset="25" sl="149" sc="10" el="149" ec="10" bec="0" bev="0" fileid="3" />
                <SequencePoint vc="10" uspid="823" ordinal="0" offset="51" sl="150" sc="10" el="150" ec="10" bec="0" bev="0" fileid="3" />
                <SequencePoint vc="10" uspid="824" ordinal="0" offset="71" sl="152" sc="7" el="152" ec="7" bec="0" bev="0" fileid="3" />
              </SequencePoints>
              <BranchPoints />
            </Method>
            <Method visited="true" cyclomaticComplexity="0" nPathComplexity="0" sequenceCoverage="60.00" branchCoverage="0" crapScore="0" isConstructor="false" isStatic="false" isGetter="false" isSetter="false">
              <Summary numSequencePoints="20" visitedSequencePoints="12" numBranchPoints="0" visitedBranchPoints="0" sequenceCoverage="60.00" branchCoverage="0" maxCyclomaticComplexity="0" minCyclomaticComplexity="0" maxCrapScore="0" minCrapScore="0" visitedClasses="0" numClasses="0" visitedMethods="1" numMethods="1" />
              <MetadataToken>100663325</MetadataToken>
              <Name>System.Void Singletons.Field::OnInput(UnityEngine.Vector2)</Name>
              <FileRef uid="3" />
              <SequencePoints>
                <SequencePoint vc="2" uspid="825" ordinal="0" offset="0" sl="155" sc="7" el="155" ec="7" bec="0" bev="0" fileid="3" />
                <SequencePoint vc="2" uspid="826" ordinal="0" offset="1" sl="156" sc="10" el="156" ec="10" bec="0" bev="0" fileid="3" />
                <SequencePoint vc="0" uspid="827" ordinal="0" offset="13" sl="157" sc="10" el="157" ec="10" bec="0" bev="0" fileid="3" />
                <SequencePoint vc="0" uspid="828" ordinal="0" offset="14" sl="158" sc="13" el="158" ec="13" bec="0" bev="0" fileid="3" />
                <SequencePoint vc="2" uspid="829" ordinal="0" offset="16" sl="160" sc="10" el="160" ec="10" bec="0" bev="0" fileid="3" />
                <SequencePoint vc="2" uspid="830" ordinal="0" offset="23" sl="161" sc="10" el="161" ec="10" bec="0" bev="0" fileid="3" />
                <SequencePoint vc="2" uspid="831" ordinal="0" offset="30" sl="163" sc="10" el="163" ec="10" bec="0" bev="0" fileid="3" />
                <SequencePoint vc="2" uspid="832" ordinal="0" offset="38" sl="165" sc="10" el="165" ec="10" bec="0" bev="0" fileid="3" />
                <SequencePoint vc="2" uspid="833" ordinal="0" offset="48" sl="166" sc="10" el="166" ec="10" bec="0" bev="0" fileid="3" />
                <SequencePoint vc="2" uspid="834" ordinal="0" offset="49" sl="167" sc="13" el="167" ec="13" bec="0" bev="0" fileid="3" />
                <SequencePoint vc="0" uspid="835" ordinal="0" offset="62" sl="168" sc="13" el="168" ec="13" bec="0" bev="0" fileid="3" />
                <SequencePoint vc="0" uspid="836" ordinal="0" offset="63" sl="169" sc="16" el="169" ec="16" bec="0" bev="0" fileid="3" />
                <SequencePoint vc="0" uspid="837" ordinal="0" offset="70" sl="170" sc="13" el="170" ec="13" bec="0" bev="0" fileid="3" />
                <SequencePoint vc="2" uspid="838" ordinal="0" offset="71" sl="172" sc="13" el="172" ec="13" bec="0" bev="0" fileid="3" />
                <SequencePoint vc="2" uspid="839" ordinal="0" offset="78" sl="173" sc="10" el="173" ec="10" bec="0" bev="0" fileid="3" />
                <SequencePoint vc="2" uspid="840" ordinal="0" offset="79" sl="175" sc="10" el="175" ec="10" bec="0" bev="0" fileid="3" />
                <SequencePoint vc="0" uspid="841" ordinal="0" offset="92" sl="176" sc="10" el="176" ec="10" bec="0" bev="0" fileid="3" />
                <SequencePoint vc="0" uspid="842" ordinal="0" offset="93" sl="177" sc="13" el="177" ec="13" bec="0" bev="0" fileid="3" />
                <SequencePoint vc="0" uspid="843" ordinal="0" offset="121" sl="178" sc="10" el="178" ec="10" bec="0" bev="0" fileid="3" />
                <SequencePoint vc="2" uspid="844" ordinal="0" offset="122" sl="179" sc="7" el="179" ec="7" bec="0" bev="0" fileid="3" />
              </SequencePoints>
              <BranchPoints />
            </Method>
            <Method visited="true" cyclomaticComplexity="0" nPathComplexity="0" sequenceCoverage="100.0" branchCoverage="0" crapScore="0" isConstructor="false" isStatic="false" isGetter="false" isSetter="false">
              <Summary numSequencePoints="30" visitedSequencePoints="30" numBranchPoints="0" visitedBranchPoints="0" sequenceCoverage="100.0" branchCoverage="0" maxCyclomaticComplexity="0" minCyclomaticComplexity="0" maxCrapScore="0" minCrapScore="0" visitedClasses="0" numClasses="0" visitedMethods="1" numMethods="1" />
              <MetadataToken>100663326</MetadataToken>
              <Name>System.Void Singletons.Field::Move(UnityEngine.Vector2)</Name>
              <FileRef uid="3" />
              <SequencePoints>
                <SequencePoint vc="3" uspid="845" ordinal="0" offset="0" sl="182" sc="7" el="182" ec="7" bec="0" bev="0" fileid="3" />
                <SequencePoint vc="3" uspid="846" ordinal="0" offset="1" sl="183" sc="10" el="183" ec="10" bec="0" bev="0" fileid="3" />
                <SequencePoint vc="3" uspid="847" ordinal="0" offset="39" sl="184" sc="10" el="184" ec="10" bec="0" bev="0" fileid="3" />
                <SequencePoint vc="3" uspid="848" ordinal="0" offset="70" sl="186" sc="15" el="186" ec="15" bec="0" bev="0" fileid="3" />
                <SequencePoint vc="12" uspid="849" ordinal="0" offset="77" sl="187" sc="10" el="187" ec="10" bec="0" bev="0" fileid="3" />
                <SequencePoint vc="12" uspid="850" ordinal="0" offset="78" sl="188" sc="18" el="188" ec="18" bec="0" bev="0" fileid="3" />
                <SequencePoint vc="48" uspid="851" ordinal="0" offset="85" sl="189" sc="13" el="189" ec="13" bec="0" bev="0" fileid="3" />
                <SequencePoint vc="48" uspid="852" ordinal="0" offset="86" sl="190" sc="16" el="190" ec="16" bec="0" bev="0" fileid="3" />
                <SequencePoint vc="48" uspid="853" ordinal="0" offset="129" sl="192" sc="16" el="192" ec="16" bec="0" bev="0" fileid="3" />
                <SequencePoint vc="21" uspid="854" ordinal="0" offset="142" sl="193" sc="16" el="193" ec="16" bec="0" bev="0" fileid="3" />
                <SequencePoint vc="21" uspid="855" ordinal="0" offset="143" sl="194" sc="19" el="194" ec="19" bec="0" bev="0" fileid="3" />
                <SequencePoint vc="27" uspid="856" ordinal="0" offset="145" sl="197" sc="16" el="197" ec="16" bec="0" bev="0" fileid="3" />
                <SequencePoint vc="27" uspid="857" ordinal="0" offset="156" sl="198" sc="16" el="198" ec="16" bec="0" bev="0" fileid="3" />
                <SequencePoint vc="9" uspid="858" ordinal="0" offset="167" sl="199" sc="16" el="199" ec="16" bec="0" bev="0" fileid="3" />
                <SequencePoint vc="9" uspid="859" ordinal="0" offset="168" sl="200" sc="19" el="200" ec="19" bec="0" bev="0" fileid="3" />
                <SequencePoint vc="9" uspid="860" ordinal="0" offset="178" sl="201" sc="19" el="201" ec="19" bec="0" bev="0" fileid="3" />
                <SequencePoint vc="9" uspid="861" ordinal="0" offset="185" sl="203" sc="19" el="203" ec="19" bec="0" bev="0" fileid="3" />
                <SequencePoint vc="18" uspid="862" ordinal="0" offset="187" sl="206" sc="16" el="206" ec="16" bec="0" bev="0" fileid="3" />
                <SequencePoint vc="18" uspid="863" ordinal="0" offset="198" sl="207" sc="16" el="207" ec="16" bec="0" bev="0" fileid="3" />
                <SequencePoint vc="9" uspid="864" ordinal="0" offset="209" sl="208" sc="16" el="208" ec="16" bec="0" bev="0" fileid="3" />
                <SequencePoint vc="9" uspid="865" ordinal="0" offset="210" sl="209" sc="19" el="209" ec="19" bec="0" bev="0" fileid="3" />
                <SequencePoint vc="9" uspid="866" ordinal="0" offset="220" sl="210" sc="19" el="210" ec="19" bec="0" bev="0" fileid="3" />
                <SequencePoint vc="9" uspid="867" ordinal="0" offset="227" sl="212" sc="19" el="212" ec="19" bec="0" bev="0" fileid="3" />
                <SequencePoint vc="9" uspid="868" ordinal="0" offset="229" sl="215" sc="13" el="215" ec="13" bec="0" bev="0" fileid="3" />
                <SequencePoint vc="48" uspid="869" ordinal="0" offset="230" sl="188" sc="60" el="188" ec="60" bec="0" bev="0" fileid="3" />
                <SequencePoint vc="60" uspid="870" ordinal="0" offset="234" sl="188" sc="35" el="188" ec="35" bec="0" bev="0" fileid="3" />
                <SequencePoint vc="12" uspid="871" ordinal="0" offset="262" sl="216" sc="10" el="216" ec="10" bec="0" bev="0" fileid="3" />
                <SequencePoint vc="12" uspid="872" ordinal="0" offset="263" sl="186" sc="41" el="186" ec="41" bec="0" bev="0" fileid="3" />
                <SequencePoint vc="15" uspid="873" ordinal="0" offset="267" sl="186" sc="26" el="186" ec="26" bec="0" bev="0" fileid="3" />
                <SequencePoint vc="3" uspid="874" ordinal="0" offset="285" sl="219" sc="7" el="219" ec="7" bec="0" bev="0" fileid="3" />
              </SequencePoints>
              <BranchPoints />
            </Method>
            <Method visited="true" cyclomaticComplexity="0" nPathComplexity="0" sequenceCoverage="100.0" branchCoverage="0" crapScore="0" isConstructor="false" isStatic="false" isGetter="false" isSetter="false">
              <Summary numSequencePoints="18" visitedSequencePoints="18" numBranchPoints="0" visitedBranchPoints="0" sequenceCoverage="100.0" branchCoverage="0" maxCyclomaticComplexity="0" minCyclomaticComplexity="0" maxCrapScore="0" minCrapScore="0" visitedClasses="0" numClasses="0" visitedMethods="1" numMethods="1" />
              <MetadataToken>100663327</MetadataToken>
              <Name>Objects.Cell Singletons.Field::FindCellToMerge(Objects.Cell, UnityEngine.Vector2)</Name>
              <FileRef uid="3" />
              <SequencePoints>
                <SequencePoint vc="31" uspid="875" ordinal="0" offset="0" sl="222" sc="7" el="222" ec="7" bec="0" bev="0" fileid="3" />
                <SequencePoint vc="31" uspid="876" ordinal="0" offset="1" sl="223" sc="10" el="223" ec="10" bec="0" bev="0" fileid="3" />
                <SequencePoint vc="31" uspid="877" ordinal="0" offset="16" sl="224" sc="10" el="224" ec="10" bec="0" bev="0" fileid="3" />
                <SequencePoint vc="31" uspid="878" ordinal="0" offset="31" sl="226" sc="15" el="226" ec="15" bec="0" bev="0" fileid="3" />
                <SequencePoint vc="31" uspid="879" ordinal="0" offset="33" sl="226" sc="31" el="226" ec="31" bec="0" bev="0" fileid="3" />
                <SequencePoint vc="39" uspid="880" ordinal="0" offset="37" sl="229" sc="10" el="229" ec="10" bec="0" bev="0" fileid="3" />
                <SequencePoint vc="39" uspid="881" ordinal="0" offset="38" sl="230" sc="13" el="230" ec="13" bec="0" bev="0" fileid="3" />
                <SequencePoint vc="22" uspid="882" ordinal="0" offset="62" sl="231" sc="13" el="231" ec="13" bec="0" bev="0" fileid="3" />
                <SequencePoint vc="22" uspid="883" ordinal="0" offset="63" sl="232" sc="16" el="232" ec="16" bec="0" bev="0" fileid="3" />
                <SequencePoint vc="17" uspid="884" ordinal="0" offset="65" sl="235" sc="13" el="235" ec="13" bec="0" bev="0" fileid="3" />
                <SequencePoint vc="10" uspid="885" ordinal="0" offset="121" sl="236" sc="13" el="236" ec="13" bec="0" bev="0" fileid="3" />
                <SequencePoint vc="10" uspid="886" ordinal="0" offset="122" sl="237" sc="16" el="237" ec="16" bec="0" bev="0" fileid="3" />
                <SequencePoint vc="7" uspid="887" ordinal="0" offset="139" sl="240" sc="13" el="240" ec="13" bec="0" bev="0" fileid="3" />
                <SequencePoint vc="22" uspid="888" ordinal="0" offset="141" sl="228" sc="15" el="228" ec="15" bec="0" bev="0" fileid="3" />
                <SequencePoint vc="22" uspid="889" ordinal="0" offset="151" sl="228" sc="38" el="228" ec="38" bec="0" bev="0" fileid="3" />
                <SequencePoint vc="53" uspid="890" ordinal="0" offset="161" sl="227" sc="15" el="227" ec="15" bec="0" bev="0" fileid="3" />
                <SequencePoint vc="21" uspid="891" ordinal="0" offset="199" sl="243" sc="10" el="243" ec="10" bec="0" bev="0" fileid="3" />
                <SequencePoint vc="31" uspid="892" ordinal="0" offset="204" sl="244" sc="7" el="244" ec="7" bec="0" bev="0" fileid="3" />
              </SequencePoints>
              <BranchPoints />
            </Method>
            <Method visited="true" cyclomaticComplexity="0" nPathComplexity="0" sequenceCoverage="100.0" branchCoverage="0" crapScore="0" isConstructor="false" isStatic="false" isGetter="false" isSetter="false">
              <Summary numSequencePoints="19" visitedSequencePoints="19" numBranchPoints="0" visitedBranchPoints="0" sequenceCoverage="100.0" branchCoverage="0" maxCyclomaticComplexity="0" minCyclomaticComplexity="0" maxCrapScore="0" minCrapScore="0" visitedClasses="0" numClasses="0" visitedMethods="1" numMethods="1" />
              <MetadataToken>100663328</MetadataToken>
              <Name>Objects.Cell Singletons.Field::FindEmptyCell(Objects.Cell, UnityEngine.Vector2)</Name>
              <FileRef uid="3" />
              <SequencePoints>
                <SequencePoint vc="18" uspid="893" ordinal="0" offset="0" sl="248" sc="7" el="248" ec="7" bec="0" bev="0" fileid="3" />
                <SequencePoint vc="18" uspid="894" ordinal="0" offset="1" sl="249" sc="10" el="249" ec="10" bec="0" bev="0" fileid="3" />
                <SequencePoint vc="18" uspid="895" ordinal="0" offset="3" sl="251" sc="10" el="251" ec="10" bec="0" bev="0" fileid="3" />
                <SequencePoint vc="18" uspid="896" ordinal="0" offset="18" sl="252" sc="10" el="252" ec="10" bec="0" bev="0" fileid="3" />
                <SequencePoint vc="18" uspid="897" ordinal="0" offset="33" sl="254" sc="15" el="254" ec="15" bec="0" bev="0" fileid="3" />
                <SequencePoint vc="18" uspid="898" ordinal="0" offset="35" sl="254" sc="31" el="254" ec="31" bec="0" bev="0" fileid="3" />
                <SequencePoint vc="19" uspid="899" ordinal="0" offset="40" sl="257" sc="10" el="257" ec="10" bec="0" bev="0" fileid="3" />
                <SequencePoint vc="19" uspid="900" ordinal="0" offset="41" sl="258" sc="13" el="258" ec="13" bec="0" bev="0" fileid="3" />
                <SequencePoint vc="12" uspid="901" ordinal="0" offset="66" sl="259" sc="13" el="259" ec="13" bec="0" bev="0" fileid="3" />
                <SequencePoint vc="12" uspid="902" ordinal="0" offset="67" sl="260" sc="16" el="260" ec="16" bec="0" bev="0" fileid="3" />
                <SequencePoint vc="12" uspid="903" ordinal="0" offset="82" sl="261" sc="13" el="261" ec="13" bec="0" bev="0" fileid="3" />
                <SequencePoint vc="7" uspid="904" ordinal="0" offset="85" sl="263" sc="13" el="263" ec="13" bec="0" bev="0" fileid="3" />
                <SequencePoint vc="7" uspid="905" ordinal="0" offset="86" sl="264" sc="16" el="264" ec="16" bec="0" bev="0" fileid="3" />
                <SequencePoint vc="12" uspid="906" ordinal="0" offset="88" sl="267" sc="10" el="267" ec="10" bec="0" bev="0" fileid="3" />
                <SequencePoint vc="12" uspid="907" ordinal="0" offset="89" sl="256" sc="15" el="256" ec="15" bec="0" bev="0" fileid="3" />
                <SequencePoint vc="12" uspid="908" ordinal="0" offset="99" sl="256" sc="38" el="256" ec="38" bec="0" bev="0" fileid="3" />
                <SequencePoint vc="30" uspid="909" ordinal="0" offset="111" sl="255" sc="15" el="255" ec="15" bec="0" bev="0" fileid="3" />
                <SequencePoint vc="18" uspid="910" ordinal="0" offset="148" sl="269" sc="10" el="269" ec="10" bec="0" bev="0" fileid="3" />
                <SequencePoint vc="18" uspid="911" ordinal="0" offset="153" sl="270" sc="7" el="270" ec="7" bec="0" bev="0" fileid="3" />
              </SequencePoints>
              <BranchPoints />
            </Method>
            <Method visited="true" cyclomaticComplexity="0" nPathComplexity="0" sequenceCoverage="68.57" branchCoverage="0" crapScore="0" isConstructor="false" isStatic="false" isGetter="false" isSetter="false">
              <Summary numSequencePoints="35" visitedSequencePoints="24" numBranchPoints="0" visitedBranchPoints="0" sequenceCoverage="68.57" branchCoverage="0" maxCyclomaticComplexity="0" minCyclomaticComplexity="0" maxCrapScore="0" minCrapScore="0" visitedClasses="0" numClasses="0" visitedMethods="1" numMethods="1" />
              <MetadataToken>100663329</MetadataToken>
              <Name>System.Void Singletons.Field::CheckGameResult()</Name>
              <FileRef uid="3" />
              <SequencePoints>
                <SequencePoint vc="2" uspid="912" ordinal="0" offset="0" sl="273" sc="7" el="273" ec="7" bec="0" bev="0" fileid="3" />
                <SequencePoint vc="2" uspid="913" ordinal="0" offset="1" sl="274" sc="10" el="274" ec="10" bec="0" bev="0" fileid="3" />
                <SequencePoint vc="2" uspid="914" ordinal="0" offset="3" sl="276" sc="15" el="276" ec="15" bec="0" bev="0" fileid="3" />
                <SequencePoint vc="8" uspid="915" ordinal="0" offset="7" sl="277" sc="10" el="277" ec="10" bec="0" bev="0" fileid="3" />
                <SequencePoint vc="8" uspid="916" ordinal="0" offset="8" sl="278" sc="18" el="278" ec="18" bec="0" bev="0" fileid="3" />
                <SequencePoint vc="32" uspid="917" ordinal="0" offset="12" sl="279" sc="13" el="279" ec="13" bec="0" bev="0" fileid="3" />
                <SequencePoint vc="32" uspid="918" ordinal="0" offset="13" sl="280" sc="16" el="280" ec="16" bec="0" bev="0" fileid="3" />
                <SequencePoint vc="0" uspid="919" ordinal="0" offset="39" sl="281" sc="16" el="281" ec="16" bec="0" bev="0" fileid="3" />
                <SequencePoint vc="0" uspid="920" ordinal="0" offset="40" sl="282" sc="19" el="282" ec="19" bec="0" bev="0" fileid="3" />
                <SequencePoint vc="0" uspid="921" ordinal="0" offset="51" sl="283" sc="19" el="283" ec="19" bec="0" bev="0" fileid="3" />
                <SequencePoint vc="32" uspid="922" ordinal="0" offset="56" sl="285" sc="13" el="285" ec="13" bec="0" bev="0" fileid="3" />
                <SequencePoint vc="32" uspid="923" ordinal="0" offset="57" sl="278" sc="44" el="278" ec="44" bec="0" bev="0" fileid="3" />
                <SequencePoint vc="40" uspid="924" ordinal="0" offset="61" sl="278" sc="29" el="278" ec="29" bec="0" bev="0" fileid="3" />
                <SequencePoint vc="8" uspid="925" ordinal="0" offset="76" sl="286" sc="10" el="286" ec="10" bec="0" bev="0" fileid="3" />
                <SequencePoint vc="8" uspid="926" ordinal="0" offset="77" sl="276" sc="41" el="276" ec="41" bec="0" bev="0" fileid="3" />
                <SequencePoint vc="10" uspid="927" ordinal="0" offset="81" sl="276" sc="26" el="276" ec="26" bec="0" bev="0" fileid="3" />
                <SequencePoint vc="2" uspid="928" ordinal="0" offset="96" sl="288" sc="15" el="288" ec="15" bec="0" bev="0" fileid="3" />
                <SequencePoint vc="2" uspid="929" ordinal="0" offset="104" sl="289" sc="10" el="289" ec="10" bec="0" bev="0" fileid="3" />
                <SequencePoint vc="2" uspid="930" ordinal="0" offset="105" sl="290" sc="18" el="290" ec="18" bec="0" bev="0" fileid="3" />
                <SequencePoint vc="2" uspid="931" ordinal="0" offset="113" sl="291" sc="13" el="291" ec="13" bec="0" bev="0" fileid="3" />
                <SequencePoint vc="2" uspid="932" ordinal="0" offset="114" sl="292" sc="16" el="292" ec="16" bec="0" bev="0" fileid="3" />
                <SequencePoint vc="2" uspid="933" ordinal="0" offset="261" sl="298" sc="16" el="298" ec="16" bec="0" bev="0" fileid="3" />
                <SequencePoint vc="2" uspid="934" ordinal="0" offset="262" sl="299" sc="19" el="299" ec="19" bec="0" bev="0" fileid="3" />
                <SequencePoint vc="2" uspid="935" ordinal="0" offset="264" sl="300" sc="19" el="300" ec="19" bec="0" bev="0" fileid="3" />
                <SequencePoint vc="0" uspid="936" ordinal="0" offset="266" sl="302" sc="13" el="302" ec="13" bec="0" bev="0" fileid="3" />
                <SequencePoint vc="0" uspid="937" ordinal="0" offset="267" sl="290" sc="44" el="290" ec="44" bec="0" bev="0" fileid="3" />
                <SequencePoint vc="2" uspid="938" ordinal="0" offset="273" sl="290" sc="29" el="290" ec="29" bec="0" bev="0" fileid="3" />
                <SequencePoint vc="0" uspid="939" ordinal="0" offset="292" sl="305" sc="10" el="305" ec="10" bec="0" bev="0" fileid="3" />
                <SequencePoint vc="0" uspid="940" ordinal="0" offset="293" sl="288" sc="41" el="288" ec="41" bec="0" bev="0" fileid="3" />
                <SequencePoint vc="2" uspid="941" ordinal="0" offset="299" sl="288" sc="26" el="288" ec="26" bec="0" bev="0" fileid="3" />
                <SequencePoint vc="0" uspid="942" ordinal="0" offset="318" sl="307" sc="10" el="307" ec="10" bec="0" bev="0" fileid="3" />
                <SequencePoint vc="0" uspid="943" ordinal="0" offset="325" sl="308" sc="10" el="308" ec="10" bec="0" bev="0" fileid="3" />
                <SequencePoint vc="0" uspid="944" ordinal="0" offset="326" sl="309" sc="13" el="309" ec="13" bec="0" bev="0" fileid="3" />
                <SequencePoint vc="0" uspid="945" ordinal="0" offset="337" sl="310" sc="10" el="310" ec="10" bec="0" bev="0" fileid="3" />
                <SequencePoint vc="2" uspid="946" ordinal="0" offset="338" sl="312" sc="7" el="312" ec="7" bec="0" bev="0" fileid="3" />
              </SequencePoints>
              <BranchPoints />
            </Method>
            <Method visited="true" cyclomaticComplexity="0" nPathComplexity="0" sequenceCoverage="100.0" branchCoverage="0" crapScore="0" isConstructor="false" isStatic="false" isGetter="false" isSetter="false">
              <Summary numSequencePoints="13" visitedSequencePoints="13" numBranchPoints="0" visitedBranchPoints="0" sequenceCoverage="100.0" branchCoverage="0" maxCyclomaticComplexity="0" minCyclomaticComplexity="0" maxCrapScore="0" minCrapScore="0" visitedClasses="0" numClasses="0" visitedMethods="1" numMethods="1" />
              <MetadataToken>100663330</MetadataToken>
              <Name>System.Void Singletons.Field::ResetCellFlags()</Name>
              <FileRef uid="3" />
              <SequencePoints>
                <SequencePoint vc="2" uspid="947" ordinal="0" offset="0" sl="360" sc="7" el="360" ec="7" bec="0" bev="0" fileid="3" />
                <SequencePoint vc="2" uspid="948" ordinal="0" offset="1" sl="361" sc="15" el="361" ec="15" bec="0" bev="0" fileid="3" />
                <SequencePoint vc="8" uspid="949" ordinal="0" offset="5" sl="362" sc="10" el="362" ec="10" bec="0" bev="0" fileid="3" />
                <SequencePoint vc="8" uspid="950" ordinal="0" offset="6" sl="363" sc="18" el="363" ec="18" bec="0" bev="0" fileid="3" />
                <SequencePoint vc="32" uspid="951" ordinal="0" offset="10" sl="364" sc="13" el="364" ec="13" bec="0" bev="0" fileid="3" />
                <SequencePoint vc="32" uspid="952" ordinal="0" offset="11" sl="365" sc="16" el="365" ec="16" bec="0" bev="0" fileid="3" />
                <SequencePoint vc="32" uspid="953" ordinal="0" offset="30" sl="366" sc="13" el="366" ec="13" bec="0" bev="0" fileid="3" />
                <SequencePoint vc="32" uspid="954" ordinal="0" offset="31" sl="363" sc="44" el="363" ec="44" bec="0" bev="0" fileid="3" />
                <SequencePoint vc="40" uspid="955" ordinal="0" offset="35" sl="363" sc="29" el="363" ec="29" bec="0" bev="0" fileid="3" />
                <SequencePoint vc="8" uspid="956" ordinal="0" offset="48" sl="367" sc="10" el="367" ec="10" bec="0" bev="0" fileid="3" />
                <SequencePoint vc="8" uspid="957" ordinal="0" offset="49" sl="361" sc="41" el="361" ec="41" bec="0" bev="0" fileid="3" />
                <SequencePoint vc="10" uspid="958" ordinal="0" offset="53" sl="361" sc="26" el="361" ec="26" bec="0" bev="0" fileid="3" />
                <SequencePoint vc="2" uspid="959" ordinal="0" offset="66" sl="368" sc="7" el="368" ec="7" bec="0" bev="0" fileid="3" />
              </SequencePoints>
              <BranchPoints />
            </Method>
            <Method visited="true" cyclomaticComplexity="0" nPathComplexity="0" sequenceCoverage="22.73" branchCoverage="0" crapScore="0" isConstructor="false" isStatic="false" isGetter="false" isSetter="false">
              <Summary numSequencePoints="22" visitedSequencePoints="5" numBranchPoints="0" visitedBranchPoints="0" sequenceCoverage="22.73" branchCoverage="0" maxCyclomaticComplexity="0" minCyclomaticComplexity="0" maxCrapScore="0" minCrapScore="0" visitedClasses="0" numClasses="0" visitedMethods="1" numMethods="1" />
              <MetadataToken>100663331</MetadataToken>
              <Name>System.Boolean Singletons.Field::ReadFromFile()</Name>
              <FileRef uid="3" />
              <SequencePoints>
                <SequencePoint vc="5" uspid="960" ordinal="0" offset="0" sl="371" sc="7" el="371" ec="7" bec="0" bev="0" fileid="3" />
                <SequencePoint vc="5" uspid="961" ordinal="0" offset="1" sl="372" sc="10" el="372" ec="10" bec="0" bev="0" fileid="3" />
                <SequencePoint vc="5" uspid="962" ordinal="0" offset="11" sl="373" sc="10" el="373" ec="10" bec="0" bev="0" fileid="3" />
                <SequencePoint vc="5" uspid="963" ordinal="0" offset="12" sl="374" sc="13" el="374" ec="13" bec="0" bev="0" fileid="3" />
                <SequencePoint vc="0" uspid="964" ordinal="0" offset="19" sl="377" sc="10" el="377" ec="10" bec="0" bev="0" fileid="3" />
                <SequencePoint vc="0" uspid="965" ordinal="0" offset="31" sl="379" sc="10" el="379" ec="10" bec="0" bev="0" fileid="3" />
                <SequencePoint vc="0" uspid="966" ordinal="0" offset="42" sl="380" sc="10" el="380" ec="10" bec="0" bev="0" fileid="3" />
                <SequencePoint vc="0" uspid="967" ordinal="0" offset="43" sl="381" sc="18" el="381" ec="18" bec="0" bev="0" fileid="3" />
                <SequencePoint vc="0" uspid="968" ordinal="0" offset="48" sl="382" sc="13" el="382" ec="13" bec="0" bev="0" fileid="3" />
                <SequencePoint vc="0" uspid="969" ordinal="0" offset="49" sl="383" sc="21" el="383" ec="21" bec="0" bev="0" fileid="3" />
                <SequencePoint vc="0" uspid="970" ordinal="0" offset="54" sl="384" sc="16" el="384" ec="16" bec="0" bev="0" fileid="3" />
                <SequencePoint vc="0" uspid="971" ordinal="0" offset="55" sl="385" sc="19" el="385" ec="19" bec="0" bev="0" fileid="3" />
                <SequencePoint vc="0" uspid="972" ordinal="0" offset="130" sl="386" sc="16" el="386" ec="16" bec="0" bev="0" fileid="3" />
                <SequencePoint vc="0" uspid="973" ordinal="0" offset="131" sl="383" sc="47" el="383" ec="47" bec="0" bev="0" fileid="3" />
                <SequencePoint vc="0" uspid="974" ordinal="0" offset="137" sl="383" sc="32" el="383" ec="32" bec="0" bev="0" fileid="3" />
                <SequencePoint vc="0" uspid="975" ordinal="0" offset="153" sl="387" sc="13" el="387" ec="13" bec="0" bev="0" fileid="3" />
                <SequencePoint vc="0" uspid="976" ordinal="0" offset="154" sl="381" sc="44" el="381" ec="44" bec="0" bev="0" fileid="3" />
                <SequencePoint vc="0" uspid="977" ordinal="0" offset="160" sl="381" sc="29" el="381" ec="29" bec="0" bev="0" fileid="3" />
                <SequencePoint vc="0" uspid="978" ordinal="0" offset="176" sl="388" sc="13" el="388" ec="13" bec="0" bev="0" fileid="3" />
                <SequencePoint vc="0" uspid="979" ordinal="0" offset="202" sl="389" sc="13" el="389" ec="13" bec="0" bev="0" fileid="3" />
                <SequencePoint vc="0" uspid="980" ordinal="0" offset="206" sl="391" sc="10" el="391" ec="10" bec="0" bev="0" fileid="3" />
                <SequencePoint vc="5" uspid="981" ordinal="0" offset="210" sl="392" sc="7" el="392" ec="7" bec="0" bev="0" fileid="3" />
              </SequencePoints>
              <BranchPoints />
            </Method>
            <Method visited="true" cyclomaticComplexity="0" nPathComplexity="0" sequenceCoverage="100.0" branchCoverage="0" crapScore="0" isConstructor="false" isStatic="false" isGetter="false" isSetter="false">
              <Summary numSequencePoints="15" visitedSequencePoints="15" numBranchPoints="0" visitedBranchPoints="0" sequenceCoverage="100.0" branchCoverage="0" maxCyclomaticComplexity="0" minCyclomaticComplexity="0" maxCrapScore="0" minCrapScore="0" visitedClasses="0" numClasses="0" visitedMethods="1" numMethods="1" />
              <MetadataToken>100663332</MetadataToken>
              <Name>System.Int32[,] Singletons.Field::getField()</Name>
              <FileRef uid="3" />
              <SequencePoints>
                <SequencePoint vc="4" uspid="982" ordinal="0" offset="0" sl="395" sc="7" el="395" ec="7" bec="0" bev="0" fileid="3" />
                <SequencePoint vc="4" uspid="983" ordinal="0" offset="1" sl="396" sc="10" el="396" ec="10" bec="0" bev="0" fileid="3" />
                <SequencePoint vc="4" uspid="984" ordinal="0" offset="19" sl="397" sc="15" el="397" ec="15" bec="0" bev="0" fileid="3" />
                <SequencePoint vc="16" uspid="985" ordinal="0" offset="23" sl="398" sc="10" el="398" ec="10" bec="0" bev="0" fileid="3" />
                <SequencePoint vc="16" uspid="986" ordinal="0" offset="24" sl="399" sc="18" el="399" ec="18" bec="0" bev="0" fileid="3" />
                <SequencePoint vc="64" uspid="987" ordinal="0" offset="28" sl="400" sc="13" el="400" ec="13" bec="0" bev="0" fileid="3" />
                <SequencePoint vc="64" uspid="988" ordinal="0" offset="29" sl="401" sc="16" el="401" ec="16" bec="0" bev="0" fileid="3" />
                <SequencePoint vc="64" uspid="989" ordinal="0" offset="55" sl="402" sc="13" el="402" ec="13" bec="0" bev="0" fileid="3" />
                <SequencePoint vc="64" uspid="990" ordinal="0" offset="56" sl="399" sc="44" el="399" ec="44" bec="0" bev="0" fileid="3" />
                <SequencePoint vc="80" uspid="991" ordinal="0" offset="60" sl="399" sc="29" el="399" ec="29" bec="0" bev="0" fileid="3" />
                <SequencePoint vc="16" uspid="992" ordinal="0" offset="73" sl="403" sc="10" el="403" ec="10" bec="0" bev="0" fileid="3" />
                <SequencePoint vc="16" uspid="993" ordinal="0" offset="74" sl="397" sc="41" el="397" ec="41" bec="0" bev="0" fileid="3" />
                <SequencePoint vc="20" uspid="994" ordinal="0" offset="78" sl="397" sc="26" el="397" ec="26" bec="0" bev="0" fileid="3" />
                <SequencePoint vc="4" uspid="995" ordinal="0" offset="93" sl="404" sc="10" el="404" ec="10" bec="0" bev="0" fileid="3" />
                <SequencePoint vc="4" uspid="996" ordinal="0" offset="98" sl="405" sc="7" el="405" ec="7" bec="0" bev="0" fileid="3" />
              </SequencePoints>
              <BranchPoints />
            </Method>
            <Method visited="true" cyclomaticComplexity="0" nPathComplexity="0" sequenceCoverage="100.0" branchCoverage="0" crapScore="0" isConstructor="false" isStatic="false" isGetter="false" isSetter="false">
              <Summary numSequencePoints="14" visitedSequencePoints="14" numBranchPoints="0" visitedBranchPoints="0" sequenceCoverage="100.0" branchCoverage="0" maxCyclomaticComplexity="0" minCyclomaticComplexity="0" maxCrapScore="0" minCrapScore="0" visitedClasses="0" numClasses="0" visitedMethods="1" numMethods="1" />
              <MetadataToken>100663333</MetadataToken>
              <Name>System.Void Singletons.Field::setField(System.Int32[,])</Name>
              <FileRef uid="3" />
              <SequencePoints>
                <SequencePoint vc="3" uspid="997" ordinal="0" offset="0" sl="408" sc="7" el="408" ec="7" bec="0" bev="0" fileid="3" />
                <SequencePoint vc="3" uspid="998" ordinal="0" offset="1" sl="409" sc="15" el="409" ec="15" bec="0" bev="0" fileid="3" />
                <SequencePoint vc="12" uspid="999" ordinal="0" offset="5" sl="410" sc="10" el="410" ec="10" bec="0" bev="0" fileid="3" />
                <SequencePoint vc="12" uspid="1000" ordinal="0" offset="6" sl="411" sc="18" el="411" ec="18" bec="0" bev="0" fileid="3" />
                <SequencePoint vc="48" uspid="1001" ordinal="0" offset="10" sl="412" sc="13" el="412" ec="13" bec="0" bev="0" fileid="3" />
                <SequencePoint vc="48" uspid="1002" ordinal="0" offset="11" sl="413" sc="16" el="413" ec="16" bec="0" bev="0" fileid="3" />
                <SequencePoint vc="48" uspid="1003" ordinal="0" offset="46" sl="414" sc="16" el="414" ec="16" bec="0" bev="0" fileid="3" />
                <SequencePoint vc="48" uspid="1004" ordinal="0" offset="66" sl="415" sc="13" el="415" ec="13" bec="0" bev="0" fileid="3" />
                <SequencePoint vc="48" uspid="1005" ordinal="0" offset="67" sl="411" sc="44" el="411" ec="44" bec="0" bev="0" fileid="3" />
                <SequencePoint vc="60" uspid="1006" ordinal="0" offset="71" sl="411" sc="29" el="411" ec="29" bec="0" bev="0" fileid="3" />
                <SequencePoint vc="12" uspid="1007" ordinal="0" offset="84" sl="416" sc="10" el="416" ec="10" bec="0" bev="0" fileid="3" />
                <SequencePoint vc="12" uspid="1008" ordinal="0" offset="85" sl="409" sc="41" el="409" ec="41" bec="0" bev="0" fileid="3" />
                <SequencePoint vc="15" uspid="1009" ordinal="0" offset="89" sl="409" sc="26" el="409" ec="26" bec="0" bev="0" fileid="3" />
                <SequencePoint vc="3" uspid="1010" ordinal="0" offset="104" sl="417" sc="7" el="417" ec="7" bec="0" bev="0" fileid="3" />
              </SequencePoints>
              <BranchPoints />
            </Method>
            <Method visited="true" cyclomaticComplexity="0" nPathComplexity="0" sequenceCoverage="100.0" branchCoverage="0" crapScore="0" isConstructor="false" isStatic="false" isGetter="false" isSetter="false">
              <Summary numSequencePoints="3" visitedSequencePoints="3" numBranchPoints="0" visitedBranchPoints="0" sequenceCoverage="100.0" branchCoverage="0" maxCyclomaticComplexity="0" minCyclomaticComplexity="0" maxCrapScore="0" minCrapScore="0" visitedClasses="0" numClasses="0" visitedMethods="1" numMethods="1" />
              <MetadataToken>100663334</MetadataToken>
              <Name>System.Void Singletons.Field::setRt(UnityEngine.RectTransform)</Name>
              <FileRef uid="3" />
              <SequencePoints>
                <SequencePoint vc="5" uspid="1011" ordinal="0" offset="0" sl="420" sc="7" el="420" ec="7" bec="0" bev="0" fileid="3" />
                <SequencePoint vc="5" uspid="1012" ordinal="0" offset="1" sl="421" sc="10" el="421" ec="10" bec="0" bev="0" fileid="3" />
                <SequencePoint vc="5" uspid="1013" ordinal="0" offset="8" sl="422" sc="7" el="422" ec="7" bec="0" bev="0" fileid="3" />
              </SequencePoints>
              <BranchPoints />
            </Method>
            <Method visited="true" cyclomaticComplexity="0" nPathComplexity="0" sequenceCoverage="100.0" branchCoverage="0" crapScore="0" isConstructor="false" isStatic="false" isGetter="false" isSetter="false">
              <Summary numSequencePoints="3" visitedSequencePoints="3" numBranchPoints="0" visitedBranchPoints="0" sequenceCoverage="100.0" branchCoverage="0" maxCyclomaticComplexity="0" minCyclomaticComplexity="0" maxCrapScore="0" minCrapScore="0" visitedClasses="0" numClasses="0" visitedMethods="1" numMethods="1" />
              <MetadataToken>100663335</MetadataToken>
              <Name>System.Void Singletons.Field::setCellView(Objects.CellView)</Name>
              <FileRef uid="3" />
              <SequencePoints>
                <SequencePoint vc="5" uspid="1014" ordinal="0" offset="0" sl="425" sc="7" el="425" ec="7" bec="0" bev="0" fileid="3" />
                <SequencePoint vc="5" uspid="1015" ordinal="0" offset="1" sl="426" sc="10" el="426" ec="10" bec="0" bev="0" fileid="3" />
                <SequencePoint vc="5" uspid="1016" ordinal="0" offset="8" sl="427" sc="7" el="427" ec="7" bec="0" bev="0" fileid="3" />
              </SequencePoints>
              <BranchPoints />
            </Method>
            <Method visited="true" cyclomaticComplexity="0" nPathComplexity="0" sequenceCoverage="100.0" branchCoverage="0" crapScore="0" isConstructor="false" isStatic="false" isGetter="false" isSetter="false">
              <Summary numSequencePoints="3" visitedSequencePoints="3" numBranchPoints="0" visitedBranchPoints="0" sequenceCoverage="100.0" branchCoverage="0" maxCyclomaticComplexity="0" minCyclomaticComplexity="0" maxCrapScore="0" minCrapScore="0" visitedClasses="0" numClasses="0" visitedMethods="1" numMethods="1" />
              <MetadataToken>100663336</MetadataToken>
              <Name>System.Void Singletons.Field::setSaveLoadManager(Singletons.SaveLoadManager)</Name>
              <FileRef uid="3" />
              <SequencePoints>
                <SequencePoint vc="5" uspid="1017" ordinal="0" offset="0" sl="430" sc="7" el="430" ec="7" bec="0" bev="0" fileid="3" />
                <SequencePoint vc="5" uspid="1018" ordinal="0" offset="1" sl="431" sc="10" el="431" ec="10" bec="0" bev="0" fileid="3" />
                <SequencePoint vc="5" uspid="1019" ordinal="0" offset="8" sl="432" sc="7" el="432" ec="7" bec="0" bev="0" fileid="3" />
              </SequencePoints>
              <BranchPoints />
            </Method>
            <Method visited="true" cyclomaticComplexity="0" nPathComplexity="0" sequenceCoverage="100.0" branchCoverage="0" crapScore="0" isConstructor="true" isStatic="false" isGetter="false" isSetter="false">
              <Summary numSequencePoints="1" visitedSequencePoints="1" numBranchPoints="0" visitedBranchPoints="0" sequenceCoverage="100.0" branchCoverage="0" maxCyclomaticComplexity="0" minCyclomaticComplexity="0" maxCrapScore="0" minCrapScore="0" visitedClasses="0" numClasses="0" visitedMethods="1" numMethods="1" />
              <MetadataToken>100663337</MetadataToken>
              <Name>Singletons.Field::Field()</Name>
              <FileRef uid="3" />
              <SequencePoints>
                <SequencePoint vc="5" uspid="1020" ordinal="0" offset="0" sl="31" sc="7" el="31" ec="7" bec="0" bev="0" fileid="3" />
              </SequencePoints>
              <BranchPoints />
            </Method>
          </Methods>
        </Class>
        <Class>
          <Summary numSequencePoints="26" visitedSequencePoints="26" numBranchPoints="0" visitedBranchPoints="0" sequenceCoverage="100.0" branchCoverage="0.0" maxCyclomaticComplexity="0" minCyclomaticComplexity="0" maxCrapScore="0" minCrapScore="0" visitedClasses="1" numClasses="1" visitedMethods="10" numMethods="10" />
          <FullName>Singletons.GameControlller</FullName>
          <Methods>
            <Method visited="true" cyclomaticComplexity="0" nPathComplexity="0" sequenceCoverage="100.0" branchCoverage="0" crapScore="0" isConstructor="false" isStatic="true" isGetter="true" isSetter="false">
              <Summary numSequencePoints="1" visitedSequencePoints="1" numBranchPoints="0" visitedBranchPoints="0" sequenceCoverage="100.0" branchCoverage="0" maxCyclomaticComplexity="0" minCyclomaticComplexity="0" maxCrapScore="0" minCrapScore="0" visitedClasses="0" numClasses="0" visitedMethods="1" numMethods="1" />
              <MetadataToken>100663338</MetadataToken>
              <Name>static System.Int32 Singletons.GameControlller::get_Points()</Name>
              <FileRef uid="4" />
              <SequencePoints>
                <SequencePoint vc="26" uspid="1021" ordinal="0" offset="0" sl="10" sc="35" el="10" ec="35" bec="0" bev="0" fileid="4" />
              </SequencePoints>
              <BranchPoints />
            </Method>
            <Method visited="true" cyclomaticComplexity="0" nPathComplexity="0" sequenceCoverage="100.0" branchCoverage="0" crapScore="0" isConstructor="false" isStatic="true" isGetter="false" isSetter="true">
              <Summary numSequencePoints="1" visitedSequencePoints="1" numBranchPoints="0" visitedBranchPoints="0" sequenceCoverage="100.0" branchCoverage="0" maxCyclomaticComplexity="0" minCyclomaticComplexity="0" maxCrapScore="0" minCrapScore="0" visitedClasses="0" numClasses="0" visitedMethods="1" numMethods="1" />
              <MetadataToken>100663339</MetadataToken>
              <Name>static System.Void Singletons.GameControlller::set_Points(System.Int32)</Name>
              <FileRef uid="4" />
              <SequencePoints>
                <SequencePoint vc="15" uspid="1022" ordinal="0" offset="0" sl="10" sc="40" el="10" ec="40" bec="0" bev="0" fileid="4" />
              </SequencePoints>
              <BranchPoints />
            </Method>
            <Method visited="true" cyclomaticComplexity="0" nPathComplexity="0" sequenceCoverage="100.0" branchCoverage="0" crapScore="0" isConstructor="false" isStatic="true" isGetter="true" isSetter="false">
              <Summary numSequencePoints="1" visitedSequencePoints="1" numBranchPoints="0" visitedBranchPoints="0" sequenceCoverage="100.0" branchCoverage="0" maxCyclomaticComplexity="0" minCyclomaticComplexity="0" maxCrapScore="0" minCrapScore="0" visitedClasses="0" numClasses="0" visitedMethods="1" numMethods="1" />
              <MetadataToken>100663340</MetadataToken>
              <Name>static System.Boolean Singletons.GameControlller::get_GameStarted()</Name>
              <FileRef uid="4" />
              <SequencePoints>
                <SequencePoint vc="2" uspid="1023" ordinal="0" offset="0" sl="11" sc="41" el="11" ec="41" bec="0" bev="0" fileid="4" />
              </SequencePoints>
              <BranchPoints />
            </Method>
            <Method visited="true" cyclomaticComplexity="0" nPathComplexity="0" sequenceCoverage="100.0" branchCoverage="0" crapScore="0" isConstructor="false" isStatic="true" isGetter="false" isSetter="true">
              <Summary numSequencePoints="1" visitedSequencePoints="1" numBranchPoints="0" visitedBranchPoints="0" sequenceCoverage="100.0" branchCoverage="0" maxCyclomaticComplexity="0" minCyclomaticComplexity="0" maxCrapScore="0" minCrapScore="0" visitedClasses="0" numClasses="0" visitedMethods="1" numMethods="1" />
              <MetadataToken>100663341</MetadataToken>
              <Name>static System.Void Singletons.GameControlller::set_GameStarted(System.Boolean)</Name>
              <FileRef uid="4" />
              <SequencePoints>
                <SequencePoint vc="5" uspid="1024" ordinal="0" offset="0" sl="11" sc="46" el="11" ec="46" bec="0" bev="0" fileid="4" />
              </SequencePoints>
              <BranchPoints />
            </Method>
            <Method visited="true" cyclomaticComplexity="0" nPathComplexity="0" sequenceCoverage="100.0" branchCoverage="0" crapScore="0" isConstructor="false" isStatic="false" isGetter="false" isSetter="false">
              <Summary numSequencePoints="6" visitedSequencePoints="6" numBranchPoints="0" visitedBranchPoints="0" sequenceCoverage="100.0" branchCoverage="0" maxCyclomaticComplexity="0" minCyclomaticComplexity="0" maxCrapScore="0" minCrapScore="0" visitedClasses="0" numClasses="0" visitedMethods="1" numMethods="1" />
              <MetadataToken>100663343</MetadataToken>
              <Name>System.Void Singletons.GameControlller::StartGame()</Name>
              <FileRef uid="4" />
              <SequencePoints>
                <SequencePoint vc="5" uspid="1031" ordinal="0" offset="0" sl="27" sc="9" el="27" ec="9" bec="0" bev="0" fileid="4" />
                <SequencePoint vc="5" uspid="1032" ordinal="0" offset="1" sl="28" sc="13" el="28" ec="13" bec="0" bev="0" fileid="4" />
                <SequencePoint vc="5" uspid="1033" ordinal="0" offset="18" sl="30" sc="13" el="30" ec="13" bec="0" bev="0" fileid="4" />
                <SequencePoint vc="5" uspid="1034" ordinal="0" offset="26" sl="31" sc="13" el="31" ec="13" bec="0" bev="0" fileid="4" />
                <SequencePoint vc="5" uspid="1035" ordinal="0" offset="33" sl="33" sc="13" el="33" ec="13" bec="0" bev="0" fileid="4" />
                <SequencePoint vc="5" uspid="1036" ordinal="0" offset="44" sl="34" sc="9" el="34" ec="9" bec="0" bev="0" fileid="4" />
              </SequencePoints>
              <BranchPoints />
            </Method>
            <Method visited="true" cyclomaticComplexity="0" nPathComplexity="0" sequenceCoverage="100.0" branchCoverage="0" crapScore="0" isConstructor="false" isStatic="false" isGetter="false" isSetter="false">
              <Summary numSequencePoints="3" visitedSequencePoints="3" numBranchPoints="0" visitedBranchPoints="0" sequenceCoverage="100.0" branchCoverage="0" maxCyclomaticComplexity="0" minCyclomaticComplexity="0" maxCrapScore="0" minCrapScore="0" visitedClasses="0" numClasses="0" visitedMethods="1" numMethods="1" />
              <MetadataToken>100663345</MetadataToken>
              <Name>System.Void Singletons.GameControlller::AddPoints(System.Int32)</Name>
              <FileRef uid="4" />
              <SequencePoints>
                <SequencePoint vc="9" uspid="1043" ordinal="0" offset="0" sl="47" sc="9" el="47" ec="9" bec="0" bev="0" fileid="4" />
                <SequencePoint vc="9" uspid="1044" ordinal="0" offset="1" sl="48" sc="13" el="48" ec="13" bec="0" bev="0" fileid="4" />
                <SequencePoint vc="9" uspid="1045" ordinal="0" offset="15" sl="49" sc="9" el="49" ec="9" bec="0" bev="0" fileid="4" />
              </SequencePoints>
              <BranchPoints />
            </Method>
            <Method visited="true" cyclomaticComplexity="0" nPathComplexity="0" sequenceCoverage="100.0" branchCoverage="0" crapScore="0" isConstructor="false" isStatic="false" isGetter="false" isSetter="false">
              <Summary numSequencePoints="4" visitedSequencePoints="4" numBranchPoints="0" visitedBranchPoints="0" sequenceCoverage="100.0" branchCoverage="0" maxCyclomaticComplexity="0" minCyclomaticComplexity="0" maxCrapScore="0" minCrapScore="0" visitedClasses="0" numClasses="0" visitedMethods="1" numMethods="1" />
              <MetadataToken>100663346</MetadataToken>
              <Name>System.Void Singletons.GameControlller::SetPoints(System.Int32)</Name>
              <FileRef uid="4" />
              <SequencePoints>
                <SequencePoint vc="15" uspid="1046" ordinal="0" offset="0" sl="52" sc="9" el="52" ec="9" bec="0" bev="0" fileid="4" />
                <SequencePoint vc="15" uspid="1047" ordinal="0" offset="1" sl="53" sc="13" el="53" ec="13" bec="0" bev="0" fileid="4" />
                <SequencePoint vc="15" uspid="1048" ordinal="0" offset="8" sl="54" sc="13" el="54" ec="13" bec="0" bev="0" fileid="4" />
                <SequencePoint vc="15" uspid="1049" ordinal="0" offset="33" sl="55" sc="9" el="55" ec="9" bec="0" bev="0" fileid="4" />
              </SequencePoints>
              <BranchPoints />
            </Method>
            <Method visited="true" cyclomaticComplexity="0" nPathComplexity="0" sequenceCoverage="100.0" branchCoverage="0" crapScore="0" isConstructor="false" isStatic="false" isGetter="false" isSetter="false">
              <Summary numSequencePoints="3" visitedSequencePoints="3" numBranchPoints="0" visitedBranchPoints="0" sequenceCoverage="100.0" branchCoverage="0" maxCyclomaticComplexity="0" minCyclomaticComplexity="0" maxCrapScore="0" minCrapScore="0" visitedClasses="0" numClasses="0" visitedMethods="1" numMethods="1" />
              <MetadataToken>100663350</MetadataToken>
              <Name>System.Int32 Singletons.GameControlller::GetPoints()</Name>
              <FileRef uid="4" />
              <SequencePoints>
                <SequencePoint vc="2" uspid="1061" ordinal="0" offset="0" sl="75" sc="9" el="75" ec="9" bec="0" bev="0" fileid="4" />
                <SequencePoint vc="2" uspid="1062" ordinal="0" offset="1" sl="76" sc="13" el="76" ec="13" bec="0" bev="0" fileid="4" />
                <SequencePoint vc="2" uspid="1063" ordinal="0" offset="9" sl="77" sc="9" el="77" ec="9" bec="0" bev="0" fileid="4" />
              </SequencePoints>
              <BranchPoints />
            </Method>
            <Method visited="true" cyclomaticComplexity="0" nPathComplexity="0" sequenceCoverage="100.0" branchCoverage="0" crapScore="0" isConstructor="false" isStatic="false" isGetter="false" isSetter="false">
              <Summary numSequencePoints="3" visitedSequencePoints="3" numBranchPoints="0" visitedBranchPoints="0" sequenceCoverage="100.0" branchCoverage="0" maxCyclomaticComplexity="0" minCyclomaticComplexity="0" maxCrapScore="0" minCrapScore="0" visitedClasses="0" numClasses="0" visitedMethods="1" numMethods="1" />
              <MetadataToken>100663352</MetadataToken>
              <Name>System.Void Singletons.GameControlller::setPointsText(TMPro.TextMeshProUGUI)</Name>
              <FileRef uid="4" />
              <SequencePoints>
                <SequencePoint vc="5" uspid="1068" ordinal="0" offset="0" sl="86" sc="9" el="86" ec="9" bec="0" bev="0" fileid="4" />
                <SequencePoint vc="5" uspid="1069" ordinal="0" offset="1" sl="87" sc="13" el="87" ec="13" bec="0" bev="0" fileid="4" />
                <SequencePoint vc="5" uspid="1070" ordinal="0" offset="8" sl="88" sc="9" el="88" ec="9" bec="0" bev="0" fileid="4" />
              </SequencePoints>
              <BranchPoints />
            </Method>
            <Method visited="true" cyclomaticComplexity="0" nPathComplexity="0" sequenceCoverage="100.0" branchCoverage="0" crapScore="0" isConstructor="false" isStatic="false" isGetter="false" isSetter="false">
              <Summary numSequencePoints="3" visitedSequencePoints="3" numBranchPoints="0" visitedBranchPoints="0" sequenceCoverage="100.0" branchCoverage="0" maxCyclomaticComplexity="0" minCyclomaticComplexity="0" maxCrapScore="0" minCrapScore="0" visitedClasses="0" numClasses="0" visitedMethods="1" numMethods="1" />
              <MetadataToken>100663353</MetadataToken>
              <Name>System.Void Singletons.GameControlller::setGameResult(TMPro.TextMeshProUGUI)</Name>
              <FileRef uid="4" />
              <SequencePoints>
                <SequencePoint vc="5" uspid="1071" ordinal="0" offset="0" sl="91" sc="9" el="91" ec="9" bec="0" bev="0" fileid="4" />
                <SequencePoint vc="5" uspid="1072" ordinal="0" offset="1" sl="92" sc="13" el="92" ec="13" bec="0" bev="0" fileid="4" />
                <SequencePoint vc="5" uspid="1073" ordinal="0" offset="8" sl="93" sc="9" el="93" ec="9" bec="0" bev="0" fileid="4" />
              </SequencePoints>
              <BranchPoints />
            </Method>
          </Methods>
        </Class>
        <Class>
          <Summary numSequencePoints="1" visitedSequencePoints="1" numBranchPoints="0" visitedBranchPoints="0" sequenceCoverage="100.0" branchCoverage="0.0" maxCyclomaticComplexity="0" minCyclomaticComplexity="0" maxCrapScore="0" minCrapScore="0" visitedClasses="1" numClasses="1" visitedMethods="1" numMethods="1" />
          <FullName>Singletons.InputController</FullName>
          <Methods>
            <Method visited="true" cyclomaticComplexity="0" nPathComplexity="0" sequenceCoverage="100.0" branchCoverage="0" crapScore="0" isConstructor="true" isStatic="false" isGetter="false" isSetter="false">
              <Summary numSequencePoints="1" visitedSequencePoints="1" numBranchPoints="0" visitedBranchPoints="0" sequenceCoverage="100.0" branchCoverage="0" maxCyclomaticComplexity="0" minCyclomaticComplexity="0" maxCrapScore="0" minCrapScore="0" visitedClasses="0" numClasses="0" visitedMethods="1" numMethods="1" />
              <MetadataToken>100663362</MetadataToken>
              <Name>Singletons.InputController::InputController()</Name>
              <FileRef uid="5" />
              <SequencePoints>
                <SequencePoint vc="5" uspid="1160" ordinal="0" offset="0" sl="12" sc="9" el="12" ec="9" bec="0" bev="0" fileid="5" />
              </SequencePoints>
              <BranchPoints />
            </Method>
          </Methods>
        </Class>
        <Class>
          <Summary numSequencePoints="43" visitedSequencePoints="43" numBranchPoints="0" visitedBranchPoints="0" sequenceCoverage="100.0" branchCoverage="0.0" maxCyclomaticComplexity="0" minCyclomaticComplexity="0" maxCrapScore="0" minCrapScore="0" visitedClasses="1" numClasses="1" visitedMethods="16" numMethods="16" />
          <FullName>Objects.Cell</FullName>
          <Methods>
            <Method visited="true" cyclomaticComplexity="0" nPathComplexity="0" sequenceCoverage="100.0" branchCoverage="0" crapScore="0" isConstructor="false" isStatic="false" isGetter="true" isSetter="false">
              <Summary numSequencePoints="1" visitedSequencePoints="1" numBranchPoints="0" visitedBranchPoints="0" sequenceCoverage="100.0" branchCoverage="0" maxCyclomaticComplexity="0" minCyclomaticComplexity="0" maxCrapScore="0" minCrapScore="0" visitedClasses="0" numClasses="0" visitedMethods="1" numMethods="1" />
              <MetadataToken>100663367</MetadataToken>
              <Name>System.Int32 Objects.Cell::get_X()</Name>
              <FileRef uid="7" />
              <SequencePoints>
                <SequencePoint vc="256" uspid="1204" ordinal="0" offset="0" sl="11" sc="24" el="11" ec="24" bec="0" bev="0" fileid="7" />
              </SequencePoints>
              <BranchPoints />
            </Method>
            <Method visited="true" cyclomaticComplexity="0" nPathComplexity="0" sequenceCoverage="100.0" branchCoverage="0" crapScore="0" isConstructor="false" isStatic="false" isGetter="false" isSetter="true">
              <Summary numSequencePoints="1" visitedSequencePoints="1" numBranchPoints="0" visitedBranchPoints="0" sequenceCoverage="100.0" branchCoverage="0" maxCyclomaticComplexity="0" minCyclomaticComplexity="0" maxCrapScore="0" minCrapScore="0" visitedClasses="0" numClasses="0" visitedMethods="1" numMethods="1" />
              <MetadataToken>100663368</MetadataToken>
              <Name>System.Void Objects.Cell::set_X(System.Int32)</Name>
              <FileRef uid="7" />
              <SequencePoints>
                <SequencePoint vc="437" uspid="1205" ordinal="0" offset="0" sl="11" sc="29" el="11" ec="29" bec="0" bev="0" fileid="7" />
              </SequencePoints>
              <BranchPoints />
            </Method>
            <Method visited="true" cyclomaticComplexity="0" nPathComplexity="0" sequenceCoverage="100.0" branchCoverage="0" crapScore="0" isConstructor="false" isStatic="false" isGetter="true" isSetter="false">
              <Summary numSequencePoints="1" visitedSequencePoints="1" numBranchPoints="0" visitedBranchPoints="0" sequenceCoverage="100.0" branchCoverage="0" maxCyclomaticComplexity="0" minCyclomaticComplexity="0" maxCrapScore="0" minCrapScore="0" visitedClasses="0" numClasses="0" visitedMethods="1" numMethods="1" />
              <MetadataToken>100663369</MetadataToken>
              <Name>System.Int32 Objects.Cell::get_Y()</Name>
              <FileRef uid="7" />
              <SequencePoints>
                <SequencePoint vc="256" uspid="1206" ordinal="0" offset="0" sl="12" sc="23" el="12" ec="23" bec="0" bev="0" fileid="7" />
              </SequencePoints>
              <BranchPoints />
            </Method>
            <Method visited="true" cyclomaticComplexity="0" nPathComplexity="0" sequenceCoverage="100.0" branchCoverage="0" crapScore="0" isConstructor="false" isStatic="false" isGetter="false" isSetter="true">
              <Summary numSequencePoints="1" visitedSequencePoints="1" numBranchPoints="0" visitedBranchPoints="0" sequenceCoverage="100.0" branchCoverage="0" maxCyclomaticComplexity="0" minCyclomaticComplexity="0" maxCrapScore="0" minCrapScore="0" visitedClasses="0" numClasses="0" visitedMethods="1" numMethods="1" />
              <MetadataToken>100663370</MetadataToken>
              <Name>System.Void Objects.Cell::set_Y(System.Int32)</Name>
              <FileRef uid="7" />
              <SequencePoints>
                <SequencePoint vc="437" uspid="1207" ordinal="0" offset="0" sl="12" sc="28" el="12" ec="28" bec="0" bev="0" fileid="7" />
              </SequencePoints>
              <BranchPoints />
            </Method>
            <Method visited="true" cyclomaticComplexity="0" nPathComplexity="0" sequenceCoverage="100.0" branchCoverage="0" crapScore="0" isConstructor="false" isStatic="false" isGetter="true" isSetter="false">
              <Summary numSequencePoints="1" visitedSequencePoints="1" numBranchPoints="0" visitedBranchPoints="0" sequenceCoverage="100.0" branchCoverage="0" maxCyclomaticComplexity="0" minCyclomaticComplexity="0" maxCrapScore="0" minCrapScore="0" visitedClasses="0" numClasses="0" visitedMethods="1" numMethods="1" />
              <MetadataToken>100663371</MetadataToken>
              <Name>System.Int32 Objects.Cell::get_Value()</Name>
              <FileRef uid="7" />
              <SequencePoints>
                <SequencePoint vc="915" uspid="1208" ordinal="0" offset="0" sl="14" sc="27" el="14" ec="27" bec="0" bev="0" fileid="7" />
              </SequencePoints>
              <BranchPoints />
            </Method>
            <Method visited="true" cyclomaticComplexity="0" nPathComplexity="0" sequenceCoverage="100.0" branchCoverage="0" crapScore="0" isConstructor="false" isStatic="false" isGetter="false" isSetter="true">
              <Summary numSequencePoints="1" visitedSequencePoints="1" numBranchPoints="0" visitedBranchPoints="0" sequenceCoverage="100.0" branchCoverage="0" maxCyclomaticComplexity="0" minCyclomaticComplexity="0" maxCrapScore="0" minCrapScore="0" visitedClasses="0" numClasses="0" visitedMethods="1" numMethods="1" />
              <MetadataToken>100663372</MetadataToken>
              <Name>System.Void Objects.Cell::set_Value(System.Int32)</Name>
              <FileRef uid="7" />
              <SequencePoints>
                <SequencePoint vc="494" uspid="1209" ordinal="0" offset="0" sl="14" sc="32" el="14" ec="32" bec="0" bev="0" fileid="7" />
              </SequencePoints>
              <BranchPoints />
            </Method>
            <Method visited="true" cyclomaticComplexity="0" nPathComplexity="0" sequenceCoverage="100.0" branchCoverage="0" crapScore="0" isConstructor="false" isStatic="false" isGetter="true" isSetter="false">
              <Summary numSequencePoints="1" visitedSequencePoints="1" numBranchPoints="0" visitedBranchPoints="0" sequenceCoverage="100.0" branchCoverage="0" maxCyclomaticComplexity="0" minCyclomaticComplexity="0" maxCrapScore="0" minCrapScore="0" visitedClasses="0" numClasses="0" visitedMethods="1" numMethods="1" />
              <MetadataToken>100663373</MetadataToken>
              <Name>System.Int32 Objects.Cell::get_Points()</Name>
              <FileRef uid="7" />
              <SequencePoints>
                <SequencePoint vc="73" uspid="1210" ordinal="0" offset="0" sl="16" sc="30" el="16" ec="30" bec="0" bev="0" fileid="7" />
              </SequencePoints>
              <BranchPoints />
            </Method>
            <Method visited="true" cyclomaticComplexity="0" nPathComplexity="0" sequenceCoverage="100.0" branchCoverage="0" crapScore="0" isConstructor="false" isStatic="false" isGetter="true" isSetter="false">
              <Summary numSequencePoints="1" visitedSequencePoints="1" numBranchPoints="0" visitedBranchPoints="0" sequenceCoverage="100.0" branchCoverage="0" maxCyclomaticComplexity="0" minCyclomaticComplexity="0" maxCrapScore="0" minCrapScore="0" visitedClasses="0" numClasses="0" visitedMethods="1" numMethods="1" />
              <MetadataToken>100663374</MetadataToken>
              <Name>System.Boolean Objects.Cell::get_IsEmpty()</Name>
              <FileRef uid="7" />
              <SequencePoints>
                <SequencePoint vc="268" uspid="1211" ordinal="0" offset="0" sl="18" sc="32" el="18" ec="32" bec="0" bev="0" fileid="7" />
              </SequencePoints>
              <BranchPoints />
            </Method>
            <Method visited="true" cyclomaticComplexity="0" nPathComplexity="0" sequenceCoverage="100.0" branchCoverage="0" crapScore="0" isConstructor="false" isStatic="false" isGetter="true" isSetter="false">
              <Summary numSequencePoints="1" visitedSequencePoints="1" numBranchPoints="0" visitedBranchPoints="0" sequenceCoverage="100.0" branchCoverage="0" maxCyclomaticComplexity="0" minCyclomaticComplexity="0" maxCrapScore="0" minCrapScore="0" visitedClasses="0" numClasses="0" visitedMethods="1" numMethods="1" />
              <MetadataToken>100663379</MetadataToken>
              <Name>System.Boolean Objects.Cell::get_HasMerged()</Name>
              <FileRef uid="7" />
              <SequencePoints>
                <SequencePoint vc="11" uspid="1212" ordinal="0" offset="0" sl="27" sc="33" el="27" ec="33" bec="0" bev="0" fileid="7" />
              </SequencePoints>
              <BranchPoints />
            </Method>
            <Method visited="true" cyclomaticComplexity="0" nPathComplexity="0" sequenceCoverage="100.0" branchCoverage="0" crapScore="0" isConstructor="false" isStatic="false" isGetter="false" isSetter="true">
              <Summary numSequencePoints="1" visitedSequencePoints="1" numBranchPoints="0" visitedBranchPoints="0" sequenceCoverage="100.0" branchCoverage="0" maxCyclomaticComplexity="0" minCyclomaticComplexity="0" maxCrapScore="0" minCrapScore="0" visitedClasses="0" numClasses="0" visitedMethods="1" numMethods="1" />
              <MetadataToken>100663380</MetadataToken>
              <Name>System.Void Objects.Cell::set_HasMerged(System.Boolean)</Name>
              <FileRef uid="7" />
              <SequencePoints>
                <SequencePoint vc="41" uspid="1213" ordinal="0" offset="0" sl="27" sc="38" el="27" ec="38" bec="0" bev="0" fileid="7" />
              </SequencePoints>
              <BranchPoints />
            </Method>
            <Method visited="true" cyclomaticComplexity="0" nPathComplexity="0" sequenceCoverage="100.0" branchCoverage="0" crapScore="0" isConstructor="false" isStatic="false" isGetter="false" isSetter="false">
              <Summary numSequencePoints="6" visitedSequencePoints="6" numBranchPoints="0" visitedBranchPoints="0" sequenceCoverage="100.0" branchCoverage="0" maxCyclomaticComplexity="0" minCyclomaticComplexity="0" maxCrapScore="0" minCrapScore="0" visitedClasses="0" numClasses="0" visitedMethods="1" numMethods="1" />
              <MetadataToken>100663381</MetadataToken>
              <Name>System.Void Objects.Cell::SetValue(System.Int32, System.Int32, System.Int32)</Name>
              <FileRef uid="7" />
              <SequencePoints>
                <SequencePoint vc="277" uspid="1214" ordinal="0" offset="0" sl="35" sc="9" el="35" ec="9" bec="0" bev="0" fileid="7" />
                <SequencePoint vc="277" uspid="1215" ordinal="0" offset="1" sl="36" sc="13" el="36" ec="13" bec="0" bev="0" fileid="7" />
                <SequencePoint vc="277" uspid="1216" ordinal="0" offset="9" sl="37" sc="13" el="37" ec="13" bec="0" bev="0" fileid="7" />
                <SequencePoint vc="277" uspid="1217" ordinal="0" offset="17" sl="38" sc="13" el="38" ec="13" bec="0" bev="0" fileid="7" />
                <SequencePoint vc="277" uspid="1218" ordinal="0" offset="25" sl="40" sc="13" el="40" ec="13" bec="0" bev="0" fileid="7" />
                <SequencePoint vc="277" uspid="1219" ordinal="0" offset="49" sl="42" sc="9" el="42" ec="9" bec="0" bev="0" fileid="7" />
              </SequencePoints>
              <BranchPoints />
            </Method>
            <Method visited="true" cyclomaticComplexity="0" nPathComplexity="0" sequenceCoverage="100.0" branchCoverage="0" crapScore="0" isConstructor="false" isStatic="false" isGetter="false" isSetter="false">
              <Summary numSequencePoints="9" visitedSequencePoints="9" numBranchPoints="0" visitedBranchPoints="0" sequenceCoverage="100.0" branchCoverage="0" maxCyclomaticComplexity="0" minCyclomaticComplexity="0" maxCrapScore="0" minCrapScore="0" visitedClasses="0" numClasses="0" visitedMethods="1" numMethods="1" />
              <MetadataToken>100663382</MetadataToken>
              <Name>System.Void Objects.Cell::IncreaseValue()</Name>
              <FileRef uid="7" />
              <SequencePoints>
                <SequencePoint vc="9" uspid="1220" ordinal="0" offset="0" sl="46" sc="9" el="46" ec="9" bec="0" bev="0" fileid="7" />
                <SequencePoint vc="9" uspid="1221" ordinal="0" offset="1" sl="47" sc="13" el="47" ec="13" bec="0" bev="0" fileid="7" />
                <SequencePoint vc="9" uspid="1222" ordinal="0" offset="18" sl="48" sc="13" el="48" ec="13" bec="0" bev="0" fileid="7" />
                <SequencePoint vc="9" uspid="1223" ordinal="0" offset="26" sl="50" sc="13" el="50" ec="13" bec="0" bev="0" fileid="7" />
                <SequencePoint vc="9" uspid="1224" ordinal="0" offset="41" sl="51" sc="13" el="51" ec="13" bec="0" bev="0" fileid="7" />
                <SequencePoint vc="9" uspid="1225" ordinal="0" offset="42" sl="52" sc="17" el="52" ec="17" bec="0" bev="0" fileid="7" />
                <SequencePoint vc="9" uspid="1226" ordinal="0" offset="59" sl="53" sc="13" el="53" ec="13" bec="0" bev="0" fileid="7" />
                <SequencePoint vc="9" uspid="1227" ordinal="0" offset="60" sl="55" sc="13" el="55" ec="13" bec="0" bev="0" fileid="7" />
                <SequencePoint vc="9" uspid="1228" ordinal="0" offset="84" sl="56" sc="9" el="56" ec="9" bec="0" bev="0" fileid="7" />
              </SequencePoints>
              <BranchPoints />
            </Method>
            <Method visited="true" cyclomaticComplexity="0" nPathComplexity="0" sequenceCoverage="100.0" branchCoverage="0" crapScore="0" isConstructor="false" isStatic="false" isGetter="false" isSetter="false">
              <Summary numSequencePoints="3" visitedSequencePoints="3" numBranchPoints="0" visitedBranchPoints="0" sequenceCoverage="100.0" branchCoverage="0" maxCyclomaticComplexity="0" minCyclomaticComplexity="0" maxCrapScore="0" minCrapScore="0" visitedClasses="0" numClasses="0" visitedMethods="1" numMethods="1" />
              <MetadataToken>100663383</MetadataToken>
              <Name>System.Void Objects.Cell::ResetFlags()</Name>
              <FileRef uid="7" />
              <SequencePoints>
                <SequencePoint vc="32" uspid="1229" ordinal="0" offset="0" sl="59" sc="9" el="59" ec="9" bec="0" bev="0" fileid="7" />
                <SequencePoint vc="32" uspid="1230" ordinal="0" offset="1" sl="60" sc="13" el="60" ec="13" bec="0" bev="0" fileid="7" />
                <SequencePoint vc="32" uspid="1231" ordinal="0" offset="9" sl="61" sc="9" el="61" ec="9" bec="0" bev="0" fileid="7" />
              </SequencePoints>
              <BranchPoints />
            </Method>
            <Method visited="true" cyclomaticComplexity="0" nPathComplexity="0" sequenceCoverage="100.0" branchCoverage="0" crapScore="0" isConstructor="false" isStatic="false" isGetter="false" isSetter="false">
              <Summary numSequencePoints="5" visitedSequencePoints="5" numBranchPoints="0" visitedBranchPoints="0" sequenceCoverage="100.0" branchCoverage="0" maxCyclomaticComplexity="0" minCyclomaticComplexity="0" maxCrapScore="0" minCrapScore="0" visitedClasses="0" numClasses="0" visitedMethods="1" numMethods="1" />
              <MetadataToken>100663384</MetadataToken>
              <Name>System.Void Objects.Cell::MergeWithCell(Objects.Cell)</Name>
              <FileRef uid="7" />
              <SequencePoints>
                <SequencePoint vc="9" uspid="1232" ordinal="0" offset="0" sl="64" sc="9" el="64" ec="9" bec="0" bev="0" fileid="7" />
                <SequencePoint vc="9" uspid="1233" ordinal="0" offset="1" sl="65" sc="13" el="65" ec="13" bec="0" bev="0" fileid="7" />
                <SequencePoint vc="9" uspid="1234" ordinal="0" offset="8" sl="66" sc="13" el="66" ec="13" bec="0" bev="0" fileid="7" />
                <SequencePoint vc="9" uspid="1235" ordinal="0" offset="28" sl="68" sc="13" el="68" ec="13" bec="0" bev="0" fileid="7" />
                <SequencePoint vc="9" uspid="1236" ordinal="0" offset="52" sl="69" sc="9" el="69" ec="9" bec="0" bev="0" fileid="7" />
              </SequencePoints>
              <BranchPoints />
            </Method>
            <Method visited="true" cyclomaticComplexity="0" nPathComplexity="0" sequenceCoverage="100.0" branchCoverage="0" crapScore="0" isConstructor="false" isStatic="false" isGetter="false" isSetter="false">
              <Summary numSequencePoints="4" visitedSequencePoints="4" numBranchPoints="0" visitedBranchPoints="0" sequenceCoverage="100.0" branchCoverage="0" maxCyclomaticComplexity="0" minCyclomaticComplexity="0" maxCrapScore="0" minCrapScore="0" visitedClasses="0" numClasses="0" visitedMethods="1" numMethods="1" />
              <MetadataToken>100663385</MetadataToken>
              <Name>System.Void Objects.Cell::MoveToCell(Objects.Cell)</Name>
              <FileRef uid="7" />
              <SequencePoints>
                <SequencePoint vc="9" uspid="1237" ordinal="0" offset="0" sl="72" sc="9" el="72" ec="9" bec="0" bev="0" fileid="7" />
                <SequencePoint vc="9" uspid="1238" ordinal="0" offset="1" sl="73" sc="13" el="73" ec="13" bec="0" bev="0" fileid="7" />
                <SequencePoint vc="9" uspid="1239" ordinal="0" offset="26" sl="74" sc="13" el="74" ec="13" bec="0" bev="0" fileid="7" />
                <SequencePoint vc="9" uspid="1240" ordinal="0" offset="46" sl="75" sc="9" el="75" ec="9" bec="0" bev="0" fileid="7" />
              </SequencePoints>
              <BranchPoints />
            </Method>
            <Method visited="true" cyclomaticComplexity="0" nPathComplexity="0" sequenceCoverage="100.0" branchCoverage="0" crapScore="0" isConstructor="true" isStatic="false" isGetter="false" isSetter="false">
              <Summary numSequencePoints="6" visitedSequencePoints="6" numBranchPoints="0" visitedBranchPoints="0" sequenceCoverage="100.0" branchCoverage="0" maxCyclomaticComplexity="0" minCyclomaticComplexity="0" maxCrapScore="0" minCrapScore="0" visitedClasses="0" numClasses="0" visitedMethods="1" numMethods="1" />
              <MetadataToken>100663386</MetadataToken>
              <Name>Objects.Cell::Cell(System.Int32, System.Int32, System.Int32)</Name>
              <FileRef uid="7" />
              <SequencePoints>
                <SequencePoint vc="160" uspid="1241" ordinal="0" offset="0" sl="77" sc="9" el="77" ec="9" bec="0" bev="0" fileid="7" />
                <SequencePoint vc="160" uspid="1242" ordinal="0" offset="7" sl="78" sc="9" el="78" ec="9" bec="0" bev="0" fileid="7" />
                <SequencePoint vc="160" uspid="1243" ordinal="0" offset="8" sl="79" sc="13" el="79" ec="13" bec="0" bev="0" fileid="7" />
                <SequencePoint vc="160" uspid="1244" ordinal="0" offset="16" sl="80" sc="13" el="80" ec="13" bec="0" bev="0" fileid="7" />
                <SequencePoint vc="160" uspid="1245" ordinal="0" offset="24" sl="81" sc="13" el="81" ec="13" bec="0" bev="0" fileid="7" />
                <SequencePoint vc="160" uspid="1246" ordinal="0" offset="32" sl="82" sc="9" el="82" ec="9" bec="0" bev="0" fileid="7" />
              </SequencePoints>
              <BranchPoints />
            </Method>
          </Methods>
        </Class>
        <Class>
          <Summary numSequencePoints="21" visitedSequencePoints="13" numBranchPoints="0" visitedBranchPoints="0" sequenceCoverage="61.90" branchCoverage="0.0" maxCyclomaticComplexity="0" minCyclomaticComplexity="0" maxCrapScore="0" minCrapScore="0" visitedClasses="1" numClasses="1" visitedMethods="3" numMethods="3" />
          <FullName>Objects.CellView</FullName>
          <Methods>
            <Method visited="true" cyclomaticComplexity="0" nPathComplexity="0" sequenceCoverage="66.67" branchCoverage="0" crapScore="0" isConstructor="false" isStatic="false" isGetter="false" isSetter="false">
              <Summary numSequencePoints="12" visitedSequencePoints="8" numBranchPoints="0" visitedBranchPoints="0" sequenceCoverage="66.67" branchCoverage="0" maxCyclomaticComplexity="0" minCyclomaticComplexity="0" maxCrapScore="0" minCrapScore="0" visitedClasses="0" numClasses="0" visitedMethods="1" numMethods="1" />
              <MetadataToken>100663387</MetadataToken>
              <Name>System.Void Objects.CellView::Init(Objects.Cell)</Name>
              <FileRef uid="8" />
              <SequencePoints>
                <SequencePoint vc="160" uspid="1247" ordinal="0" offset="0" sl="20" sc="9" el="20" ec="9" bec="0" bev="0" fileid="8" />
                <SequencePoint vc="160" uspid="1248" ordinal="0" offset="1" sl="21" sc="13" el="21" ec="13" bec="0" bev="0" fileid="8" />
                <SequencePoint vc="0" uspid="1249" ordinal="0" offset="14" sl="22" sc="13" el="22" ec="13" bec="0" bev="0" fileid="8" />
                <SequencePoint vc="0" uspid="1250" ordinal="0" offset="15" sl="23" sc="17" el="23" ec="17" bec="0" bev="0" fileid="8" />
                <SequencePoint vc="0" uspid="1251" ordinal="0" offset="39" sl="24" sc="17" el="24" ec="17" bec="0" bev="0" fileid="8" />
                <SequencePoint vc="0" uspid="1252" ordinal="0" offset="63" sl="25" sc="13" el="25" ec="13" bec="0" bev="0" fileid="8" />
                <SequencePoint vc="160" uspid="1253" ordinal="0" offset="64" sl="27" sc="13" el="27" ec="13" bec="0" bev="0" fileid="8" />
                <SequencePoint vc="160" uspid="1254" ordinal="0" offset="71" sl="28" sc="13" el="28" ec="13" bec="0" bev="0" fileid="8" />
                <SequencePoint vc="160" uspid="1255" ordinal="0" offset="95" sl="29" sc="13" el="29" ec="13" bec="0" bev="0" fileid="8" />
                <SequencePoint vc="160" uspid="1256" ordinal="0" offset="119" sl="31" sc="13" el="31" ec="13" bec="0" bev="0" fileid="8" />
                <SequencePoint vc="160" uspid="1257" ordinal="0" offset="132" sl="32" sc="13" el="32" ec="13" bec="0" bev="0" fileid="8" />
                <SequencePoint vc="160" uspid="1258" ordinal="0" offset="153" sl="34" sc="9" el="34" ec="9" bec="0" bev="0" fileid="8" />
              </SequencePoints>
              <BranchPoints />
            </Method>
            <Method visited="true" cyclomaticComplexity="0" nPathComplexity="0" sequenceCoverage="42.86" branchCoverage="0" crapScore="0" isConstructor="false" isStatic="false" isGetter="false" isSetter="false">
              <Summary numSequencePoints="7" visitedSequencePoints="3" numBranchPoints="0" visitedBranchPoints="0" sequenceCoverage="42.86" branchCoverage="0" maxCyclomaticComplexity="0" minCyclomaticComplexity="0" maxCrapScore="0" minCrapScore="0" visitedClasses="0" numClasses="0" visitedMethods="1" numMethods="1" />
              <MetadataToken>100663388</MetadataToken>
              <Name>System.Void Objects.CellView::UpdateValue(System.Int32)</Name>
              <FileRef uid="8" />
              <SequencePoints>
                <SequencePoint vc="455" uspid="1259" ordinal="0" offset="0" sl="37" sc="9" el="37" ec="9" bec="0" bev="0" fileid="8" />
                <SequencePoint vc="455" uspid="1260" ordinal="0" offset="1" sl="38" sc="13" el="38" ec="13" bec="0" bev="0" fileid="8" />
                <SequencePoint vc="0" uspid="1261" ordinal="0" offset="42" sl="39" sc="13" el="39" ec="13" bec="0" bev="0" fileid="8" />
                <SequencePoint vc="0" uspid="1262" ordinal="0" offset="43" sl="40" sc="17" el="40" ec="17" bec="0" bev="0" fileid="8" />
                <SequencePoint vc="0" uspid="1263" ordinal="0" offset="94" sl="41" sc="17" el="41" ec="17" bec="0" bev="0" fileid="8" />
                <SequencePoint vc="0" uspid="1264" ordinal="0" offset="132" sl="42" sc="13" el="42" ec="13" bec="0" bev="0" fileid="8" />
                <SequencePoint vc="455" uspid="1265" ordinal="0" offset="133" sl="43" sc="9" el="43" ec="9" bec="0" bev="0" fileid="8" />
              </SequencePoints>
              <BranchPoints />
            </Method>
            <Method visited="true" cyclomaticComplexity="0" nPathComplexity="0" sequenceCoverage="100.0" branchCoverage="0" crapScore="0" isConstructor="false" isStatic="false" isGetter="false" isSetter="false">
              <Summary numSequencePoints="2" visitedSequencePoints="2" numBranchPoints="0" visitedBranchPoints="0" sequenceCoverage="100.0" branchCoverage="0" maxCyclomaticComplexity="0" minCyclomaticComplexity="0" maxCrapScore="0" minCrapScore="0" visitedClasses="0" numClasses="0" visitedMethods="1" numMethods="1" />
              <MetadataToken>100663389</MetadataToken>
              <Name>System.Void Objects.CellView::UpdatePosition(System.Single, System.Single)</Name>
              <FileRef uid="8" />
              <SequencePoints>
                <SequencePoint vc="160" uspid="1266" ordinal="0" offset="0" sl="46" sc="9" el="46" ec="9" bec="0" bev="0" fileid="8" />
                <SequencePoint vc="160" uspid="1267" ordinal="0" offset="1" sl="47" sc="9" el="47" ec="9" bec="0" bev="0" fileid="8" />
              </SequencePoints>
              <BranchPoints />
            </Method>
          </Methods>
        </Class>
      </Classes>
    </Module>
  </Modules>
</CoverageSession>