<?xml version="1.0" encoding="utf-8"?>
<CoverageSession xmlns:xsd="http://www.w3.org/2001/XMLSchema" xmlns:xsi="http://www.w3.org/2001/XMLSchema-instance" Version="0.0.0.0">
  <Summary numSequencePoints="223" visitedSequencePoints="212" numBranchPoints="0" visitedBranchPoints="0" sequenceCoverage="95.07" branchCoverage="0.0" maxCyclomaticComplexity="0" minCyclomaticComplexity="0" maxCrapScore="0" minCrapScore="0" visitedClasses="4" numClasses="4" visitedMethods="30" numMethods="30" />
  <Modules>
    <Module>
      <Summary numSequencePoints="39" visitedSequencePoints="39" numBranchPoints="0" visitedBranchPoints="0" sequenceCoverage="100.0" branchCoverage="0.0" maxCyclomaticComplexity="0" minCyclomaticComplexity="0" maxCrapScore="0" minCrapScore="0" visitedClasses="1" numClasses="1" visitedMethods="5" numMethods="5" />
      <ModuleTime>0001-01-01T00:00:00</ModuleTime>
      <ModuleName>Assembly-CSharp-Editor</ModuleName>
      <Files>
        <File uid="1" fullPath="/Users/artemakulov/Study/2 course/2 sem/Unity/Labs/Assets/_Source/Tests/Editor/GameTests.cs" />
      </Files>
      <Classes>
        <Class>
          <Summary numSequencePoints="39" visitedSequencePoints="39" numBranchPoints="0" visitedBranchPoints="0" sequenceCoverage="100.0" branchCoverage="0.0" maxCyclomaticComplexity="0" minCyclomaticComplexity="0" maxCrapScore="0" minCrapScore="0" visitedClasses="1" numClasses="1" visitedMethods="5" numMethods="5" />
          <FullName>GameTests</FullName>
          <Methods>
            <Method visited="true" cyclomaticComplexity="0" nPathComplexity="0" sequenceCoverage="100.0" branchCoverage="0" crapScore="0" isConstructor="false" isStatic="false" isGetter="false" isSetter="false">
              <Summary numSequencePoints="17" visitedSequencePoints="17" numBranchPoints="0" visitedBranchPoints="0" sequenceCoverage="100.0" branchCoverage="0" maxCyclomaticComplexity="0" minCyclomaticComplexity="0" maxCrapScore="0" minCrapScore="0" visitedClasses="0" numClasses="0" visitedMethods="1" numMethods="1" />
              <MetadataToken>100663297</MetadataToken>
              <Name>System.Void GameTests::Setup()</Name>
              <FileRef uid="1" />
              <SequencePoints>
                <SequencePoint vc="4" uspid="684" ordinal="0" offset="0" sl="14" sc="5" el="14" ec="5" bec="0" bev="0" fileid="1" />
                <SequencePoint vc="4" uspid="685" ordinal="0" offset="1" sl="16" sc="9" el="16" ec="9" bec="0" bev="0" fileid="1" />
                <SequencePoint vc="4" uspid="686" ordinal="0" offset="9" sl="19" sc="9" el="19" ec="9" bec="0" bev="0" fileid="1" />
                <SequencePoint vc="4" uspid="687" ordinal="0" offset="20" sl="20" sc="9" el="20" ec="9" bec="0" bev="0" fileid="1" />
                <SequencePoint vc="4" uspid="688" ordinal="0" offset="32" sl="22" sc="9" el="22" ec="9" bec="0" bev="0" fileid="1" />
                <SequencePoint vc="4" uspid="689" ordinal="0" offset="39" sl="23" sc="9" el="23" ec="9" bec="0" bev="0" fileid="1" />
                <SequencePoint vc="4" uspid="690" ordinal="0" offset="55" sl="24" sc="9" el="24" ec="9" bec="0" bev="0" fileid="1" />
                <SequencePoint vc="4" uspid="691" ordinal="0" offset="71" sl="26" sc="9" el="26" ec="9" bec="0" bev="0" fileid="1" />
                <SequencePoint vc="4" uspid="692" ordinal="0" offset="83" sl="27" sc="9" el="27" ec="9" bec="0" bev="0" fileid="1" />
                <SequencePoint vc="4" uspid="693" ordinal="0" offset="95" sl="28" sc="9" el="28" ec="9" bec="0" bev="0" fileid="1" />
                <SequencePoint vc="4" uspid="694" ordinal="0" offset="107" sl="30" sc="9" el="30" ec="9" bec="0" bev="0" fileid="1" />
                <SequencePoint vc="4" uspid="695" ordinal="0" offset="119" sl="31" sc="9" el="31" ec="9" bec="0" bev="0" fileid="1" />
                <SequencePoint vc="4" uspid="696" ordinal="0" offset="135" sl="32" sc="9" el="32" ec="9" bec="0" bev="0" fileid="1" />
                <SequencePoint vc="4" uspid="697" ordinal="0" offset="151" sl="33" sc="9" el="33" ec="9" bec="0" bev="0" fileid="1" />
                <SequencePoint vc="4" uspid="698" ordinal="0" offset="163" sl="35" sc="9" el="35" ec="9" bec="0" bev="0" fileid="1" />
                <SequencePoint vc="4" uspid="699" ordinal="0" offset="175" sl="37" sc="9" el="37" ec="9" bec="0" bev="0" fileid="1" />
                <SequencePoint vc="4" uspid="700" ordinal="0" offset="187" sl="38" sc="5" el="38" ec="5" bec="0" bev="0" fileid="1" />
              </SequencePoints>
              <BranchPoints />
            </Method>
            <Method visited="true" cyclomaticComplexity="0" nPathComplexity="0" sequenceCoverage="100.0" branchCoverage="0" crapScore="0" isConstructor="false" isStatic="false" isGetter="false" isSetter="false">
              <Summary numSequencePoints="5" visitedSequencePoints="5" numBranchPoints="0" visitedBranchPoints="0" sequenceCoverage="100.0" branchCoverage="0" maxCyclomaticComplexity="0" minCyclomaticComplexity="0" maxCrapScore="0" minCrapScore="0" visitedClasses="0" numClasses="0" visitedMethods="1" numMethods="1" />
              <MetadataToken>100663298</MetadataToken>
              <Name>System.Void GameTests::EmptyTest()</Name>
              <FileRef uid="1" />
              <SequencePoints>
                <SequencePoint vc="1" uspid="701" ordinal="0" offset="0" sl="42" sc="5" el="42" ec="5" bec="0" bev="0" fileid="1" />
                <SequencePoint vc="1" uspid="702" ordinal="0" offset="1" sl="43" sc="9" el="43" ec="9" bec="0" bev="0" fileid="1" />
                <SequencePoint vc="1" uspid="703" ordinal="0" offset="3" sl="44" sc="9" el="44" ec="9" bec="0" bev="0" fileid="1" />
                <SequencePoint vc="1" uspid="704" ordinal="0" offset="5" sl="45" sc="9" el="45" ec="9" bec="0" bev="0" fileid="1" />
                <SequencePoint vc="1" uspid="705" ordinal="0" offset="25" sl="46" sc="5" el="46" ec="5" bec="0" bev="0" fileid="1" />
              </SequencePoints>
              <BranchPoints />
            </Method>
            <Method visited="true" cyclomaticComplexity="0" nPathComplexity="0" sequenceCoverage="100.0" branchCoverage="0" crapScore="0" isConstructor="false" isStatic="false" isGetter="false" isSetter="false">
              <Summary numSequencePoints="3" visitedSequencePoints="3" numBranchPoints="0" visitedBranchPoints="0" sequenceCoverage="100.0" branchCoverage="0" maxCyclomaticComplexity="0" minCyclomaticComplexity="0" maxCrapScore="0" minCrapScore="0" visitedClasses="0" numClasses="0" visitedMethods="1" numMethods="1" />
              <MetadataToken>100663299</MetadataToken>
              <Name>System.Void GameTests::TestFieldIsNotNull()</Name>
              <FileRef uid="1" />
              <SequencePoints>
                <SequencePoint vc="1" uspid="706" ordinal="0" offset="0" sl="50" sc="5" el="50" ec="5" bec="0" bev="0" fileid="1" />
                <SequencePoint vc="1" uspid="707" ordinal="0" offset="1" sl="51" sc="9" el="51" ec="9" bec="0" bev="0" fileid="1" />
                <SequencePoint vc="1" uspid="708" ordinal="0" offset="13" sl="52" sc="5" el="52" ec="5" bec="0" bev="0" fileid="1" />
              </SequencePoints>
              <BranchPoints />
            </Method>
            <Method visited="true" cyclomaticComplexity="0" nPathComplexity="0" sequenceCoverage="100.0" branchCoverage="0" crapScore="0" isConstructor="false" isStatic="false" isGetter="false" isSetter="false">
              <Summary numSequencePoints="6" visitedSequencePoints="6" numBranchPoints="0" visitedBranchPoints="0" sequenceCoverage="100.0" branchCoverage="0" maxCyclomaticComplexity="0" minCyclomaticComplexity="0" maxCrapScore="0" minCrapScore="0" visitedClasses="0" numClasses="0" visitedMethods="1" numMethods="1" />
              <MetadataToken>100663300</MetadataToken>
              <Name>System.Void GameTests::SetTest()</Name>
              <FileRef uid="1" />
              <SequencePoints>
                <SequencePoint vc="1" uspid="709" ordinal="0" offset="0" sl="56" sc="5" el="56" ec="5" bec="0" bev="0" fileid="1" />
                <SequencePoint vc="1" uspid="710" ordinal="0" offset="1" sl="57" sc="9" el="57" ec="9" bec="0" bev="0" fileid="1" />
                <SequencePoint vc="1" uspid="711" ordinal="0" offset="20" sl="65" sc="9" el="65" ec="9" bec="0" bev="0" fileid="1" />
                <SequencePoint vc="1" uspid="712" ordinal="0" offset="33" sl="69" sc="9" el="69" ec="9" bec="0" bev="0" fileid="1" />
                <SequencePoint vc="1" uspid="713" ordinal="0" offset="45" sl="71" sc="9" el="71" ec="9" bec="0" bev="0" fileid="1" />
                <SequencePoint vc="1" uspid="714" ordinal="0" offset="53" sl="72" sc="5" el="72" ec="5" bec="0" bev="0" fileid="1" />
              </SequencePoints>
              <BranchPoints />
            </Method>
            <Method visited="true" cyclomaticComplexity="0" nPathComplexity="0" sequenceCoverage="100.0" branchCoverage="0" crapScore="0" isConstructor="false" isStatic="false" isGetter="false" isSetter="false">
              <Summary numSequencePoints="8" visitedSequencePoints="8" numBranchPoints="0" visitedBranchPoints="0" sequenceCoverage="100.0" branchCoverage="0" maxCyclomaticComplexity="0" minCyclomaticComplexity="0" maxCrapScore="0" minCrapScore="0" visitedClasses="0" numClasses="0" visitedMethods="1" numMethods="1" />
              <MetadataToken>100663301</MetadataToken>
              <Name>System.Void GameTests::MovementTestRight()</Name>
              <FileRef uid="1" />
              <SequencePoints>
                <SequencePoint vc="1" uspid="715" ordinal="0" offset="0" sl="76" sc="5" el="76" ec="5" bec="0" bev="0" fileid="1" />
                <SequencePoint vc="1" uspid="716" ordinal="0" offset="1" sl="77" sc="9" el="77" ec="9" bec="0" bev="0" fileid="1" />
                <SequencePoint vc="1" uspid="717" ordinal="0" offset="20" sl="85" sc="9" el="85" ec="9" bec="0" bev="0" fileid="1" />
                <SequencePoint vc="1" uspid="718" ordinal="0" offset="33" sl="89" sc="9" el="89" ec="9" bec="0" bev="0" fileid="1" />
                <SequencePoint vc="1" uspid="719" ordinal="0" offset="50" sl="91" sc="9" el="91" ec="9" bec="0" bev="0" fileid="1" />
                <SequencePoint vc="1" uspid="720" ordinal="0" offset="62" sl="93" sc="9" el="93" ec="9" bec="0" bev="0" fileid="1" />
                <SequencePoint vc="1" uspid="721" ordinal="0" offset="81" sl="101" sc="9" el="101" ec="9" bec="0" bev="0" fileid="1" />
                <SequencePoint vc="1" uspid="722" ordinal="0" offset="89" sl="102" sc="5" el="102" ec="5" bec="0" bev="0" fileid="1" />
              </SequencePoints>
              <BranchPoints />
            </Method>
          </Methods>
        </Class>
      </Classes>
    </Module>
    <Module>
      <Summary numSequencePoints="184" visitedSequencePoints="173" numBranchPoints="0" visitedBranchPoints="0" sequenceCoverage="94.02" branchCoverage="0.0" maxCyclomaticComplexity="0" minCyclomaticComplexity="0" maxCrapScore="0" minCrapScore="0" visitedClasses="3" numClasses="3" visitedMethods="25" numMethods="25" />
      <ModuleTime>0001-01-01T00:00:00</ModuleTime>
      <ModuleName>Assembly-CSharp</ModuleName>
      <Files>
        <File uid="2" fullPath="/Users/artemakulov/Study/2 course/2 sem/Unity/Labs/Assets/_Source/_Core/Actions/GameInput.cs" />
        <File uid="3" fullPath="/Users/artemakulov/Study/2 course/2 sem/Unity/Labs/Assets/_Source/_Core/Objects/Cell.cs" />
        <File uid="4" fullPath="/Users/artemakulov/Study/2 course/2 sem/Unity/Labs/Assets/_Source/_Core/Objects/CellView.cs" />
        <File uid="5" fullPath="/Users/artemakulov/Study/2 course/2 sem/Unity/Labs/Assets/_Source/_Core/Singletons/ColorManager.cs" />
        <File uid="6" fullPath="/Users/artemakulov/Study/2 course/2 sem/Unity/Labs/Assets/_Source/_Core/Singletons/Field.cs" />
        <File uid="7" fullPath="/Users/artemakulov/Study/2 course/2 sem/Unity/Labs/Assets/_Source/_Core/Singletons/GameControlller.cs" />
        <File uid="8" fullPath="/Users/artemakulov/Study/2 course/2 sem/Unity/Labs/Assets/_Source/_Core/Singletons/InputController.cs" />
        <File uid="9" fullPath="/Users/artemakulov/Study/2 course/2 sem/Unity/Labs/Assets/_Source/_Core/Singletons/SaveLoadManager.cs" />
      </Files>
      <Classes>
        <Class>
          <Summary numSequencePoints="40" visitedSequencePoints="37" numBranchPoints="0" visitedBranchPoints="0" sequenceCoverage="92.50" branchCoverage="0.0" maxCyclomaticComplexity="0" minCyclomaticComplexity="0" maxCrapScore="0" minCrapScore="0" visitedClasses="1" numClasses="1" visitedMethods="15" numMethods="15" />
          <FullName>Cell</FullName>
          <Methods>
            <Method visited="true" cyclomaticComplexity="0" nPathComplexity="0" sequenceCoverage="100.0" branchCoverage="0" crapScore="0" isConstructor="false" isStatic="false" isGetter="true" isSetter="false">
              <Summary numSequencePoints="1" visitedSequencePoints="1" numBranchPoints="0" visitedBranchPoints="0" sequenceCoverage="100.0" branchCoverage="0" maxCyclomaticComplexity="0" minCyclomaticComplexity="0" maxCrapScore="0" minCrapScore="0" visitedClasses="0" numClasses="0" visitedMethods="1" numMethods="1" />
              <MetadataToken>100663315</MetadataToken>
              <Name>System.Int32 Cell::get_X()</Name>
              <FileRef uid="3" />
              <SequencePoints>
                <SequencePoint vc="90" uspid="769" ordinal="0" offset="0" sl="8" sc="20" el="8" ec="20" bec="0" bev="0" fileid="3" />
              </SequencePoints>
              <BranchPoints />
            </Method>
            <Method visited="true" cyclomaticComplexity="0" nPathComplexity="0" sequenceCoverage="100.0" branchCoverage="0" crapScore="0" isConstructor="false" isStatic="false" isGetter="false" isSetter="true">
              <Summary numSequencePoints="1" visitedSequencePoints="1" numBranchPoints="0" visitedBranchPoints="0" sequenceCoverage="100.0" branchCoverage="0" maxCyclomaticComplexity="0" minCyclomaticComplexity="0" maxCrapScore="0" minCrapScore="0" visitedClasses="0" numClasses="0" visitedMethods="1" numMethods="1" />
              <MetadataToken>100663316</MetadataToken>
              <Name>System.Void Cell::set_X(System.Int32)</Name>
              <FileRef uid="3" />
              <SequencePoints>
                <SequencePoint vc="140" uspid="770" ordinal="0" offset="0" sl="8" sc="25" el="8" ec="25" bec="0" bev="0" fileid="3" />
              </SequencePoints>
              <BranchPoints />
            </Method>
            <Method visited="true" cyclomaticComplexity="0" nPathComplexity="0" sequenceCoverage="100.0" branchCoverage="0" crapScore="0" isConstructor="false" isStatic="false" isGetter="true" isSetter="false">
              <Summary numSequencePoints="1" visitedSequencePoints="1" numBranchPoints="0" visitedBranchPoints="0" sequenceCoverage="100.0" branchCoverage="0" maxCyclomaticComplexity="0" minCyclomaticComplexity="0" maxCrapScore="0" minCrapScore="0" visitedClasses="0" numClasses="0" visitedMethods="1" numMethods="1" />
              <MetadataToken>100663317</MetadataToken>
              <Name>System.Int32 Cell::get_Y()</Name>
              <FileRef uid="3" />
              <SequencePoints>
                <SequencePoint vc="90" uspid="771" ordinal="0" offset="0" sl="9" sc="19" el="9" ec="19" bec="0" bev="0" fileid="3" />
              </SequencePoints>
              <BranchPoints />
            </Method>
            <Method visited="true" cyclomaticComplexity="0" nPathComplexity="0" sequenceCoverage="100.0" branchCoverage="0" crapScore="0" isConstructor="false" isStatic="false" isGetter="false" isSetter="true">
              <Summary numSequencePoints="1" visitedSequencePoints="1" numBranchPoints="0" visitedBranchPoints="0" sequenceCoverage="100.0" branchCoverage="0" maxCyclomaticComplexity="0" minCyclomaticComplexity="0" maxCrapScore="0" minCrapScore="0" visitedClasses="0" numClasses="0" visitedMethods="1" numMethods="1" />
              <MetadataToken>100663318</MetadataToken>
              <Name>System.Void Cell::set_Y(System.Int32)</Name>
              <FileRef uid="3" />
              <SequencePoints>
                <SequencePoint vc="140" uspid="772" ordinal="0" offset="0" sl="9" sc="24" el="9" ec="24" bec="0" bev="0" fileid="3" />
              </SequencePoints>
              <BranchPoints />
            </Method>
            <Method visited="true" cyclomaticComplexity="0" nPathComplexity="0" sequenceCoverage="100.0" branchCoverage="0" crapScore="0" isConstructor="false" isStatic="false" isGetter="true" isSetter="false">
              <Summary numSequencePoints="1" visitedSequencePoints="1" numBranchPoints="0" visitedBranchPoints="0" sequenceCoverage="100.0" branchCoverage="0" maxCyclomaticComplexity="0" minCyclomaticComplexity="0" maxCrapScore="0" minCrapScore="0" visitedClasses="0" numClasses="0" visitedMethods="1" numMethods="1" />
              <MetadataToken>100663319</MetadataToken>
              <Name>System.Int32 Cell::get_Value()</Name>
              <FileRef uid="3" />
              <SequencePoints>
                <SequencePoint vc="250" uspid="773" ordinal="0" offset="0" sl="11" sc="23" el="11" ec="23" bec="0" bev="0" fileid="3" />
              </SequencePoints>
              <BranchPoints />
            </Method>
            <Method visited="true" cyclomaticComplexity="0" nPathComplexity="0" sequenceCoverage="100.0" branchCoverage="0" crapScore="0" isConstructor="false" isStatic="false" isGetter="false" isSetter="true">
              <Summary numSequencePoints="1" visitedSequencePoints="1" numBranchPoints="0" visitedBranchPoints="0" sequenceCoverage="100.0" branchCoverage="0" maxCyclomaticComplexity="0" minCyclomaticComplexity="0" maxCrapScore="0" minCrapScore="0" visitedClasses="0" numClasses="0" visitedMethods="1" numMethods="1" />
              <MetadataToken>100663320</MetadataToken>
              <Name>System.Void Cell::set_Value(System.Int32)</Name>
              <FileRef uid="3" />
              <SequencePoints>
                <SequencePoint vc="176" uspid="774" ordinal="0" offset="0" sl="11" sc="28" el="11" ec="28" bec="0" bev="0" fileid="3" />
              </SequencePoints>
              <BranchPoints />
            </Method>
            <Method visited="true" cyclomaticComplexity="0" nPathComplexity="0" sequenceCoverage="100.0" branchCoverage="0" crapScore="0" isConstructor="false" isStatic="false" isGetter="true" isSetter="false">
              <Summary numSequencePoints="1" visitedSequencePoints="1" numBranchPoints="0" visitedBranchPoints="0" sequenceCoverage="100.0" branchCoverage="0" maxCyclomaticComplexity="0" minCyclomaticComplexity="0" maxCrapScore="0" minCrapScore="0" visitedClasses="0" numClasses="0" visitedMethods="1" numMethods="1" />
              <MetadataToken>100663321</MetadataToken>
              <Name>System.Int32 Cell::get_Points()</Name>
              <FileRef uid="3" />
              <SequencePoints>
                <SequencePoint vc="32" uspid="775" ordinal="0" offset="0" sl="13" sc="26" el="13" ec="26" bec="0" bev="0" fileid="3" />
              </SequencePoints>
              <BranchPoints />
            </Method>
            <Method visited="true" cyclomaticComplexity="0" nPathComplexity="0" sequenceCoverage="100.0" branchCoverage="0" crapScore="0" isConstructor="false" isStatic="false" isGetter="true" isSetter="false">
              <Summary numSequencePoints="1" visitedSequencePoints="1" numBranchPoints="0" visitedBranchPoints="0" sequenceCoverage="100.0" branchCoverage="0" maxCyclomaticComplexity="0" minCyclomaticComplexity="0" maxCrapScore="0" minCrapScore="0" visitedClasses="0" numClasses="0" visitedMethods="1" numMethods="1" />
              <MetadataToken>100663322</MetadataToken>
              <Name>System.Boolean Cell::get_IsEmpty()</Name>
              <FileRef uid="3" />
              <SequencePoints>
                <SequencePoint vc="39" uspid="776" ordinal="0" offset="0" sl="15" sc="28" el="15" ec="28" bec="0" bev="0" fileid="3" />
              </SequencePoints>
              <BranchPoints />
            </Method>
            <Method visited="true" cyclomaticComplexity="0" nPathComplexity="0" sequenceCoverage="100.0" branchCoverage="0" crapScore="0" isConstructor="false" isStatic="false" isGetter="true" isSetter="false">
              <Summary numSequencePoints="1" visitedSequencePoints="1" numBranchPoints="0" visitedBranchPoints="0" sequenceCoverage="100.0" branchCoverage="0" maxCyclomaticComplexity="0" minCyclomaticComplexity="0" maxCrapScore="0" minCrapScore="0" visitedClasses="0" numClasses="0" visitedMethods="1" numMethods="1" />
              <MetadataToken>100663327</MetadataToken>
              <Name>System.Boolean Cell::get_HasMerged()</Name>
              <FileRef uid="3" />
              <SequencePoints>
                <SequencePoint vc="4" uspid="777" ordinal="0" offset="0" sl="24" sc="29" el="24" ec="29" bec="0" bev="0" fileid="3" />
              </SequencePoints>
              <BranchPoints />
            </Method>
            <Method visited="true" cyclomaticComplexity="0" nPathComplexity="0" sequenceCoverage="100.0" branchCoverage="0" crapScore="0" isConstructor="false" isStatic="false" isGetter="false" isSetter="true">
              <Summary numSequencePoints="1" visitedSequencePoints="1" numBranchPoints="0" visitedBranchPoints="0" sequenceCoverage="100.0" branchCoverage="0" maxCyclomaticComplexity="0" minCyclomaticComplexity="0" maxCrapScore="0" minCrapScore="0" visitedClasses="0" numClasses="0" visitedMethods="1" numMethods="1" />
              <MetadataToken>100663328</MetadataToken>
              <Name>System.Void Cell::set_HasMerged(System.Boolean)</Name>
              <FileRef uid="3" />
              <SequencePoints>
                <SequencePoint vc="4" uspid="778" ordinal="0" offset="0" sl="24" sc="34" el="24" ec="34" bec="0" bev="0" fileid="3" />
              </SequencePoints>
              <BranchPoints />
            </Method>
            <Method visited="true" cyclomaticComplexity="0" nPathComplexity="0" sequenceCoverage="100.0" branchCoverage="0" crapScore="0" isConstructor="false" isStatic="false" isGetter="false" isSetter="false">
              <Summary numSequencePoints="6" visitedSequencePoints="6" numBranchPoints="0" visitedBranchPoints="0" sequenceCoverage="100.0" branchCoverage="0" maxCyclomaticComplexity="0" minCyclomaticComplexity="0" maxCrapScore="0" minCrapScore="0" visitedClasses="0" numClasses="0" visitedMethods="1" numMethods="1" />
              <MetadataToken>100663329</MetadataToken>
              <Name>System.Void Cell::SetValue(System.Int32, System.Int32, System.Int32)</Name>
              <FileRef uid="3" />
              <SequencePoints>
                <SequencePoint vc="76" uspid="779" ordinal="0" offset="0" sl="32" sc="5" el="32" ec="5" bec="0" bev="0" fileid="3" />
                <SequencePoint vc="76" uspid="780" ordinal="0" offset="1" sl="33" sc="9" el="33" ec="9" bec="0" bev="0" fileid="3" />
                <SequencePoint vc="76" uspid="781" ordinal="0" offset="9" sl="34" sc="9" el="34" ec="9" bec="0" bev="0" fileid="3" />
                <SequencePoint vc="76" uspid="782" ordinal="0" offset="17" sl="35" sc="9" el="35" ec="9" bec="0" bev="0" fileid="3" />
                <SequencePoint vc="76" uspid="783" ordinal="0" offset="25" sl="37" sc="9" el="37" ec="9" bec="0" bev="0" fileid="3" />
                <SequencePoint vc="76" uspid="784" ordinal="0" offset="49" sl="39" sc="5" el="39" ec="5" bec="0" bev="0" fileid="3" />
              </SequencePoints>
              <BranchPoints />
            </Method>
            <Method visited="true" cyclomaticComplexity="0" nPathComplexity="0" sequenceCoverage="66.67" branchCoverage="0" crapScore="0" isConstructor="false" isStatic="false" isGetter="false" isSetter="false">
              <Summary numSequencePoints="9" visitedSequencePoints="6" numBranchPoints="0" visitedBranchPoints="0" sequenceCoverage="66.67" branchCoverage="0" maxCyclomaticComplexity="0" minCyclomaticComplexity="0" maxCrapScore="0" minCrapScore="0" visitedClasses="0" numClasses="0" visitedMethods="1" numMethods="1" />
              <MetadataToken>100663330</MetadataToken>
              <Name>System.Void Cell::IncreaseValue()</Name>
              <FileRef uid="3" />
              <SequencePoints>
                <SequencePoint vc="4" uspid="785" ordinal="0" offset="0" sl="43" sc="5" el="43" ec="5" bec="0" bev="0" fileid="3" />
                <SequencePoint vc="4" uspid="786" ordinal="0" offset="1" sl="44" sc="9" el="44" ec="9" bec="0" bev="0" fileid="3" />
                <SequencePoint vc="4" uspid="787" ordinal="0" offset="18" sl="45" sc="9" el="45" ec="9" bec="0" bev="0" fileid="3" />
                <SequencePoint vc="4" uspid="788" ordinal="0" offset="26" sl="47" sc="9" el="47" ec="9" bec="0" bev="0" fileid="3" />
                <SequencePoint vc="0" uspid="789" ordinal="0" offset="41" sl="48" sc="9" el="48" ec="9" bec="0" bev="0" fileid="3" />
                <SequencePoint vc="0" uspid="790" ordinal="0" offset="42" sl="49" sc="13" el="49" ec="13" bec="0" bev="0" fileid="3" />
                <SequencePoint vc="0" uspid="791" ordinal="0" offset="59" sl="50" sc="9" el="50" ec="9" bec="0" bev="0" fileid="3" />
                <SequencePoint vc="4" uspid="792" ordinal="0" offset="60" sl="52" sc="9" el="52" ec="9" bec="0" bev="0" fileid="3" />
                <SequencePoint vc="4" uspid="793" ordinal="0" offset="84" sl="53" sc="5" el="53" ec="5" bec="0" bev="0" fileid="3" />
              </SequencePoints>
              <BranchPoints />
            </Method>
            <Method visited="true" cyclomaticComplexity="0" nPathComplexity="0" sequenceCoverage="100.0" branchCoverage="0" crapScore="0" isConstructor="false" isStatic="false" isGetter="false" isSetter="false">
              <Summary numSequencePoints="5" visitedSequencePoints="5" numBranchPoints="0" visitedBranchPoints="0" sequenceCoverage="100.0" branchCoverage="0" maxCyclomaticComplexity="0" minCyclomaticComplexity="0" maxCrapScore="0" minCrapScore="0" visitedClasses="0" numClasses="0" visitedMethods="1" numMethods="1" />
              <MetadataToken>100663332</MetadataToken>
              <Name>System.Void Cell::MergeWithCell(Cell)</Name>
              <FileRef uid="3" />
              <SequencePoints>
                <SequencePoint vc="4" uspid="797" ordinal="0" offset="0" sl="61" sc="5" el="61" ec="5" bec="0" bev="0" fileid="3" />
                <SequencePoint vc="4" uspid="798" ordinal="0" offset="1" sl="62" sc="9" el="62" ec="9" bec="0" bev="0" fileid="3" />
                <SequencePoint vc="4" uspid="799" ordinal="0" offset="8" sl="63" sc="9" el="63" ec="9" bec="0" bev="0" fileid="3" />
                <SequencePoint vc="4" uspid="800" ordinal="0" offset="28" sl="65" sc="9" el="65" ec="9" bec="0" bev="0" fileid="3" />
                <SequencePoint vc="4" uspid="801" ordinal="0" offset="52" sl="66" sc="5" el="66" ec="5" bec="0" bev="0" fileid="3" />
              </SequencePoints>
              <BranchPoints />
            </Method>
            <Method visited="true" cyclomaticComplexity="0" nPathComplexity="0" sequenceCoverage="100.0" branchCoverage="0" crapScore="0" isConstructor="false" isStatic="false" isGetter="false" isSetter="false">
              <Summary numSequencePoints="4" visitedSequencePoints="4" numBranchPoints="0" visitedBranchPoints="0" sequenceCoverage="100.0" branchCoverage="0" maxCyclomaticComplexity="0" minCyclomaticComplexity="0" maxCrapScore="0" minCrapScore="0" visitedClasses="0" numClasses="0" visitedMethods="1" numMethods="1" />
              <MetadataToken>100663333</MetadataToken>
              <Name>System.Void Cell::MoveToCell(Cell)</Name>
              <FileRef uid="3" />
              <SequencePoints>
                <SequencePoint vc="4" uspid="802" ordinal="0" offset="0" sl="69" sc="5" el="69" ec="5" bec="0" bev="0" fileid="3" />
                <SequencePoint vc="4" uspid="803" ordinal="0" offset="1" sl="70" sc="9" el="70" ec="9" bec="0" bev="0" fileid="3" />
                <SequencePoint vc="4" uspid="804" ordinal="0" offset="26" sl="71" sc="9" el="71" ec="9" bec="0" bev="0" fileid="3" />
                <SequencePoint vc="4" uspid="805" ordinal="0" offset="46" sl="72" sc="5" el="72" ec="5" bec="0" bev="0" fileid="3" />
              </SequencePoints>
              <BranchPoints />
            </Method>
            <Method visited="true" cyclomaticComplexity="0" nPathComplexity="0" sequenceCoverage="100.0" branchCoverage="0" crapScore="0" isConstructor="true" isStatic="false" isGetter="false" isSetter="false">
              <Summary numSequencePoints="6" visitedSequencePoints="6" numBranchPoints="0" visitedBranchPoints="0" sequenceCoverage="100.0" branchCoverage="0" maxCyclomaticComplexity="0" minCyclomaticComplexity="0" maxCrapScore="0" minCrapScore="0" visitedClasses="0" numClasses="0" visitedMethods="1" numMethods="1" />
              <MetadataToken>100663334</MetadataToken>
              <Name>Cell::Cell(System.Int32, System.Int32, System.Int32)</Name>
              <FileRef uid="3" />
              <SequencePoints>
                <SequencePoint vc="64" uspid="806" ordinal="0" offset="0" sl="74" sc="5" el="74" ec="5" bec="0" bev="0" fileid="3" />
                <SequencePoint vc="64" uspid="807" ordinal="0" offset="7" sl="75" sc="5" el="75" ec="5" bec="0" bev="0" fileid="3" />
                <SequencePoint vc="64" uspid="808" ordinal="0" offset="8" sl="76" sc="9" el="76" ec="9" bec="0" bev="0" fileid="3" />
                <SequencePoint vc="64" uspid="809" ordinal="0" offset="16" sl="77" sc="9" el="77" ec="9" bec="0" bev="0" fileid="3" />
                <SequencePoint vc="64" uspid="810" ordinal="0" offset="24" sl="78" sc="9" el="78" ec="9" bec="0" bev="0" fileid="3" />
                <SequencePoint vc="64" uspid="811" ordinal="0" offset="32" sl="79" sc="5" el="79" ec="5" bec="0" bev="0" fileid="3" />
              </SequencePoints>
              <BranchPoints />
            </Method>
          </Methods>
        </Class>
        <Class>
          <Summary numSequencePoints="21" visitedSequencePoints="13" numBranchPoints="0" visitedBranchPoints="0" sequenceCoverage="61.90" branchCoverage="0.0" maxCyclomaticComplexity="0" minCyclomaticComplexity="0" maxCrapScore="0" minCrapScore="0" visitedClasses="1" numClasses="1" visitedMethods="3" numMethods="3" />
          <FullName>CellView</FullName>
          <Methods>
            <Method visited="true" cyclomaticComplexity="0" nPathComplexity="0" sequenceCoverage="66.67" branchCoverage="0" crapScore="0" isConstructor="false" isStatic="false" isGetter="false" isSetter="false">
              <Summary numSequencePoints="12" visitedSequencePoints="8" numBranchPoints="0" visitedBranchPoints="0" sequenceCoverage="66.67" branchCoverage="0" maxCyclomaticComplexity="0" minCyclomaticComplexity="0" maxCrapScore="0" minCrapScore="0" visitedClasses="0" numClasses="0" visitedMethods="1" numMethods="1" />
              <MetadataToken>100663335</MetadataToken>
              <Name>System.Void CellView::Init(Cell)</Name>
              <FileRef uid="4" />
              <SequencePoints>
                <SequencePoint vc="64" uspid="812" ordinal="0" offset="0" sl="17" sc="5" el="17" ec="5" bec="0" bev="0" fileid="4" />
                <SequencePoint vc="64" uspid="813" ordinal="0" offset="1" sl="18" sc="9" el="18" ec="9" bec="0" bev="0" fileid="4" />
                <SequencePoint vc="0" uspid="814" ordinal="0" offset="14" sl="19" sc="9" el="19" ec="9" bec="0" bev="0" fileid="4" />
                <SequencePoint vc="0" uspid="815" ordinal="0" offset="15" sl="20" sc="13" el="20" ec="13" bec="0" bev="0" fileid="4" />
                <SequencePoint vc="0" uspid="816" ordinal="0" offset="39" sl="21" sc="13" el="21" ec="13" bec="0" bev="0" fileid="4" />
                <SequencePoint vc="0" uspid="817" ordinal="0" offset="63" sl="22" sc="9" el="22" ec="9" bec="0" bev="0" fileid="4" />
                <SequencePoint vc="64" uspid="818" ordinal="0" offset="64" sl="24" sc="9" el="24" ec="9" bec="0" bev="0" fileid="4" />
                <SequencePoint vc="64" uspid="819" ordinal="0" offset="71" sl="25" sc="9" el="25" ec="9" bec="0" bev="0" fileid="4" />
                <SequencePoint vc="64" uspid="820" ordinal="0" offset="95" sl="26" sc="9" el="26" ec="9" bec="0" bev="0" fileid="4" />
                <SequencePoint vc="64" uspid="821" ordinal="0" offset="119" sl="28" sc="9" el="28" ec="9" bec="0" bev="0" fileid="4" />
                <SequencePoint vc="64" uspid="822" ordinal="0" offset="132" sl="29" sc="9" el="29" ec="9" bec="0" bev="0" fileid="4" />
                <SequencePoint vc="64" uspid="823" ordinal="0" offset="153" sl="31" sc="5" el="31" ec="5" bec="0" bev="0" fileid="4" />
              </SequencePoints>
              <BranchPoints />
            </Method>
            <Method visited="true" cyclomaticComplexity="0" nPathComplexity="0" sequenceCoverage="42.86" branchCoverage="0" crapScore="0" isConstructor="false" isStatic="false" isGetter="false" isSetter="false">
              <Summary numSequencePoints="7" visitedSequencePoints="3" numBranchPoints="0" visitedBranchPoints="0" sequenceCoverage="42.86" branchCoverage="0" maxCyclomaticComplexity="0" minCyclomaticComplexity="0" maxCrapScore="0" minCrapScore="0" visitedClasses="0" numClasses="0" visitedMethods="1" numMethods="1" />
              <MetadataToken>100663336</MetadataToken>
              <Name>System.Void CellView::UpdateValue(System.Int32)</Name>
              <FileRef uid="4" />
              <SequencePoints>
                <SequencePoint vc="148" uspid="824" ordinal="0" offset="0" sl="34" sc="5" el="34" ec="5" bec="0" bev="0" fileid="4" />
                <SequencePoint vc="148" uspid="825" ordinal="0" offset="1" sl="35" sc="9" el="35" ec="9" bec="0" bev="0" fileid="4" />
                <SequencePoint vc="0" uspid="826" ordinal="0" offset="42" sl="36" sc="9" el="36" ec="9" bec="0" bev="0" fileid="4" />
                <SequencePoint vc="0" uspid="827" ordinal="0" offset="43" sl="37" sc="13" el="37" ec="13" bec="0" bev="0" fileid="4" />
                <SequencePoint vc="0" uspid="828" ordinal="0" offset="94" sl="38" sc="13" el="38" ec="13" bec="0" bev="0" fileid="4" />
                <SequencePoint vc="0" uspid="829" ordinal="0" offset="132" sl="39" sc="9" el="39" ec="9" bec="0" bev="0" fileid="4" />
                <SequencePoint vc="148" uspid="830" ordinal="0" offset="133" sl="40" sc="5" el="40" ec="5" bec="0" bev="0" fileid="4" />
              </SequencePoints>
              <BranchPoints />
            </Method>
            <Method visited="true" cyclomaticComplexity="0" nPathComplexity="0" sequenceCoverage="100.0" branchCoverage="0" crapScore="0" isConstructor="false" isStatic="false" isGetter="false" isSetter="false">
              <Summary numSequencePoints="2" visitedSequencePoints="2" numBranchPoints="0" visitedBranchPoints="0" sequenceCoverage="100.0" branchCoverage="0" maxCyclomaticComplexity="0" minCyclomaticComplexity="0" maxCrapScore="0" minCrapScore="0" visitedClasses="0" numClasses="0" visitedMethods="1" numMethods="1" />
              <MetadataToken>100663337</MetadataToken>
              <Name>System.Void CellView::UpdatePosition(System.Single, System.Single)</Name>
              <FileRef uid="4" />
              <SequencePoints>
                <SequencePoint vc="64" uspid="831" ordinal="0" offset="0" sl="43" sc="5" el="43" ec="5" bec="0" bev="0" fileid="4" />
                <SequencePoint vc="64" uspid="832" ordinal="0" offset="1" sl="44" sc="5" el="44" ec="5" bec="0" bev="0" fileid="4" />
              </SequencePoints>
              <BranchPoints />
            </Method>
          </Methods>
        </Class>
        <Class>
          <Summary numSequencePoints="123" visitedSequencePoints="123" numBranchPoints="0" visitedBranchPoints="0" sequenceCoverage="100.0" branchCoverage="0.0" maxCyclomaticComplexity="0" minCyclomaticComplexity="0" maxCrapScore="0" minCrapScore="0" visitedClasses="1" numClasses="1" visitedMethods="7" numMethods="7" />
          <FullName>Field</FullName>
          <Methods>
            <Method visited="true" cyclomaticComplexity="0" nPathComplexity="0" sequenceCoverage="100.0" branchCoverage="0" crapScore="0" isConstructor="false" isStatic="false" isGetter="false" isSetter="false">
              <Summary numSequencePoints="26" visitedSequencePoints="26" numBranchPoints="0" visitedBranchPoints="0" sequenceCoverage="100.0" branchCoverage="0" maxCyclomaticComplexity="0" minCyclomaticComplexity="0" maxCrapScore="0" minCrapScore="0" visitedClasses="0" numClasses="0" visitedMethods="1" numMethods="1" />
              <MetadataToken>100663342</MetadataToken>
              <Name>System.Void Field::CreateField()</Name>
              <FileRef uid="6" />
              <SequencePoints>
                <SequencePoint vc="4" uspid="845" ordinal="0" offset="0" sl="42" sc="4" el="42" ec="4" bec="0" bev="0" fileid="6" />
                <SequencePoint vc="4" uspid="846" ordinal="0" offset="1" sl="43" sc="7" el="43" ec="7" bec="0" bev="0" fileid="6" />
                <SequencePoint vc="4" uspid="847" ordinal="0" offset="24" sl="44" sc="7" el="44" ec="7" bec="0" bev="0" fileid="6" />
                <SequencePoint vc="4" uspid="848" ordinal="0" offset="47" sl="46" sc="7" el="46" ec="7" bec="0" bev="0" fileid="6" />
                <SequencePoint vc="4" uspid="849" ordinal="0" offset="76" sl="47" sc="7" el="47" ec="7" bec="0" bev="0" fileid="6" />
                <SequencePoint vc="4" uspid="850" ordinal="0" offset="95" sl="49" sc="7" el="49" ec="7" bec="0" bev="0" fileid="6" />
                <SequencePoint vc="4" uspid="851" ordinal="0" offset="124" sl="50" sc="7" el="50" ec="7" bec="0" bev="0" fileid="6" />
                <SequencePoint vc="4" uspid="852" ordinal="0" offset="152" sl="52" sc="12" el="52" ec="12" bec="0" bev="0" fileid="6" />
                <SequencePoint vc="16" uspid="853" ordinal="0" offset="159" sl="53" sc="7" el="53" ec="7" bec="0" bev="0" fileid="6" />
                <SequencePoint vc="16" uspid="854" ordinal="0" offset="160" sl="54" sc="15" el="54" ec="15" bec="0" bev="0" fileid="6" />
                <SequencePoint vc="64" uspid="855" ordinal="0" offset="168" sl="55" sc="10" el="55" ec="10" bec="0" bev="0" fileid="6" />
                <SequencePoint vc="64" uspid="856" ordinal="0" offset="169" sl="56" sc="13" el="56" ec="13" bec="0" bev="0" fileid="6" />
                <SequencePoint vc="64" uspid="857" ordinal="0" offset="189" sl="57" sc="13" el="57" ec="13" bec="0" bev="0" fileid="6" />
                <SequencePoint vc="64" uspid="858" ordinal="0" offset="234" sl="58" sc="13" el="58" ec="13" bec="0" bev="0" fileid="6" />
                <SequencePoint vc="64" uspid="859" ordinal="0" offset="254" sl="60" sc="13" el="60" ec="13" bec="0" bev="0" fileid="6" />
                <SequencePoint vc="64" uspid="860" ordinal="0" offset="265" sl="61" sc="13" el="61" ec="13" bec="0" bev="0" fileid="6" />
                <SequencePoint vc="64" uspid="861" ordinal="0" offset="275" sl="63" sc="13" el="63" ec="13" bec="0" bev="0" fileid="6" />
                <SequencePoint vc="64" uspid="862" ordinal="0" offset="291" sl="64" sc="13" el="64" ec="13" bec="0" bev="0" fileid="6" />
                <SequencePoint vc="64" uspid="863" ordinal="0" offset="307" sl="66" sc="13" el="66" ec="13" bec="0" bev="0" fileid="6" />
                <SequencePoint vc="64" uspid="864" ordinal="0" offset="319" sl="67" sc="10" el="67" ec="10" bec="0" bev="0" fileid="6" />
                <SequencePoint vc="64" uspid="865" ordinal="0" offset="320" sl="54" sc="41" el="54" ec="41" bec="0" bev="0" fileid="6" />
                <SequencePoint vc="80" uspid="866" ordinal="0" offset="326" sl="54" sc="26" el="54" ec="26" bec="0" bev="0" fileid="6" />
                <SequencePoint vc="16" uspid="867" ordinal="0" offset="345" sl="68" sc="7" el="68" ec="7" bec="0" bev="0" fileid="6" />
                <SequencePoint vc="16" uspid="868" ordinal="0" offset="346" sl="52" sc="38" el="52" ec="38" bec="0" bev="0" fileid="6" />
                <SequencePoint vc="20" uspid="869" ordinal="0" offset="350" sl="52" sc="23" el="52" ec="23" bec="0" bev="0" fileid="6" />
                <SequencePoint vc="4" uspid="870" ordinal="0" offset="368" sl="69" sc="4" el="69" ec="4" bec="0" bev="0" fileid="6" />
              </SequencePoints>
              <BranchPoints />
            </Method>
            <Method visited="true" cyclomaticComplexity="0" nPathComplexity="0" sequenceCoverage="100.0" branchCoverage="0" crapScore="0" isConstructor="false" isStatic="false" isGetter="false" isSetter="false">
              <Summary numSequencePoints="30" visitedSequencePoints="30" numBranchPoints="0" visitedBranchPoints="0" sequenceCoverage="100.0" branchCoverage="0" maxCyclomaticComplexity="0" minCyclomaticComplexity="0" maxCrapScore="0" minCrapScore="0" visitedClasses="0" numClasses="0" visitedMethods="1" numMethods="1" />
              <MetadataToken>100663348</MetadataToken>
              <Name>System.Void Field::Move(UnityEngine.Vector2)</Name>
              <FileRef uid="6" />
              <SequencePoints>
                <SequencePoint vc="1" uspid="966" ordinal="0" offset="0" sl="177" sc="4" el="177" ec="4" bec="0" bev="0" fileid="6" />
                <SequencePoint vc="1" uspid="967" ordinal="0" offset="1" sl="178" sc="7" el="178" ec="7" bec="0" bev="0" fileid="6" />
                <SequencePoint vc="1" uspid="968" ordinal="0" offset="39" sl="179" sc="7" el="179" ec="7" bec="0" bev="0" fileid="6" />
                <SequencePoint vc="1" uspid="969" ordinal="0" offset="70" sl="181" sc="12" el="181" ec="12" bec="0" bev="0" fileid="6" />
                <SequencePoint vc="4" uspid="970" ordinal="0" offset="77" sl="182" sc="7" el="182" ec="7" bec="0" bev="0" fileid="6" />
                <SequencePoint vc="4" uspid="971" ordinal="0" offset="78" sl="183" sc="15" el="183" ec="15" bec="0" bev="0" fileid="6" />
                <SequencePoint vc="16" uspid="972" ordinal="0" offset="85" sl="184" sc="10" el="184" ec="10" bec="0" bev="0" fileid="6" />
                <SequencePoint vc="16" uspid="973" ordinal="0" offset="86" sl="185" sc="13" el="185" ec="13" bec="0" bev="0" fileid="6" />
                <SequencePoint vc="16" uspid="974" ordinal="0" offset="129" sl="187" sc="13" el="187" ec="13" bec="0" bev="0" fileid="6" />
                <SequencePoint vc="7" uspid="975" ordinal="0" offset="142" sl="188" sc="13" el="188" ec="13" bec="0" bev="0" fileid="6" />
                <SequencePoint vc="7" uspid="976" ordinal="0" offset="143" sl="189" sc="16" el="189" ec="16" bec="0" bev="0" fileid="6" />
                <SequencePoint vc="9" uspid="977" ordinal="0" offset="145" sl="192" sc="13" el="192" ec="13" bec="0" bev="0" fileid="6" />
                <SequencePoint vc="9" uspid="978" ordinal="0" offset="156" sl="193" sc="13" el="193" ec="13" bec="0" bev="0" fileid="6" />
                <SequencePoint vc="4" uspid="979" ordinal="0" offset="167" sl="194" sc="13" el="194" ec="13" bec="0" bev="0" fileid="6" />
                <SequencePoint vc="4" uspid="980" ordinal="0" offset="168" sl="195" sc="16" el="195" ec="16" bec="0" bev="0" fileid="6" />
                <SequencePoint vc="4" uspid="981" ordinal="0" offset="178" sl="196" sc="16" el="196" ec="16" bec="0" bev="0" fileid="6" />
                <SequencePoint vc="4" uspid="982" ordinal="0" offset="185" sl="198" sc="16" el="198" ec="16" bec="0" bev="0" fileid="6" />
                <SequencePoint vc="5" uspid="983" ordinal="0" offset="187" sl="201" sc="13" el="201" ec="13" bec="0" bev="0" fileid="6" />
                <SequencePoint vc="5" uspid="984" ordinal="0" offset="198" sl="202" sc="13" el="202" ec="13" bec="0" bev="0" fileid="6" />
                <SequencePoint vc="4" uspid="985" ordinal="0" offset="209" sl="203" sc="13" el="203" ec="13" bec="0" bev="0" fileid="6" />
                <SequencePoint vc="4" uspid="986" ordinal="0" offset="210" sl="204" sc="16" el="204" ec="16" bec="0" bev="0" fileid="6" />
                <SequencePoint vc="4" uspid="987" ordinal="0" offset="220" sl="205" sc="16" el="205" ec="16" bec="0" bev="0" fileid="6" />
                <SequencePoint vc="4" uspid="988" ordinal="0" offset="227" sl="207" sc="16" el="207" ec="16" bec="0" bev="0" fileid="6" />
                <SequencePoint vc="1" uspid="989" ordinal="0" offset="229" sl="210" sc="10" el="210" ec="10" bec="0" bev="0" fileid="6" />
                <SequencePoint vc="16" uspid="990" ordinal="0" offset="230" sl="183" sc="57" el="183" ec="57" bec="0" bev="0" fileid="6" />
                <SequencePoint vc="20" uspid="991" ordinal="0" offset="234" sl="183" sc="32" el="183" ec="32" bec="0" bev="0" fileid="6" />
                <SequencePoint vc="4" uspid="992" ordinal="0" offset="262" sl="211" sc="7" el="211" ec="7" bec="0" bev="0" fileid="6" />
                <SequencePoint vc="4" uspid="993" ordinal="0" offset="263" sl="181" sc="38" el="181" ec="38" bec="0" bev="0" fileid="6" />
                <SequencePoint vc="5" uspid="994" ordinal="0" offset="267" sl="181" sc="23" el="181" ec="23" bec="0" bev="0" fileid="6" />
                <SequencePoint vc="1" uspid="995" ordinal="0" offset="285" sl="214" sc="4" el="214" ec="4" bec="0" bev="0" fileid="6" />
              </SequencePoints>
              <BranchPoints />
            </Method>
            <Method visited="true" cyclomaticComplexity="0" nPathComplexity="0" sequenceCoverage="100.0" branchCoverage="0" crapScore="0" isConstructor="false" isStatic="false" isGetter="false" isSetter="false">
              <Summary numSequencePoints="18" visitedSequencePoints="18" numBranchPoints="0" visitedBranchPoints="0" sequenceCoverage="100.0" branchCoverage="0" maxCyclomaticComplexity="0" minCyclomaticComplexity="0" maxCrapScore="0" minCrapScore="0" visitedClasses="0" numClasses="0" visitedMethods="1" numMethods="1" />
              <MetadataToken>100663349</MetadataToken>
              <Name>Cell Field::FindCellToMerge(Cell, UnityEngine.Vector2)</Name>
              <FileRef uid="6" />
              <SequencePoints>
                <SequencePoint vc="9" uspid="996" ordinal="0" offset="0" sl="217" sc="4" el="217" ec="4" bec="0" bev="0" fileid="6" />
                <SequencePoint vc="9" uspid="997" ordinal="0" offset="1" sl="218" sc="7" el="218" ec="7" bec="0" bev="0" fileid="6" />
                <SequencePoint vc="9" uspid="998" ordinal="0" offset="16" sl="219" sc="7" el="219" ec="7" bec="0" bev="0" fileid="6" />
                <SequencePoint vc="9" uspid="999" ordinal="0" offset="31" sl="221" sc="12" el="221" ec="12" bec="0" bev="0" fileid="6" />
                <SequencePoint vc="9" uspid="1000" ordinal="0" offset="33" sl="221" sc="28" el="221" ec="28" bec="0" bev="0" fileid="6" />
                <SequencePoint vc="16" uspid="1001" ordinal="0" offset="37" sl="224" sc="7" el="224" ec="7" bec="0" bev="0" fileid="6" />
                <SequencePoint vc="16" uspid="1002" ordinal="0" offset="38" sl="225" sc="10" el="225" ec="10" bec="0" bev="0" fileid="6" />
                <SequencePoint vc="11" uspid="1003" ordinal="0" offset="62" sl="226" sc="10" el="226" ec="10" bec="0" bev="0" fileid="6" />
                <SequencePoint vc="11" uspid="1004" ordinal="0" offset="63" sl="227" sc="13" el="227" ec="13" bec="0" bev="0" fileid="6" />
                <SequencePoint vc="5" uspid="1005" ordinal="0" offset="65" sl="230" sc="10" el="230" ec="10" bec="0" bev="0" fileid="6" />
                <SequencePoint vc="4" uspid="1006" ordinal="0" offset="121" sl="231" sc="10" el="231" ec="10" bec="0" bev="0" fileid="6" />
                <SequencePoint vc="4" uspid="1007" ordinal="0" offset="122" sl="232" sc="13" el="232" ec="13" bec="0" bev="0" fileid="6" />
                <SequencePoint vc="1" uspid="1008" ordinal="0" offset="139" sl="235" sc="10" el="235" ec="10" bec="0" bev="0" fileid="6" />
                <SequencePoint vc="11" uspid="1009" ordinal="0" offset="141" sl="223" sc="12" el="223" ec="12" bec="0" bev="0" fileid="6" />
                <SequencePoint vc="11" uspid="1010" ordinal="0" offset="151" sl="223" sc="35" el="223" ec="35" bec="0" bev="0" fileid="6" />
                <SequencePoint vc="20" uspid="1011" ordinal="0" offset="161" sl="222" sc="12" el="222" ec="12" bec="0" bev="0" fileid="6" />
                <SequencePoint vc="5" uspid="1012" ordinal="0" offset="199" sl="238" sc="7" el="238" ec="7" bec="0" bev="0" fileid="6" />
                <SequencePoint vc="9" uspid="1013" ordinal="0" offset="204" sl="239" sc="4" el="239" ec="4" bec="0" bev="0" fileid="6" />
              </SequencePoints>
              <BranchPoints />
            </Method>
            <Method visited="true" cyclomaticComplexity="0" nPathComplexity="0" sequenceCoverage="100.0" branchCoverage="0" crapScore="0" isConstructor="false" isStatic="false" isGetter="false" isSetter="false">
              <Summary numSequencePoints="19" visitedSequencePoints="19" numBranchPoints="0" visitedBranchPoints="0" sequenceCoverage="100.0" branchCoverage="0" maxCyclomaticComplexity="0" minCyclomaticComplexity="0" maxCrapScore="0" minCrapScore="0" visitedClasses="0" numClasses="0" visitedMethods="1" numMethods="1" />
              <MetadataToken>100663350</MetadataToken>
              <Name>Cell Field::FindEmptyCell(Cell, UnityEngine.Vector2)</Name>
              <FileRef uid="6" />
              <SequencePoints>
                <SequencePoint vc="5" uspid="1014" ordinal="0" offset="0" sl="243" sc="4" el="243" ec="4" bec="0" bev="0" fileid="6" />
                <SequencePoint vc="5" uspid="1015" ordinal="0" offset="1" sl="244" sc="7" el="244" ec="7" bec="0" bev="0" fileid="6" />
                <SequencePoint vc="5" uspid="1016" ordinal="0" offset="3" sl="246" sc="7" el="246" ec="7" bec="0" bev="0" fileid="6" />
                <SequencePoint vc="5" uspid="1017" ordinal="0" offset="18" sl="247" sc="7" el="247" ec="7" bec="0" bev="0" fileid="6" />
                <SequencePoint vc="5" uspid="1018" ordinal="0" offset="33" sl="249" sc="12" el="249" ec="12" bec="0" bev="0" fileid="6" />
                <SequencePoint vc="5" uspid="1019" ordinal="0" offset="35" sl="249" sc="28" el="249" ec="28" bec="0" bev="0" fileid="6" />
                <SequencePoint vc="7" uspid="1020" ordinal="0" offset="40" sl="252" sc="7" el="252" ec="7" bec="0" bev="0" fileid="6" />
                <SequencePoint vc="7" uspid="1021" ordinal="0" offset="41" sl="253" sc="10" el="253" ec="10" bec="0" bev="0" fileid="6" />
                <SequencePoint vc="6" uspid="1022" ordinal="0" offset="66" sl="254" sc="10" el="254" ec="10" bec="0" bev="0" fileid="6" />
                <SequencePoint vc="6" uspid="1023" ordinal="0" offset="67" sl="255" sc="13" el="255" ec="13" bec="0" bev="0" fileid="6" />
                <SequencePoint vc="6" uspid="1024" ordinal="0" offset="82" sl="256" sc="10" el="256" ec="10" bec="0" bev="0" fileid="6" />
                <SequencePoint vc="1" uspid="1025" ordinal="0" offset="85" sl="258" sc="10" el="258" ec="10" bec="0" bev="0" fileid="6" />
                <SequencePoint vc="1" uspid="1026" ordinal="0" offset="86" sl="259" sc="13" el="259" ec="13" bec="0" bev="0" fileid="6" />
                <SequencePoint vc="6" uspid="1027" ordinal="0" offset="88" sl="262" sc="7" el="262" ec="7" bec="0" bev="0" fileid="6" />
                <SequencePoint vc="6" uspid="1028" ordinal="0" offset="89" sl="251" sc="12" el="251" ec="12" bec="0" bev="0" fileid="6" />
                <SequencePoint vc="6" uspid="1029" ordinal="0" offset="99" sl="251" sc="35" el="251" ec="35" bec="0" bev="0" fileid="6" />
                <SequencePoint vc="11" uspid="1030" ordinal="0" offset="111" sl="250" sc="12" el="250" ec="12" bec="0" bev="0" fileid="6" />
                <SequencePoint vc="5" uspid="1031" ordinal="0" offset="148" sl="264" sc="7" el="264" ec="7" bec="0" bev="0" fileid="6" />
                <SequencePoint vc="5" uspid="1032" ordinal="0" offset="153" sl="265" sc="4" el="265" ec="4" bec="0" bev="0" fileid="6" />
              </SequencePoints>
              <BranchPoints />
            </Method>
            <Method visited="true" cyclomaticComplexity="0" nPathComplexity="0" sequenceCoverage="100.0" branchCoverage="0" crapScore="0" isConstructor="false" isStatic="false" isGetter="false" isSetter="false">
              <Summary numSequencePoints="15" visitedSequencePoints="15" numBranchPoints="0" visitedBranchPoints="0" sequenceCoverage="100.0" branchCoverage="0" maxCyclomaticComplexity="0" minCyclomaticComplexity="0" maxCrapScore="0" minCrapScore="0" visitedClasses="0" numClasses="0" visitedMethods="1" numMethods="1" />
              <MetadataToken>100663354</MetadataToken>
              <Name>System.Int32[,] Field::getField()</Name>
              <FileRef uid="6" />
              <SequencePoints>
                <SequencePoint vc="2" uspid="1103" ordinal="0" offset="0" sl="390" sc="4" el="390" ec="4" bec="0" bev="0" fileid="6" />
                <SequencePoint vc="2" uspid="1104" ordinal="0" offset="1" sl="391" sc="7" el="391" ec="7" bec="0" bev="0" fileid="6" />
                <SequencePoint vc="2" uspid="1105" ordinal="0" offset="19" sl="392" sc="12" el="392" ec="12" bec="0" bev="0" fileid="6" />
                <SequencePoint vc="8" uspid="1106" ordinal="0" offset="23" sl="393" sc="7" el="393" ec="7" bec="0" bev="0" fileid="6" />
                <SequencePoint vc="8" uspid="1107" ordinal="0" offset="24" sl="394" sc="15" el="394" ec="15" bec="0" bev="0" fileid="6" />
                <SequencePoint vc="32" uspid="1108" ordinal="0" offset="28" sl="395" sc="10" el="395" ec="10" bec="0" bev="0" fileid="6" />
                <SequencePoint vc="32" uspid="1109" ordinal="0" offset="29" sl="396" sc="13" el="396" ec="13" bec="0" bev="0" fileid="6" />
                <SequencePoint vc="32" uspid="1110" ordinal="0" offset="55" sl="397" sc="10" el="397" ec="10" bec="0" bev="0" fileid="6" />
                <SequencePoint vc="32" uspid="1111" ordinal="0" offset="56" sl="394" sc="41" el="394" ec="41" bec="0" bev="0" fileid="6" />
                <SequencePoint vc="40" uspid="1112" ordinal="0" offset="60" sl="394" sc="26" el="394" ec="26" bec="0" bev="0" fileid="6" />
                <SequencePoint vc="8" uspid="1113" ordinal="0" offset="73" sl="398" sc="7" el="398" ec="7" bec="0" bev="0" fileid="6" />
                <SequencePoint vc="8" uspid="1114" ordinal="0" offset="74" sl="392" sc="38" el="392" ec="38" bec="0" bev="0" fileid="6" />
                <SequencePoint vc="10" uspid="1115" ordinal="0" offset="78" sl="392" sc="23" el="392" ec="23" bec="0" bev="0" fileid="6" />
                <SequencePoint vc="2" uspid="1116" ordinal="0" offset="93" sl="399" sc="7" el="399" ec="7" bec="0" bev="0" fileid="6" />
                <SequencePoint vc="2" uspid="1117" ordinal="0" offset="98" sl="400" sc="4" el="400" ec="4" bec="0" bev="0" fileid="6" />
              </SequencePoints>
              <BranchPoints />
            </Method>
            <Method visited="true" cyclomaticComplexity="0" nPathComplexity="0" sequenceCoverage="100.0" branchCoverage="0" crapScore="0" isConstructor="false" isStatic="false" isGetter="false" isSetter="false">
              <Summary numSequencePoints="14" visitedSequencePoints="14" numBranchPoints="0" visitedBranchPoints="0" sequenceCoverage="100.0" branchCoverage="0" maxCyclomaticComplexity="0" minCyclomaticComplexity="0" maxCrapScore="0" minCrapScore="0" visitedClasses="0" numClasses="0" visitedMethods="1" numMethods="1" />
              <MetadataToken>100663355</MetadataToken>
              <Name>System.Void Field::setField(System.Int32[,])</Name>
              <FileRef uid="6" />
              <SequencePoints>
                <SequencePoint vc="2" uspid="1118" ordinal="0" offset="0" sl="403" sc="4" el="403" ec="4" bec="0" bev="0" fileid="6" />
                <SequencePoint vc="2" uspid="1119" ordinal="0" offset="1" sl="404" sc="12" el="404" ec="12" bec="0" bev="0" fileid="6" />
                <SequencePoint vc="8" uspid="1120" ordinal="0" offset="5" sl="405" sc="7" el="405" ec="7" bec="0" bev="0" fileid="6" />
                <SequencePoint vc="8" uspid="1121" ordinal="0" offset="6" sl="406" sc="15" el="406" ec="15" bec="0" bev="0" fileid="6" />
                <SequencePoint vc="32" uspid="1122" ordinal="0" offset="10" sl="407" sc="10" el="407" ec="10" bec="0" bev="0" fileid="6" />
                <SequencePoint vc="32" uspid="1123" ordinal="0" offset="11" sl="408" sc="13" el="408" ec="13" bec="0" bev="0" fileid="6" />
                <SequencePoint vc="32" uspid="1124" ordinal="0" offset="46" sl="409" sc="13" el="409" ec="13" bec="0" bev="0" fileid="6" />
                <SequencePoint vc="32" uspid="1125" ordinal="0" offset="66" sl="410" sc="10" el="410" ec="10" bec="0" bev="0" fileid="6" />
                <SequencePoint vc="32" uspid="1126" ordinal="0" offset="67" sl="406" sc="41" el="406" ec="41" bec="0" bev="0" fileid="6" />
                <SequencePoint vc="40" uspid="1127" ordinal="0" offset="71" sl="406" sc="26" el="406" ec="26" bec="0" bev="0" fileid="6" />
                <SequencePoint vc="8" uspid="1128" ordinal="0" offset="84" sl="411" sc="7" el="411" ec="7" bec="0" bev="0" fileid="6" />
                <SequencePoint vc="8" uspid="1129" ordinal="0" offset="85" sl="404" sc="38" el="404" ec="38" bec="0" bev="0" fileid="6" />
                <SequencePoint vc="10" uspid="1130" ordinal="0" offset="89" sl="404" sc="23" el="404" ec="23" bec="0" bev="0" fileid="6" />
                <SequencePoint vc="2" uspid="1131" ordinal="0" offset="104" sl="412" sc="4" el="412" ec="4" bec="0" bev="0" fileid="6" />
              </SequencePoints>
              <BranchPoints />
            </Method>
            <Method visited="true" cyclomaticComplexity="0" nPathComplexity="0" sequenceCoverage="100.0" branchCoverage="0" crapScore="0" isConstructor="true" isStatic="false" isGetter="false" isSetter="false">
              <Summary numSequencePoints="1" visitedSequencePoints="1" numBranchPoints="0" visitedBranchPoints="0" sequenceCoverage="100.0" branchCoverage="0" maxCyclomaticComplexity="0" minCyclomaticComplexity="0" maxCrapScore="0" minCrapScore="0" visitedClasses="0" numClasses="0" visitedMethods="1" numMethods="1" />
              <MetadataToken>100663356</MetadataToken>
              <Name>Field::Field()</Name>
              <FileRef uid="6" />
              <SequencePoints>
                <SequencePoint vc="4" uspid="1132" ordinal="0" offset="0" sl="30" sc="4" el="30" ec="4" bec="0" bev="0" fileid="6" />
              </SequencePoints>
              <BranchPoints />
            </Method>
          </Methods>
        </Class>
      </Classes>
    </Module>
  </Modules>
</CoverageSession>